[0.658s] Invoking command in '/home/kaibuchisoma/robocon_ws/build/robocon2023_b_dash': CMAKE_PREFIX_PATH=${CMAKE_PREFIX_PATH}:/home/kaibuchisoma/robocon_ws/install/fruit_detection:/opt/ros/humble /usr/bin/cmake /home/kaibuchisoma/robocon_ws/src/robocon2023_b_dash -DCMAKE_INSTALL_PREFIX=/home/kaibuchisoma/robocon_ws/install/robocon2023_b_dash
[0.716s] -- The C compiler identification is GNU 11.4.0
[0.804s] -- The CXX compiler identification is GNU 11.4.0
[0.816s] -- Detecting C compiler ABI info
[0.922s] -- Detecting C compiler ABI info - done
[0.936s] -- Check for working C compiler: /usr/bin/cc - skipped
[0.936s] -- Detecting C compile features
[0.937s] -- Detecting C compile features - done
[0.943s] -- Detecting CXX compiler ABI info
[1.088s] -- Detecting CXX compiler ABI info - done
[1.096s] -- Check for working CXX compiler: /usr/bin/c++ - skipped
[1.097s] -- Detecting CXX compile features
[1.097s] -- Detecting CXX compile features - done
[1.108s] -- Found ament_cmake: 1.3.5 (/opt/ros/humble/share/ament_cmake/cmake)
[1.379s] -- Found Python3: /usr/bin/python3.10 (found version "3.10.12") found components: Interpreter 
[1.520s] -- Found rclcpp: 16.0.6 (/opt/ros/humble/share/rclcpp/cmake)
[1.585s] -- Found rosidl_generator_c: 3.1.5 (/opt/ros/humble/share/rosidl_generator_c/cmake)
[1.595s] -- Found rosidl_adapter: 3.1.5 (/opt/ros/humble/share/rosidl_adapter/cmake)
[1.612s] -- Found rosidl_generator_cpp: 3.1.5 (/opt/ros/humble/share/rosidl_generator_cpp/cmake)
[1.633s] -- Using all available rosidl_typesupport_c: rosidl_typesupport_fastrtps_c;rosidl_typesupport_introspection_c
[1.659s] -- Using all available rosidl_typesupport_cpp: rosidl_typesupport_fastrtps_cpp;rosidl_typesupport_introspection_cpp
[1.750s] -- Found rmw_implementation_cmake: 6.1.1 (/opt/ros/humble/share/rmw_implementation_cmake/cmake)
[1.754s] -- Found rmw_fastrtps_cpp: 6.2.4 (/opt/ros/humble/share/rmw_fastrtps_cpp/cmake)
[1.887s] -- Found OpenSSL: /usr/lib/x86_64-linux-gnu/libcrypto.so (found version "3.0.2")  
[1.926s] -- Found FastRTPS: /opt/ros/humble/include  
[2.005s] -- Using RMW implementation 'rmw_fastrtps_cpp' as default
[2.022s] -- Looking for pthread.h
[2.144s] -- Looking for pthread.h - found
[2.145s] -- Performing Test CMAKE_HAVE_LIBC_PTHREAD
[2.266s] -- Performing Test CMAKE_HAVE_LIBC_PTHREAD - Success
[2.267s] -- Found Threads: TRUE  
[2.568s] -- Found sensor_msgs: 4.2.3 (/opt/ros/humble/share/sensor_msgs/cmake)
[2.780s] -- Found ament_lint_auto: 0.12.8 (/opt/ros/humble/share/ament_lint_auto/cmake)
[2.901s] -- Added test 'copyright' to check source files copyright and LICENSE
[2.943s] -- Added test 'cppcheck' to perform static code analysis on C / C++ code
[2.944s] -- Configured cppcheck include dirs: 
[2.944s] -- Configured cppcheck exclude dirs and/or files: 
[2.984s] -- Added test 'cpplint' to check C / C++ code against the Google style
[2.984s] -- Configured cpplint exclude dirs and/or files: 
[2.988s] -- Added test 'flake8' to check Python code syntax and style conventions
[2.998s] -- Added test 'lint_cmake' to check CMake code style
[3.003s] -- Added test 'pep257' to check Python code against some of the docstring style conventions in PEP 257
[3.041s] -- Added test 'uncrustify' to check C / C++ code style
[3.042s] -- Configured uncrustify additional arguments: 
[3.047s] -- Added test 'xmllint' to check XML markup files
[3.050s] -- Configuring done
[3.133s] -- Generating done
[3.138s] -- Build files have been written to: /home/kaibuchisoma/robocon_ws/build/robocon2023_b_dash
[3.341s] Invoked command in '/home/kaibuchisoma/robocon_ws/build/robocon2023_b_dash' returned '0': CMAKE_PREFIX_PATH=${CMAKE_PREFIX_PATH}:/home/kaibuchisoma/robocon_ws/install/fruit_detection:/opt/ros/humble /usr/bin/cmake /home/kaibuchisoma/robocon_ws/src/robocon2023_b_dash -DCMAKE_INSTALL_PREFIX=/home/kaibuchisoma/robocon_ws/install/robocon2023_b_dash
[3.342s] Invoking command in '/home/kaibuchisoma/robocon_ws/build/robocon2023_b_dash': CMAKE_PREFIX_PATH=${CMAKE_PREFIX_PATH}:/home/kaibuchisoma/robocon_ws/install/fruit_detection:/opt/ros/humble /usr/bin/cmake --build /home/kaibuchisoma/robocon_ws/build/robocon2023_b_dash -- -j12 -l12
[3.445s] [35m[1mConsolidate compiler generated dependencies of target Xmove_Controller[0m
[3.445s] [35m[1mConsolidate compiler generated dependencies of target SerialKIMD[0m
[3.446s] [35m[1mConsolidate compiler generated dependencies of target DriveMotion[0m
[3.446s] [35m[1mConsolidate compiler generated dependencies of target Drive_Controller[0m
[3.446s] [35m[1mConsolidate compiler generated dependencies of target WallUpMotion[0m
[3.446s] [35m[1mConsolidate compiler generated dependencies of target Upper_Controller[0m
[3.447s] [35m[1mConsolidate compiler generated dependencies of target Crawl_Controller[0m
[3.447s] [35m[1mConsolidate compiler generated dependencies of target MotionMaster[0m
[3.447s] [35m[1mConsolidate compiler generated dependencies of target KiwiMotion[0m
[3.447s] [35m[1mConsolidate compiler generated dependencies of target Solenoid_Controller[0m
[3.447s] [35m[1mConsolidate compiler generated dependencies of target BeltLiner_Controller[0m
[3.447s] [35m[1mConsolidate compiler generated dependencies of target RopeMotion[0m
[3.447s] [  3%] [32mBuilding CXX object CMakeFiles/Xmove_Controller.dir/src/Xmove_Controller.cpp.o[0m
[3.447s] [  7%] [32mBuilding CXX object CMakeFiles/Upper_Controller.dir/src/Upper_Controller.cpp.o[0m
[3.447s] [ 14%] Built target SerialKIMD
[3.449s] [ 21%] Built target DriveMotion
[3.449s] [ 28%] Built target Drive_Controller
[3.450s] [ 42%] Built target WallUpMotion
[3.451s] [ 42%] Built target Crawl_Controller
[3.451s] [ 50%] Built target Solenoid_Controller
[3.451s] [ 57%] Built target MotionMaster
[3.456s] [ 64%] Built target KiwiMotion
[3.457s] [35m[1mConsolidate compiler generated dependencies of target Transmitter920[0m
[3.458s] [ 71%] Built target BeltLiner_Controller
[3.460s] [35m[1mConsolidate compiler generated dependencies of target Receiver920[0m
[3.461s] [ 78%] Built target RopeMotion
[3.492s] [ 85%] Built target Transmitter920
[3.494s] [ 92%] Built target Receiver920
[5.572s] In file included from [01m[K/home/kaibuchisoma/robocon_ws/src/robocon2023_b_dash/src/Xmove_Controller.hpp:8[m[K,
[5.572s]                  from [01m[K/home/kaibuchisoma/robocon_ws/src/robocon2023_b_dash/src/Xmove_Controller.cpp:2[m[K:
[5.572s] [01m[K/home/kaibuchisoma/robocon_ws/src/robocon2023_b_dash/src/RoboconMsg/ABU2023_GenericOutput_Header.h:14:16:[m[K [01;35m[Kwarning: [m[KISO C++ prohibits anonymous structs [[01;35m[K]8;;https://gcc.gnu.org/onlinedocs/gcc/Warning-Options.html#index-Wpedantic-Wpedantic]8;;[m[K]
[5.572s]    14 |         struct [01;35m[K{[m[K
[5.573s]       |                [01;35m[K^[m[K
[5.622s] In file included from [01m[K/home/kaibuchisoma/robocon_ws/src/robocon2023_b_dash/src/Upper_Controller.hpp:8[m[K,
[5.622s]                  from [01m[K/home/kaibuchisoma/robocon_ws/src/robocon2023_b_dash/src/Upper_Controller.cpp:2[m[K:
[5.622s] [01m[K/home/kaibuchisoma/robocon_ws/src/robocon2023_b_dash/src/RoboconMsg/ABU2023_GenericOutput_Header.h:14:16:[m[K [01;35m[Kwarning: [m[KISO C++ prohibits anonymous structs [[01;35m[K]8;;https://gcc.gnu.org/onlinedocs/gcc/Warning-Options.html#index-Wpedantic-Wpedantic]8;;[m[K]
[5.622s]    14 |         struct [01;35m[K{[m[K
[5.622s]       |                [01;35m[K^[m[K
[5.668s] [01m[K/home/kaibuchisoma/robocon_ws/src/robocon2023_b_dash/src/Xmove_Controller.cpp:[m[K In member function ‚Äò[01m[Kvoid Xmove_Controller_Node::Joy_Callback(sensor_msgs::msg::Joy_<std::allocator<void> >::SharedPtr)[m[K‚Äô:
[5.668s] [01m[K/home/kaibuchisoma/robocon_ws/src/robocon2023_b_dash/src/Xmove_Controller.cpp:33:15:[m[K [01;31m[Kerror: [m[K‚Äò[01m[Kclass Xmove_Controller_Node[m[K‚Äô has no member named ‚Äò[01m[Kbutton_state[m[K‚Äô
[5.668s]    33 |         this->[01;31m[Kbutton_state[m[K |= 0b0001 << 5;
[5.668s]       |               [01;31m[K^~~~~~~~~~~~[m[K
[5.668s] [01m[K/home/kaibuchisoma/robocon_ws/src/robocon2023_b_dash/src/Xmove_Controller.cpp:35:15:[m[K [01;31m[Kerror: [m[K‚Äò[01m[Kclass Xmove_Controller_Node[m[K‚Äô has no member named ‚Äò[01m[Kbutton_state[m[K‚Äô
[5.668s]    35 |         this->[01;31m[Kbutton_state[m[K &= ~(0b0001 << 5);
[5.669s]       |               [01;31m[K^~~~~~~~~~~~[m[K
[5.670s] [01m[K/home/kaibuchisoma/robocon_ws/src/robocon2023_b_dash/src/Xmove_Controller.cpp:[m[K In member function ‚Äò[01m[Kvoid Xmove_Controller_Node::ImageRecognition_Callback(std_msgs::msg::Int16MultiArray_<std::allocator<void> >::SharedPtr)[m[K‚Äô:
[5.670s] [01m[K/home/kaibuchisoma/robocon_ws/src/robocon2023_b_dash/src/Xmove_Controller.cpp:45:15:[m[K [01;31m[Kerror: [m[K‚Äò[01m[Kclass Xmove_Controller_Node[m[K‚Äô has no member named ‚Äò[01m[Kbutton_state[m[K‚Äô
[5.670s]    45 |     if (this->[01;31m[Kbutton_state[m[K >> 5 != 1)
[5.670s]       |               [01;31m[K^~~~~~~~~~~~[m[K
[5.728s] [01m[K/home/kaibuchisoma/robocon_ws/src/robocon2023_b_dash/src/Upper_Controller.cpp:[m[K In member function ‚Äò[01m[Kvoid Upper_Controller_Node::ImageRecognition_Callback(std_msgs::msg::Int16MultiArray_<std::allocator<void> >::SharedPtr)[m[K‚Äô:
[5.728s] [01m[K/home/kaibuchisoma/robocon_ws/src/robocon2023_b_dash/src/Upper_Controller.cpp:72:5:[m[K [01;31m[Kerror: [m[K‚Äò[01m[Kend_collection[m[K‚Äô was not declared in this scope
[5.728s]    72 |     [01;31m[Kend_collection[m[K = clock();
[5.728s]       |     [01;31m[K^~~~~~~~~~~~~~[m[K
[5.735s] [01m[K/home/kaibuchisoma/robocon_ws/src/robocon2023_b_dash/src/Upper_Controller.cpp:76:39:[m[K [01;31m[Kerror: [m[K‚Äò[01m[Kstart_collection[m[K‚Äô was not declared in this scope
[5.735s]    76 |         if ((double)(end_collection - [01;31m[Kstart_collection[m[K) / CLOCKS_PER_SEC > 0.3){ // Êö¥Ëµ∞Èò≤Ê≠¢ Â§ß‰Ωì*10„Åó„ÅüÂÄ§
[5.735s]       |                                       [01;31m[K^~~~~~~~~~~~~~~~[m[K
[5.742s] [01m[K/home/kaibuchisoma/robocon_ws/src/robocon2023_b_dash/src/Upper_Controller.cpp:82:17:[m[K [01;31m[Kerror: [m[K‚Äò[01m[Kstart_elevating[m[K‚Äô was not declared in this scope
[5.742s]    82 |                 [01;31m[Kstart_elevating[m[K = clock();
[5.742s]       |                 [01;31m[K^~~~~~~~~~~~~~~[m[K
[5.749s] [01m[K/home/kaibuchisoma/robocon_ws/src/robocon2023_b_dash/src/Upper_Controller.cpp:89:17:[m[K [01;31m[Kerror: [m[K‚Äò[01m[Kstart_elevating[m[K‚Äô was not declared in this scope
[5.749s]    89 |                 [01;31m[Kstart_elevating[m[K = clock();
[5.749s]       |                 [01;31m[K^~~~~~~~~~~~~~~[m[K
[5.755s] [01m[K/home/kaibuchisoma/robocon_ws/src/robocon2023_b_dash/src/Upper_Controller.cpp:96:17:[m[K [01;31m[Kerror: [m[K‚Äò[01m[Kstart_elevating[m[K‚Äô was not declared in this scope
[5.756s]    96 |                 [01;31m[Kstart_elevating[m[K = clock();
[5.756s]       |                 [01;31m[K^~~~~~~~~~~~~~~[m[K
[5.761s] [01m[K/home/kaibuchisoma/robocon_ws/src/robocon2023_b_dash/src/Upper_Controller.cpp:[m[K In member function ‚Äò[01m[Kvoid Upper_Controller_Node::timer_callback()[m[K‚Äô:
[5.761s] [01m[K/home/kaibuchisoma/robocon_ws/src/robocon2023_b_dash/src/Upper_Controller.cpp:113:5:[m[K [01;31m[Kerror: [m[K‚Äò[01m[Kend_elevating[m[K‚Äô was not declared in this scope
[5.761s]   113 |     [01;31m[Kend_elevating[m[K = clock();
[5.762s]       |     [01;31m[K^~~~~~~~~~~~~[m[K
[5.767s] [01m[K/home/kaibuchisoma/robocon_ws/src/robocon2023_b_dash/src/Upper_Controller.cpp:114:34:[m[K [01;31m[Kerror: [m[K‚Äò[01m[Kstart_elevating[m[K‚Äô was not declared in this scope
[5.768s]   114 |     if ((double)(end_elevating - [01;31m[Kstart_elevating[m[K) / CLOCKS_PER_SEC > 0.4){ // Êö¥Ëµ∞Èò≤Ê≠¢ Â§ß‰Ωì*10„Åó„ÅüÂÄ§
[5.768s]       |                                  [01;31m[K^~~~~~~~~~~~~~~[m[K
[8.426s] gmake[2]: *** [CMakeFiles/Upper_Controller.dir/build.make:76: CMakeFiles/Upper_Controller.dir/src/Upper_Controller.cpp.o] „Ç®„É©„Éº 1
[8.426s] gmake[1]: *** [CMakeFiles/Makefile2:267: CMakeFiles/Upper_Controller.dir/all] „Ç®„É©„Éº 2
[8.427s] gmake[1]: *** Êú™ÂÆå‰∫Ü„ÅÆ„Ç∏„Éß„Éñ„ÇíÂæÖ„Å£„Å¶„ÅÑ„Åæ„Åô....
[8.832s] gmake[2]: *** [CMakeFiles/Xmove_Controller.dir/build.make:76: CMakeFiles/Xmove_Controller.dir/src/Xmove_Controller.cpp.o] „Ç®„É©„Éº 1
[8.832s] gmake[1]: *** [CMakeFiles/Makefile2:189: CMakeFiles/Xmove_Controller.dir/all] „Ç®„É©„Éº 2
[8.832s] gmake: *** [Makefile:146: all] „Ç®„É©„Éº 2
[8.834s] Invoked command in '/home/kaibuchisoma/robocon_ws/build/robocon2023_b_dash' returned '2': CMAKE_PREFIX_PATH=${CMAKE_PREFIX_PATH}:/home/kaibuchisoma/robocon_ws/install/fruit_detection:/opt/ros/humble /usr/bin/cmake --build /home/kaibuchisoma/robocon_ws/build/robocon2023_b_dash -- -j12 -l12
