Performing C SOURCE FILE Test CMAKE_HAVE_LIBC_PTHREAD failed with the following output:
Change Dir: /home/ros-industrial/robocon_ws/build/robocon2023_b_dash/CMakeFiles/CMakeTmp

Run Build Command(s):/usr/bin/make cmTC_d7631/fast && make[1]: Entering directory '/home/ros-industrial/robocon_ws/build/robocon2023_b_dash/CMakeFiles/CMakeTmp'
/usr/bin/make -f CMakeFiles/cmTC_d7631.dir/build.make CMakeFiles/cmTC_d7631.dir/build
make[2]: Entering directory '/home/ros-industrial/robocon_ws/build/robocon2023_b_dash/CMakeFiles/CMakeTmp'
Building C object CMakeFiles/cmTC_d7631.dir/src.c.o
/usr/bin/cc   -DCMAKE_HAVE_LIBC_PTHREAD   -o CMakeFiles/cmTC_d7631.dir/src.c.o   -c /home/ros-industrial/robocon_ws/build/robocon2023_b_dash/CMakeFiles/CMakeTmp/src.c
Linking C executable cmTC_d7631
/usr/bin/cmake -E cmake_link_script CMakeFiles/cmTC_d7631.dir/link.txt --verbose=1
/usr/bin/cc  -DCMAKE_HAVE_LIBC_PTHREAD    CMakeFiles/cmTC_d7631.dir/src.c.o  -o cmTC_d7631 
/usr/bin/ld: CMakeFiles/cmTC_d7631.dir/src.c.o: in function `main':
src.c:(.text+0x46): undefined reference to `pthread_create'
/usr/bin/ld: src.c:(.text+0x52): undefined reference to `pthread_detach'
/usr/bin/ld: src.c:(.text+0x63): undefined reference to `pthread_join'
collect2: error: ld returned 1 exit status
make[2]: *** [CMakeFiles/cmTC_d7631.dir/build.make:87: cmTC_d7631] Error 1
make[2]: Leaving directory '/home/ros-industrial/robocon_ws/build/robocon2023_b_dash/CMakeFiles/CMakeTmp'
make[1]: *** [Makefile:121: cmTC_d7631/fast] Error 2
make[1]: Leaving directory '/home/ros-industrial/robocon_ws/build/robocon2023_b_dash/CMakeFiles/CMakeTmp'


Source file was:
#include <pthread.h>

void* test_func(void* data)
{
  return data;
}

int main(void)
{
  pthread_t thread;
  pthread_create(&thread, NULL, test_func, NULL);
  pthread_detach(thread);
  pthread_join(thread, NULL);
  pthread_atfork(NULL, NULL, NULL);
  pthread_exit(NULL);

  return 0;
}

Determining if the function pthread_create exists in the pthreads failed with the following output:
Change Dir: /home/ros-industrial/robocon_ws/build/robocon2023_b_dash/CMakeFiles/CMakeTmp

Run Build Command(s):/usr/bin/make cmTC_60b70/fast && make[1]: Entering directory '/home/ros-industrial/robocon_ws/build/robocon2023_b_dash/CMakeFiles/CMakeTmp'
/usr/bin/make -f CMakeFiles/cmTC_60b70.dir/build.make CMakeFiles/cmTC_60b70.dir/build
make[2]: Entering directory '/home/ros-industrial/robocon_ws/build/robocon2023_b_dash/CMakeFiles/CMakeTmp'
Building C object CMakeFiles/cmTC_60b70.dir/CheckFunctionExists.c.o
/usr/bin/cc   -DCHECK_FUNCTION_EXISTS=pthread_create   -o CMakeFiles/cmTC_60b70.dir/CheckFunctionExists.c.o   -c /usr/share/cmake-3.16/Modules/CheckFunctionExists.c
Linking C executable cmTC_60b70
/usr/bin/cmake -E cmake_link_script CMakeFiles/cmTC_60b70.dir/link.txt --verbose=1
/usr/bin/cc  -DCHECK_FUNCTION_EXISTS=pthread_create    CMakeFiles/cmTC_60b70.dir/CheckFunctionExists.c.o  -o cmTC_60b70  -lpthreads 
/usr/bin/ld: cannot find -lpthreads
collect2: error: ld returned 1 exit status
make[2]: *** [CMakeFiles/cmTC_60b70.dir/build.make:87: cmTC_60b70] Error 1
make[2]: Leaving directory '/home/ros-industrial/robocon_ws/build/robocon2023_b_dash/CMakeFiles/CMakeTmp'
make[1]: *** [Makefile:121: cmTC_60b70/fast] Error 2
make[1]: Leaving directory '/home/ros-industrial/robocon_ws/build/robocon2023_b_dash/CMakeFiles/CMakeTmp'



Performing C SOURCE FILE Test CMAKE_HAVE_LIBC_PTHREAD failed with the following output:
Change Dir: /home/ros-industrial/robocon_ws/build/robocon2023_b_dash/CMakeFiles/CMakeTmp

Run Build Command(s):/usr/bin/make cmTC_e653c/fast && /usr/bin/make -f CMakeFiles/cmTC_e653c.dir/build.make CMakeFiles/cmTC_e653c.dir/build
make[1]: Entering directory '/home/ros-industrial/robocon_ws/build/robocon2023_b_dash/CMakeFiles/CMakeTmp'
Building C object CMakeFiles/cmTC_e653c.dir/src.c.o
/usr/bin/cc   -DCMAKE_HAVE_LIBC_PTHREAD   -o CMakeFiles/cmTC_e653c.dir/src.c.o   -c /home/ros-industrial/robocon_ws/build/robocon2023_b_dash/CMakeFiles/CMakeTmp/src.c
Linking C executable cmTC_e653c
/usr/bin/cmake -E cmake_link_script CMakeFiles/cmTC_e653c.dir/link.txt --verbose=1
/usr/bin/cc  -DCMAKE_HAVE_LIBC_PTHREAD    CMakeFiles/cmTC_e653c.dir/src.c.o  -o cmTC_e653c 
/usr/bin/ld: CMakeFiles/cmTC_e653c.dir/src.c.o: in function `main':
src.c:(.text+0x46): undefined reference to `pthread_create'
/usr/bin/ld: src.c:(.text+0x52): undefined reference to `pthread_detach'
/usr/bin/ld: src.c:(.text+0x63): undefined reference to `pthread_join'
collect2: error: ld returned 1 exit status
make[1]: *** [CMakeFiles/cmTC_e653c.dir/build.make:87: cmTC_e653c] Error 1
make[1]: Leaving directory '/home/ros-industrial/robocon_ws/build/robocon2023_b_dash/CMakeFiles/CMakeTmp'
make: *** [Makefile:121: cmTC_e653c/fast] Error 2


Source file was:
#include <pthread.h>

void* test_func(void* data)
{
  return data;
}

int main(void)
{
  pthread_t thread;
  pthread_create(&thread, NULL, test_func, NULL);
  pthread_detach(thread);
  pthread_join(thread, NULL);
  pthread_atfork(NULL, NULL, NULL);
  pthread_exit(NULL);

  return 0;
}

Determining if the function pthread_create exists in the pthreads failed with the following output:
Change Dir: /home/ros-industrial/robocon_ws/build/robocon2023_b_dash/CMakeFiles/CMakeTmp

Run Build Command(s):/usr/bin/make cmTC_19f74/fast && /usr/bin/make -f CMakeFiles/cmTC_19f74.dir/build.make CMakeFiles/cmTC_19f74.dir/build
make[1]: Entering directory '/home/ros-industrial/robocon_ws/build/robocon2023_b_dash/CMakeFiles/CMakeTmp'
Building C object CMakeFiles/cmTC_19f74.dir/CheckFunctionExists.c.o
/usr/bin/cc   -DCHECK_FUNCTION_EXISTS=pthread_create   -o CMakeFiles/cmTC_19f74.dir/CheckFunctionExists.c.o   -c /usr/share/cmake-3.16/Modules/CheckFunctionExists.c
Linking C executable cmTC_19f74
/usr/bin/cmake -E cmake_link_script CMakeFiles/cmTC_19f74.dir/link.txt --verbose=1
/usr/bin/cc  -DCHECK_FUNCTION_EXISTS=pthread_create    CMakeFiles/cmTC_19f74.dir/CheckFunctionExists.c.o  -o cmTC_19f74  -lpthreads 
/usr/bin/ld: cannot find -lpthreads
collect2: error: ld returned 1 exit status
make[1]: *** [CMakeFiles/cmTC_19f74.dir/build.make:87: cmTC_19f74] Error 1
make[1]: Leaving directory '/home/ros-industrial/robocon_ws/build/robocon2023_b_dash/CMakeFiles/CMakeTmp'
make: *** [Makefile:121: cmTC_19f74/fast] Error 2



