-- The C compiler identification is GNU 11.4.0
-- The CXX compiler identification is GNU 11.4.0
-- Detecting C compiler ABI info
-- Detecting C compiler ABI info - done
-- Check for working C compiler: /usr/bin/cc - skipped
-- Detecting C compile features
-- Detecting C compile features - done
-- Detecting CXX compiler ABI info
-- Detecting CXX compiler ABI info - done
-- Check for working CXX compiler: /usr/bin/c++ - skipped
-- Detecting CXX compile features
-- Detecting CXX compile features - done
-- Found ament_cmake: 1.3.5 (/opt/ros/humble/share/ament_cmake/cmake)
-- Found Python3: /usr/bin/python3.10 (found version "3.10.12") found components: Interpreter 
-- Found rclcpp: 16.0.6 (/opt/ros/humble/share/rclcpp/cmake)
-- Found rosidl_generator_c: 3.1.5 (/opt/ros/humble/share/rosidl_generator_c/cmake)
-- Found rosidl_adapter: 3.1.5 (/opt/ros/humble/share/rosidl_adapter/cmake)
-- Found rosidl_generator_cpp: 3.1.5 (/opt/ros/humble/share/rosidl_generator_cpp/cmake)
-- Using all available rosidl_typesupport_c: rosidl_typesupport_fastrtps_c;rosidl_typesupport_introspection_c
-- Using all available rosidl_typesupport_cpp: rosidl_typesupport_fastrtps_cpp;rosidl_typesupport_introspection_cpp
-- Found rmw_implementation_cmake: 6.1.1 (/opt/ros/humble/share/rmw_implementation_cmake/cmake)
-- Found rmw_fastrtps_cpp: 6.2.4 (/opt/ros/humble/share/rmw_fastrtps_cpp/cmake)
-- Found OpenSSL: /usr/lib/x86_64-linux-gnu/libcrypto.so (found version "3.0.2")  
-- Found FastRTPS: /opt/ros/humble/include  
-- Using RMW implementation 'rmw_fastrtps_cpp' as default
-- Looking for pthread.h
-- Looking for pthread.h - found
-- Performing Test CMAKE_HAVE_LIBC_PTHREAD
-- Performing Test CMAKE_HAVE_LIBC_PTHREAD - Success
-- Found Threads: TRUE  
-- Found sensor_msgs: 4.2.3 (/opt/ros/humble/share/sensor_msgs/cmake)
-- Found ament_lint_auto: 0.12.8 (/opt/ros/humble/share/ament_lint_auto/cmake)
-- Added test 'copyright' to check source files copyright and LICENSE
-- Added test 'cppcheck' to perform static code analysis on C / C++ code
-- Configured cppcheck include dirs: 
-- Configured cppcheck exclude dirs and/or files: 
-- Added test 'cpplint' to check C / C++ code against the Google style
-- Configured cpplint exclude dirs and/or files: 
-- Added test 'flake8' to check Python code syntax and style conventions
-- Added test 'lint_cmake' to check CMake code style
-- Added test 'pep257' to check Python code against some of the docstring style conventions in PEP 257
-- Added test 'uncrustify' to check C / C++ code style
-- Configured uncrustify additional arguments: 
-- Added test 'xmllint' to check XML markup files
-- Configuring done
-- Generating done
-- Build files have been written to: /home/kaibuchisoma/robocon_ws/build/robocon2023_b_dash
[35m[1mConsolidate compiler generated dependencies of target Drive_Controller[0m
[35m[1mConsolidate compiler generated dependencies of target Xmove_Controller[0m
[35m[1mConsolidate compiler generated dependencies of target SerialKIMD[0m
[35m[1mConsolidate compiler generated dependencies of target DriveMotion[0m
[35m[1mConsolidate compiler generated dependencies of target Crawl_Controller[0m
[35m[1mConsolidate compiler generated dependencies of target Solenoid_Controller[0m
[35m[1mConsolidate compiler generated dependencies of target BeltLiner_Controller[0m
[35m[1mConsolidate compiler generated dependencies of target Upper_Controller[0m
[35m[1mConsolidate compiler generated dependencies of target RopeMotion[0m
[35m[1mConsolidate compiler generated dependencies of target receiver[0m
[  4%] [32mBuilding CXX object CMakeFiles/DriveMotion.dir/src/Drive_Motion.cpp.o[0m
[  9%] [32mBuilding CXX object CMakeFiles/Drive_Controller.dir/src/Drive_Controller.cpp.o[0m
[35m[1mConsolidate compiler generated dependencies of target WallUpMotion[0m
[ 13%] [32mBuilding CXX object CMakeFiles/Upper_Controller.dir/src/Upper_Controller.cpp.o[0m
[ 18%] [32mBuilding CXX object CMakeFiles/Xmove_Controller.dir/src/Xmove_Controller.cpp.o[0m
[ 27%] Built target Solenoid_Controller
[ 36%] [32mBuilding CXX object CMakeFiles/SerialKIMD.dir/src/SerialKIMD.cpp.o[0m
[ 40%] Built target Crawl_Controller
[ 50%] Built target BeltLiner_Controller
[ 68%] Built target RopeMotion
[ 68%] Built target WallUpMotion
[ 77%] Built target receiver
In file included from [01m[K/home/kaibuchisoma/robocon_ws/src/robocon2023_b_dash/src/Xmove_Controller.hpp:8[m[K,
                 from [01m[K/home/kaibuchisoma/robocon_ws/src/robocon2023_b_dash/src/Xmove_Controller.cpp:2[m[K:
[01m[K/home/kaibuchisoma/robocon_ws/src/robocon2023_b_dash/src/RoboconMsg/ABU2023_GenericOutput_Header.h:14:16:[m[K [01;35m[Kwarning: [m[KISO C++ prohibits anonymous structs [[01;35m[K]8;;https://gcc.gnu.org/onlinedocs/gcc/Warning-Options.html#index-Wpedantic-Wpedantic]8;;[m[K]
   14 |         struct [01;35m[K{[m[K
      |                [01;35m[K^[m[K
In file included from [01m[K/home/kaibuchisoma/robocon_ws/src/robocon2023_b_dash/src/Drive_Motion.hpp:7[m[K,
                 from [01m[K/home/kaibuchisoma/robocon_ws/src/robocon2023_b_dash/src/Drive_Motion.cpp:2[m[K:
[01m[K/home/kaibuchisoma/robocon_ws/src/robocon2023_b_dash/src/RoboconMsg/ABU2023_GenericOutput_Header.h:14:16:[m[K [01;35m[Kwarning: [m[KISO C++ prohibits anonymous structs [[01;35m[K]8;;https://gcc.gnu.org/onlinedocs/gcc/Warning-Options.html#index-Wpedantic-Wpedantic]8;;[m[K]
   14 |         struct [01;35m[K{[m[K
      |                [01;35m[K^[m[K
[01m[K/home/kaibuchisoma/robocon_ws/src/robocon2023_b_dash/src/Drive_Motion.cpp:[m[K In constructor â€˜[01m[KDriveMotion_Node::DriveMotion_Node()[m[Kâ€™:
[01m[K/home/kaibuchisoma/robocon_ws/src/robocon2023_b_dash/src/Drive_Motion.cpp:22:1:[m[K [01;31m[Kerror: [m[Kversion control conflict marker in file
   22 | [01;31m[K<<<<<<<[m[K HEAD
      | [01;31m[K^~~~~~~[m[K
[01m[K/home/kaibuchisoma/robocon_ws/src/robocon2023_b_dash/src/Drive_Motion.cpp:27:1:[m[K [01;31m[Kerror: [m[Kversion control conflict marker in file
   27 | [01;31m[K=======[m[K
      | [01;31m[K^~~~~~~[m[K
[01m[K/home/kaibuchisoma/robocon_ws/src/robocon2023_b_dash/src/Drive_Motion.cpp:30:1:[m[K [01;31m[Kerror: [m[Kversion control conflict marker in file
   30 | [01;31m[K>>>>>>>[m[K origin/master
      | [01;31m[K^~~~~~~[m[K
[01m[K/home/kaibuchisoma/robocon_ws/src/robocon2023_b_dash/src/Drive_Motion.cpp:[m[K In member function â€˜[01m[Kvoid DriveMotion_Node::timer_callback()[m[Kâ€™:
[01m[K/home/kaibuchisoma/robocon_ws/src/robocon2023_b_dash/src/Drive_Motion.cpp:45:1:[m[K [01;31m[Kerror: [m[Kversion control conflict marker in file
   45 | [01;31m[K<<<<<<<[m[K HEAD
      | [01;31m[K^~~~~~~[m[K
[01m[K/home/kaibuchisoma/robocon_ws/src/robocon2023_b_dash/src/Drive_Motion.cpp:48:1:[m[K [01;31m[Kerror: [m[Kversion control conflict marker in file
   48 | [01;31m[K=======[m[K
      | [01;31m[K^~~~~~~[m[K
[01m[K/home/kaibuchisoma/robocon_ws/src/robocon2023_b_dash/src/Drive_Motion.cpp:51:1:[m[K [01;31m[Kerror: [m[Kversion control conflict marker in file
   51 | [01;31m[K>>>>>>>[m[K origin/master
      | [01;31m[K^~~~~~~[m[K
[01m[K/home/kaibuchisoma/robocon_ws/src/robocon2023_b_dash/src/Drive_Motion.cpp:53:5:[m[K [01;31m[Kerror: [m[Kâ€˜[01m[Kpub_msg[m[Kâ€™ was not declared in this scope
   53 |     [01;31m[Kpub_msg[m[K.data.resize(16 + 1);
      |     [01;31m[K^~~~~~~[m[K
In file included from [01m[K/home/kaibuchisoma/robocon_ws/src/robocon2023_b_dash/src/Drive_Controller.hpp:6[m[K,
                 from [01m[K/home/kaibuchisoma/robocon_ws/src/robocon2023_b_dash/src/Drive_Controller.cpp:2[m[K:
[01m[K/home/kaibuchisoma/robocon_ws/src/robocon2023_b_dash/src/RoboconMsg/ABU2023_GenericOutput_Header.h:14:16:[m[K [01;35m[Kwarning: [m[KISO C++ prohibits anonymous structs [[01;35m[K]8;;https://gcc.gnu.org/onlinedocs/gcc/Warning-Options.html#index-Wpedantic-Wpedantic]8;;[m[K]
   14 |         struct [01;35m[K{[m[K
      |                [01;35m[K^[m[K
[01m[K/home/kaibuchisoma/robocon_ws/src/robocon2023_b_dash/src/Xmove_Controller.cpp:[m[K In member function â€˜[01m[Kvoid Xmove_Controller_Node::Joy_Callback(sensor_msgs::msg::Joy_<std::allocator<void> >::SharedPtr)[m[Kâ€™:
[01m[K/home/kaibuchisoma/robocon_ws/src/robocon2023_b_dash/src/Xmove_Controller.cpp:29:81:[m[K [01;35m[Kwarning: [m[Kunused parameter â€˜[01m[Kjoy_msg[m[Kâ€™ [[01;35m[K]8;;https://gcc.gnu.org/onlinedocs/gcc/Warning-Options.html#index-Wunused-parameter-Wunused-parameter]8;;[m[K]
   29 | void Xmove_Controller_Node::Joy_Callback([01;35m[Kconst sensor_msgs::msg::Joy::SharedPtr joy_msg[m[K)
      |                                          [01;35m[K~~~~~~~~~~~~~~~~~~~~~~~~~~~~~~~~~~~~~~~^~~~~~~[m[K
In file included from [01m[K/home/kaibuchisoma/robocon_ws/src/robocon2023_b_dash/src/SerialKIMD.hpp:14[m[K,
                 from [01m[K/home/kaibuchisoma/robocon_ws/src/robocon2023_b_dash/src/SerialKIMD.cpp:2[m[K:
[01m[K/home/kaibuchisoma/robocon_ws/src/robocon2023_b_dash/src/RoboconMsg/ABU2023_GenericOutput_Header.h:14:16:[m[K [01;35m[Kwarning: [m[KISO C++ prohibits anonymous structs [[01;35m[K]8;;https://gcc.gnu.org/onlinedocs/gcc/Warning-Options.html#index-Wpedantic-Wpedantic]8;;[m[K]
   14 |         struct [01;35m[K{[m[K
      |                [01;35m[K^[m[K
In file included from [01m[K/home/kaibuchisoma/robocon_ws/src/robocon2023_b_dash/src/SerialKIMD.cpp:2[m[K:
[01m[K/home/kaibuchisoma/robocon_ws/src/robocon2023_b_dash/src/SerialKIMD.hpp:21:1:[m[K [01;31m[Kerror: [m[Kversion control conflict marker in file
   21 | [01;31m[K<<<<<<<[m[K HEAD
      | [01;31m[K^~~~~~~[m[K
In file included from [01m[K/home/kaibuchisoma/robocon_ws/src/robocon2023_b_dash/src/SerialKIMD.cpp:2[m[K:
[01m[K/home/kaibuchisoma/robocon_ws/src/robocon2023_b_dash/src/SerialKIMD.hpp:23:1:[m[K [01;31m[Kerror: [m[Kversion control conflict marker in file
   23 | [01;31m[K=======[m[K
      | [01;31m[K^~~~~~~[m[K
[01m[K/home/kaibuchisoma/robocon_ws/src/robocon2023_b_dash/src/SerialKIMD.hpp:25:1:[m[K [01;31m[Kerror: [m[Kversion control conflict marker in file
   25 | [01;31m[K>>>>>>>[m[K origin/master
      | [01;31m[K^~~~~~~[m[K
[01m[K/home/kaibuchisoma/robocon_ws/src/robocon2023_b_dash/src/SerialKIMD.hpp:33:1:[m[K [01;31m[Kerror: [m[Kversion control conflict marker in file
   33 | [01;31m[K<<<<<<<[m[K HEAD
      | [01;31m[K^~~~~~~[m[K
[01m[K/home/kaibuchisoma/robocon_ws/src/robocon2023_b_dash/src/SerialKIMD.hpp:35:1:[m[K [01;31m[Kerror: [m[Kversion control conflict marker in file
   35 | [01;31m[K=======[m[K
      | [01;31m[K^~~~~~~[m[K
[01m[K/home/kaibuchisoma/robocon_ws/src/robocon2023_b_dash/src/SerialKIMD.cpp:[m[K In constructor â€˜[01m[KSerialKIMD_Node::SerialKIMD_Node()[m[Kâ€™:
[01m[K/home/kaibuchisoma/robocon_ws/src/robocon2023_b_dash/src/SerialKIMD.cpp:6:18:[m[K [01;31m[Kerror: [m[Kâ€˜[01m[Kclass SerialKIMD_Node[m[Kâ€™ has no member named â€˜[01m[Ksend_msg[m[Kâ€™
    6 |     memset(this->[01;31m[Ksend_msg[m[K, 0, sizeof(this->send_msg));
      |                  [01;31m[K^~~~~~~~[m[K
[01m[K/home/kaibuchisoma/robocon_ws/src/robocon2023_b_dash/src/SerialKIMD.cpp:6:44:[m[K [01;31m[Kerror: [m[Kâ€˜[01m[Kclass SerialKIMD_Node[m[Kâ€™ has no member named â€˜[01m[Ksend_msg[m[Kâ€™
    6 |     memset(this->send_msg, 0, sizeof(this->[01;31m[Ksend_msg[m[K));
      |                                            [01;31m[K^~~~~~~~[m[K
[01m[K/home/kaibuchisoma/robocon_ws/src/robocon2023_b_dash/src/SerialKIMD.cpp:9:15:[m[K [01;31m[Kerror: [m[Kâ€˜[01m[Kclass SerialKIMD_Node[m[Kâ€™ has no member named â€˜[01m[Ksend_msg[m[Kâ€™
    9 |         this->[01;31m[Ksend_msg[m[K[i].ID = i;
      |               [01;31m[K^~~~~~~~[m[K
[01m[K/home/kaibuchisoma/robocon_ws/src/robocon2023_b_dash/src/SerialKIMD.cpp:12:11:[m[K [01;31m[Kerror: [m[Kâ€˜[01m[Kclass SerialKIMD_Node[m[Kâ€™ has no member named â€˜[01m[Kmotos_msg_header[m[Kâ€™
   12 |     this->[01;31m[Kmotos_msg_header[m[K.type[0] = 23;
      |           [01;31m[K^~~~~~~~~~~~~~~~[m[K
[01m[K/home/kaibuchisoma/robocon_ws/src/robocon2023_b_dash/src/SerialKIMD.cpp:13:11:[m[K [01;31m[Kerror: [m[Kâ€˜[01m[Kclass SerialKIMD_Node[m[Kâ€™ has no member named â€˜[01m[Kmotos_msg_header[m[Kâ€™
   13 |     this->[01;31m[Kmotos_msg_header[m[K.type[1] = 150;
      |           [01;31m[K^~~~~~~~~~~~~~~~[m[K
[01m[K/home/kaibuchisoma/robocon_ws/src/robocon2023_b_dash/src/SerialKIMD.cpp:14:11:[m[K [01;31m[Kerror: [m[Kâ€˜[01m[Kclass SerialKIMD_Node[m[Kâ€™ has no member named â€˜[01m[Kmotos_msg_header[m[Kâ€™
   14 |     this->[01;31m[Kmotos_msg_header[m[K.ID = 0;
      |           [01;31m[K^~~~~~~~~~~~~~~~[m[K
[01m[K/home/kaibuchisoma/robocon_ws/src/robocon2023_b_dash/src/SerialKIMD.cpp:15:11:[m[K [01;31m[Kerror: [m[Kâ€˜[01m[Kclass SerialKIMD_Node[m[Kâ€™ has no member named â€˜[01m[Kmotos_msg_header[m[Kâ€™
   15 |     this->[01;31m[Kmotos_msg_header[m[K.cmd = 7;
      |           [01;31m[K^~~~~~~~~~~~~~~~[m[K
[01m[K/home/kaibuchisoma/robocon_ws/src/robocon2023_b_dash/src/SerialKIMD.cpp:17:11:[m[K [01;31m[Kerror: [m[Kâ€˜[01m[Kclass SerialKIMD_Node[m[Kâ€™ has no member named â€˜[01m[Ksolenoid_msg[m[Kâ€™
   17 |     this->[01;31m[Ksolenoid_msg[m[K.type[0] = 23;
      |           [01;31m[K^~~~~~~~~~~~[m[K
[01m[K/home/kaibuchisoma/robocon_ws/src/robocon2023_b_dash/src/SerialKIMD.cpp:18:11:[m[K [01;31m[Kerror: [m[Kâ€˜[01m[Kclass SerialKIMD_Node[m[Kâ€™ has no member named â€˜[01m[Ksolenoid_msg[m[Kâ€™
   18 |     this->[01;31m[Ksolenoid_msg[m[K.type[1] = 151;
      |           [01;31m[K^~~~~~~~~~~~[m[K
[01m[K/home/kaibuchisoma/robocon_ws/src/robocon2023_b_dash/src/SerialKIMD.cpp:19:11:[m[K [01;31m[Kerror: [m[Kâ€˜[01m[Kclass SerialKIMD_Node[m[Kâ€™ has no member named â€˜[01m[Ksolenoid_msg[m[Kâ€™
   19 |     this->[01;31m[Ksolenoid_msg[m[K.ID = 0;
      |           [01;31m[K^~~~~~~~~~~~[m[K
[01m[K/home/kaibuchisoma/robocon_ws/src/robocon2023_b_dash/src/SerialKIMD.cpp:20:1:[m[K [01;31m[Kerror: [m[Kversion control conflict marker in file
   20 | [01;31m[K<<<<<<<[m[K HEAD
      | [01;31m[K^~~~~~~[m[K
[01m[K/home/kaibuchisoma/robocon_ws/src/robocon2023_b_dash/src/SerialKIMD.cpp:23:11:[m[K [01;31m[Kerror: [m[Kâ€˜[01m[Kclass SerialKIMD_Node[m[Kâ€™ has no member named â€˜[01m[KBeltSubscription[m[Kâ€™; did you mean â€˜[01m[Kcreate_subscription[m[Kâ€™?
   23 |     this->[01;31m[KBeltSubscription[m[K = this->create_subscription<std_msgs::msg::ByteMultiArray>("BeltOut", rclcpp::QoS(10), std::bind(&SerialKIMD_Node::BeltOut_Callback, this, std::placeholders::_1));
      |           [01;31m[K^~~~~~~~~~~~~~~~[m[K
      |           [32m[Kcreate_subscription[m[K
In file included from [01m[K/home/kaibuchisoma/robocon_ws/src/robocon2023_b_dash/src/Upper_Controller.cpp:2[m[K:
[01m[K/home/kaibuchisoma/robocon_ws/src/robocon2023_b_dash/src/Upper_Controller.hpp:5:1:[m[K [01;31m[Kerror: [m[Kversion control conflict marker in file
    5 | [01;31m[K<<<<<<<[m[K HEAD
      | [01;31m[K^~~~~~~[m[K
In file included from [01m[K/opt/ros/humble/include/std_msgs/std_msgs/msg/int16_multi_array.hpp:8[m[K,
                 from [01m[K/home/kaibuchisoma/robocon_ws/src/robocon2023_b_dash/src/Upper_Controller.hpp:7[m[K,
                 from [01m[K/home/kaibuchisoma/robocon_ws/src/robocon2023_b_dash/src/Upper_Controller.cpp:2[m[K:
[01m[K/opt/ros/humble/include/std_msgs/std_msgs/msg/detail/int16_multi_array__builder.hpp:27:70:[m[K [01;31m[Kerror: [m[Kexpected â€˜[01m[K)[m[Kâ€™ before â€˜[01m[K&[m[Kâ€™ token
   27 |   explicit Init_Int16MultiArray_data[34m[K([m[K::std_msgs::msg::Int16MultiArray[01;31m[K [m[K[32m[K&[m[K msg)
      |                                     [34m[K~[m[K                                [01;31m[K^[m[K[32m[K~[m[K
      |                                                                      [32m[K)[m[K
[01m[K/opt/ros/humble/include/std_msgs/std_msgs/msg/detail/int16_multi_array__builder.hpp:30:20:[m[K [01;31m[Kerror: [m[Kâ€˜[01m[KInt16MultiArray[m[Kâ€™ in namespace â€˜[01m[Kstd_msgs::msg[m[Kâ€™ does not name a type; did you mean â€˜[01m[KByteMultiArray[m[Kâ€™?
   30 |   ::std_msgs::msg::[01;31m[KInt16MultiArray[m[K data(::std_msgs::msg::Int16MultiArray::_data_type arg)
      |                    [01;31m[K^~~~~~~~~~~~~~~[m[K
      |                    [32m[KByteMultiArray[m[K
[01m[K/opt/ros/humble/include/std_msgs/std_msgs/msg/detail/int16_multi_array__builder.hpp:37:20:[m[K [01;31m[Kerror: [m[Kâ€˜[01m[KInt16MultiArray[m[Kâ€™ in namespace â€˜[01m[Kstd_msgs::msg[m[Kâ€™ does not name a type; did you mean â€˜[01m[KByteMultiArray[m[Kâ€™?
   37 |   ::std_msgs::msg::[01;31m[KInt16MultiArray[m[K msg_;
      |                    [01;31m[K^~~~~~~~~~~~~~~[m[K
      |                    [32m[KByteMultiArray[m[K
[01m[K/opt/ros/humble/include/std_msgs/std_msgs/msg/detail/int16_multi_array__builder.hpp:46:53:[m[K [01;31m[Kerror: [m[Kâ€˜[01m[Kstd_msgs::msg::Int16MultiArray[m[Kâ€™ has not been declared
   46 |   Init_Int16MultiArray_data layout(::std_msgs::msg::[01;31m[KInt16MultiArray[m[K::_layout_type arg)
      |                                                     [01;31m[K^~~~~~~~~~~~~~~[m[K
[01m[K/opt/ros/humble/include/std_msgs/std_msgs/msg/detail/int16_multi_array__builder.hpp:46:83:[m[K [01;31m[Kerror: [m[Kexpected â€˜[01m[K,[m[Kâ€™ or â€˜[01m[K...[m[Kâ€™ before â€˜[01m[Karg[m[Kâ€™
   46 |   Init_Int16MultiArray_data layout(::std_msgs::msg::Int16MultiArray::_layout_type [01;31m[Karg[m[K)
      |                                                                                   [01;31m[K^~~[m[K
[01m[K/opt/ros/humble/include/std_msgs/std_msgs/msg/detail/int16_multi_array__builder.hpp:53:20:[m[K [01;31m[Kerror: [m[Kâ€˜[01m[KInt16MultiArray[m[Kâ€™ in namespace â€˜[01m[Kstd_msgs::msg[m[Kâ€™ does not name a type; did you mean â€˜[01m[KByteMultiArray[m[Kâ€™?
   53 |   ::std_msgs::msg::[01;31m[KInt16MultiArray[m[K msg_;
      |                    [01;31m[K^~~~~~~~~~~~~~~[m[K
      |                    [32m[KByteMultiArray[m[K
[01m[K/opt/ros/humble/include/std_msgs/std_msgs/msg/detail/int16_multi_array__builder.hpp:[m[K In constructor â€˜[01m[Kstd_msgs::msg::builder::Init_Int16MultiArray_layout::Init_Int16MultiArray_layout()[m[Kâ€™:
[01m[K/opt/ros/humble/include/std_msgs/std_msgs/msg/detail/int16_multi_array__builder.hpp:44:5:[m[K [01;31m[Kerror: [m[Kclass â€˜[01m[Kstd_msgs::msg::builder::Init_Int16MultiArray_layout[m[Kâ€™ does not have any field named â€˜[01m[Kmsg_[m[Kâ€™
   44 |   : [01;31m[Kmsg_[m[K(::rosidl_runtime_cpp::MessageInitialization::SKIP)
      |     [01;31m[K^~~~[m[K
[01m[K/opt/ros/humble/include/std_msgs/std_msgs/msg/detail/int16_multi_array__builder.hpp:[m[K In member function â€˜[01m[Kstd_msgs::msg::builder::Init_Int16MultiArray_data std_msgs::msg::builder::Init_Int16MultiArray_layout::layout(int)[m[Kâ€™:
[01m[K/opt/ros/humble/include/std_msgs/std_msgs/msg/detail/int16_multi_array__builder.hpp:48:5:[m[K [01;31m[Kerror: [m[Kâ€˜[01m[Kmsg_[m[Kâ€™ was not declared in this scope; did you mean â€˜[01m[Kmsg[m[Kâ€™?
   48 |     [01;31m[Kmsg_[m[K.layout = std::move(arg);
      |     [01;31m[K^~~~[m[K
      |     [32m[Kmsg[m[K
[01m[K/opt/ros/humble/include/std_msgs/std_msgs/msg/detail/int16_multi_array__builder.hpp:48:29:[m[K [01;31m[Kerror: [m[Kâ€˜[01m[Karg[m[Kâ€™ was not declared in this scope
   48 |     msg_.layout = std::move([01;31m[Karg[m[K);
      |                             [01;31m[K^~~[m[K
[01m[K/opt/ros/humble/include/std_msgs/std_msgs/msg/detail/int16_multi_array__builder.hpp:[m[K At global scope:
[01m[K/opt/ros/humble/include/std_msgs/std_msgs/msg/detail/int16_multi_array__builder.hpp:65:29:[m[K [01;31m[Kerror: [m[Kâ€˜[01m[KInt16MultiArray[m[Kâ€™ is not a member of â€˜[01m[Kstd_msgs::msg[m[Kâ€™; did you mean â€˜[01m[KByteMultiArray[m[Kâ€™?
   65 | auto build<::std_msgs::msg::[01;31m[KInt16MultiArray[m[K>()
      |                             [01;31m[K^~~~~~~~~~~~~~~[m[K
      |                             [32m[KByteMultiArray[m[K
[01m[K/opt/ros/humble/include/std_msgs/std_msgs/msg/detail/int16_multi_array__builder.hpp:65:6:[m[K [01;31m[Kerror: [m[Ktemplate-id â€˜[01m[Kbuild<<expression error> >[m[Kâ€™ for â€˜[01m[Kauto std_msgs::build()[m[Kâ€™ does not match any template declaration
   65 | auto [01;31m[Kbuild<::std_msgs::msg::Int16MultiArray>[m[K()
      |      [01;31m[K^~~~~~~~~~~~~~~~~~~~~~~~~~~~~~~~~~~~~~~[m[K
In file included from [01m[K/opt/ros/humble/include/std_msgs/std_msgs/msg/byte_multi_array.hpp:8[m[K,
                 from [01m[K/home/kaibuchisoma/robocon_ws/src/robocon2023_b_dash/src/Upper_Controller.hpp:3[m[K,
                 from [01m[K/home/kaibuchisoma/robocon_ws/src/robocon2023_b_dash/src/Upper_Controller.cpp:2[m[K:
[01m[K/opt/ros/humble/include/std_msgs/std_msgs/msg/detail/byte_multi_array__builder.hpp:61:6:[m[K [01;36m[Knote: [m[Kcandidate is: â€˜[01m[Ktemplate<class MessageType> auto std_msgs::build()[m[Kâ€™
   61 | auto [01;36m[Kbuild[m[K();
      |      [01;36m[K^~~~~[m[K
In file included from [01m[K/opt/ros/humble/include/std_msgs/std_msgs/msg/int16_multi_array.hpp:9[m[K,
                 from [01m[K/home/kaibuchisoma/robocon_ws/src/robocon2023_b_dash/src/Upper_Controller.hpp:7[m[K,
                 from [01m[K/home/kaibuchisoma/robocon_ws/src/robocon2023_b_dash/src/Upper_Controller.cpp:2[m[K:
[01m[K/opt/ros/humble/include/std_msgs/std_msgs/msg/detail/int16_multi_array__traits.hpp:28:9:[m[K [01;31m[Kerror: [m[Kâ€˜[01m[KInt16MultiArray[m[Kâ€™ does not name a type; did you mean â€˜[01m[KByteMultiArray[m[Kâ€™?
   28 |   const [01;31m[KInt16MultiArray[m[K & msg,
      |         [01;31m[K^~~~~~~~~~~~~~~[m[K
      |         [32m[KByteMultiArray[m[K
[01m[K/opt/ros/humble/include/std_msgs/std_msgs/msg/detail/int16_multi_array__traits.hpp:[m[K In function â€˜[01m[Kvoid std_msgs::msg::to_flow_style_yaml(const int&, std::ostream&)[m[Kâ€™:
[01m[K/opt/ros/humble/include/std_msgs/std_msgs/msg/detail/int16_multi_array__traits.hpp:35:28:[m[K [01;31m[Kerror: [m[Krequest for member â€˜[01m[Klayout[m[Kâ€™ in â€˜[01m[Kmsg[m[Kâ€™, which is of non-class type â€˜[01m[Kconst int[m[Kâ€™
   35 |     to_flow_style_yaml(msg.[01;31m[Klayout[m[K, out);
      |                            [01;31m[K^~~~~~[m[K
[01m[K/opt/ros/humble/include/std_msgs/std_msgs/msg/detail/int16_multi_array__traits.hpp:41:13:[m[K [01;31m[Kerror: [m[Krequest for member â€˜[01m[Kdata[m[Kâ€™ in â€˜[01m[Kmsg[m[Kâ€™, which is of non-class type â€˜[01m[Kconst int[m[Kâ€™
   41 |     if (msg.[01;31m[Kdata[m[K.size() == 0) {
      |             [01;31m[K^~~~[m[K
[01m[K/opt/ros/humble/include/std_msgs/std_msgs/msg/detail/int16_multi_array__traits.hpp:45:34:[m[K [01;31m[Kerror: [m[Krequest for member â€˜[01m[Kdata[m[Kâ€™ in â€˜[01m[Kmsg[m[Kâ€™, which is of non-class type â€˜[01m[Kconst int[m[Kâ€™
   45 |       size_t pending_items = msg.[01;31m[Kdata[m[K.size();
      |                                  [01;31m[K^~~~[m[K
[01m[K/opt/ros/humble/include/std_msgs/std_msgs/msg/detail/int16_multi_array__traits.hpp:46:28:[m[K [01;31m[Kerror: [m[Krequest for member â€˜[01m[Kdata[m[Kâ€™ in â€˜[01m[Kmsg[m[Kâ€™, which is of non-class type â€˜[01m[Kconst int[m[Kâ€™
   46 |       for (auto item : msg.[01;31m[Kdata[m[K) {
      |                            [01;31m[K^~~~[m[K
[01m[K/opt/ros/humble/include/std_msgs/std_msgs/msg/detail/int16_multi_array__traits.hpp:[m[K At global scope:
[01m[K/opt/ros/humble/include/std_msgs/std_msgs/msg/detail/int16_multi_array__traits.hpp:59:9:[m[K [01;31m[Kerror: [m[Kâ€˜[01m[KInt16MultiArray[m[Kâ€™ does not name a type; did you mean â€˜[01m[KByteMultiArray[m[Kâ€™?
   59 |   const [01;31m[KInt16MultiArray[m[K & msg,
      |         [01;31m[K^~~~~~~~~~~~~~~[m[K
      |         [32m[KByteMultiArray[m[K
[01m[K/opt/ros/humble/include/std_msgs/std_msgs/msg/detail/int16_multi_array__traits.hpp:[m[K In function â€˜[01m[Kvoid std_msgs::msg::to_block_style_yaml(const int&, std::ostream&, size_t)[m[Kâ€™:
[01m[K/opt/ros/humble/include/std_msgs/std_msgs/msg/detail/int16_multi_array__traits.hpp:68:29:[m[K [01;31m[Kerror: [m[Krequest for member â€˜[01m[Klayout[m[Kâ€™ in â€˜[01m[Kmsg[m[Kâ€™, which is of non-class type â€˜[01m[Kconst int[m[Kâ€™
   68 |     to_block_style_yaml(msg.[01;31m[Klayout[m[K, out, indentation + 2);
      |                             [01;31m[K^~~~~~[m[K
[01m[K/opt/ros/humble/include/std_msgs/std_msgs/msg/detail/int16_multi_array__traits.hpp:76:13:[m[K [01;31m[Kerror: [m[Krequest for member â€˜[01m[Kdata[m[Kâ€™ in â€˜[01m[Kmsg[m[Kâ€™, which is of non-class type â€˜[01m[Kconst int[m[Kâ€™
   76 |     if (msg.[01;31m[Kdata[m[K.size() == 0) {
      |             [01;31m[K^~~~[m[K
[01m[K/opt/ros/humble/include/std_msgs/std_msgs/msg/detail/int16_multi_array__traits.hpp:80:28:[m[K [01;31m[Kerror: [m[Krequest for member â€˜[01m[Kdata[m[Kâ€™ in â€˜[01m[Kmsg[m[Kâ€™, which is of non-class type â€˜[01m[Kconst int[m[Kâ€™
   80 |       for (auto item : msg.[01;31m[Kdata[m[K) {
      |                            [01;31m[K^~~~[m[K
[01m[K/home/kaibuchisoma/robocon_ws/src/robocon2023_b_dash/src/SerialKIMD.cpp:24:11:[m[K [01;31m[Kerror: [m[Kâ€˜[01m[Kclass SerialKIMD_Node[m[Kâ€™ has no member named â€˜[01m[KCrowlSubscription[m[Kâ€™; did you mean â€˜[01m[Kcreate_subscription[m[Kâ€™?
   24 |     this->[01;31m[KCrowlSubscription[m[K = this->create_subscription<std_msgs::msg::ByteMultiArray>("CrawlOut", rclcpp::QoS(10), std::bind(&SerialKIMD_Node::Crowl_Callback, this, std::placeholders::_1));
      |           [01;31m[K^~~~~~~~~~~~~~~~~[m[K
      |           [32m[Kcreate_subscription[m[K
[01m[K/home/kaibuchisoma/robocon_ws/src/robocon2023_b_dash/src/SerialKIMD.cpp:25:11:[m[K [01;31m[Kerror: [m[Kâ€˜[01m[Kclass SerialKIMD_Node[m[Kâ€™ has no member named â€˜[01m[KDriveSubscription[m[Kâ€™; did you mean â€˜[01m[Kcreate_subscription[m[Kâ€™?
   25 |     this->[01;31m[KDriveSubscription[m[K = this->create_subscription<std_msgs::msg::ByteMultiArray>("DriveOut", rclcpp::QoS(10), std::bind(&SerialKIMD_Node::Drive_Callback, this, std::placeholders::_1));
      |           [01;31m[K^~~~~~~~~~~~~~~~~[m[K
      |           [32m[Kcreate_subscription[m[K
[01m[K/home/kaibuchisoma/robocon_ws/src/robocon2023_b_dash/src/SerialKIMD.cpp:26:11:[m[K [01;31m[Kerror: [m[Kâ€˜[01m[Kclass SerialKIMD_Node[m[Kâ€™ has no member named â€˜[01m[KUpperSubscription[m[Kâ€™; did you mean â€˜[01m[Kcreate_subscription[m[Kâ€™?
   26 |     this->[01;31m[KUpperSubscription[m[K = this->create_subscription<std_msgs::msg::ByteMultiArray>("UpperOut", rclcpp::QoS(10), std::bind(&SerialKIMD_Node::Upper_Callback, this, std::placeholders::_1));
      |           [01;31m[K^~~~~~~~~~~~~~~~~[m[K
      |           [32m[Kcreate_subscription[m[K
[01m[K/home/kaibuchisoma/robocon_ws/src/robocon2023_b_dash/src/SerialKIMD.cpp:27:11:[m[K [01;31m[Kerror: [m[Kâ€˜[01m[Kclass SerialKIMD_Node[m[Kâ€™ has no member named â€˜[01m[KXmoveSubscription[m[Kâ€™; did you mean â€˜[01m[Kcreate_subscription[m[Kâ€™?
   27 |     this->[01;31m[KXmoveSubscription[m[K = this->create_subscription<std_msgs::msg::ByteMultiArray>("XmoveOut", rclcpp::QoS(10), std::bind(&SerialKIMD_Node::Xmove_Callback, this, std::placeholders::_1));
      |           [01;31m[K^~~~~~~~~~~~~~~~~[m[K
      |           [32m[Kcreate_subscription[m[K
[01m[K/home/kaibuchisoma/robocon_ws/src/robocon2023_b_dash/src/SerialKIMD.cpp:28:11:[m[K [01;31m[Kerror: [m[Kâ€˜[01m[Kclass SerialKIMD_Node[m[Kâ€™ has no member named â€˜[01m[KSolenoidSubscription[m[Kâ€™
   28 |     this->[01;31m[KSolenoidSubscription[m[K = this->create_subscription<std_msgs::msg::ByteMultiArray>("SolenoidOut", rclcpp::QoS(10), std::bind(&SerialKIMD_Node::Solenoid_Callback, this, std::placeholders::_1));
      |           [01;31m[K^~~~~~~~~~~~~~~~~~~~[m[K
[01m[K/home/kaibuchisoma/robocon_ws/src/robocon2023_b_dash/src/SerialKIMD.cpp:28:151:[m[K [01;31m[Kerror: [m[Kâ€˜[01m[KSolenoid_Callback[m[Kâ€™ is not a member of â€˜[01m[KSerialKIMD_Node[m[Kâ€™
   28 |     this->SolenoidSubscription = this->create_subscription<std_msgs::msg::ByteMultiArray>("SolenoidOut", rclcpp::QoS(10), std::bind(&SerialKIMD_Node::[01;31m[KSolenoid_Callback[m[K, this, std::placeholders::_1));
      |                                                                                                                                                       [01;31m[K^~~~~~~~~~~~~~~~~[m[K
[01m[K/home/kaibuchisoma/robocon_ws/src/robocon2023_b_dash/src/SerialKIMD.cpp:29:1:[m[K [01;31m[Kerror: [m[Kversion control conflict marker in file
   29 | [01;31m[K=======[m[K
      | [01;31m[K^~~~~~~[m[K
[01m[K/home/kaibuchisoma/robocon_ws/src/robocon2023_b_dash/src/SerialKIMD.cpp:32:11:[m[K [01;31m[Kerror: [m[Kâ€˜[01m[Kclass SerialKIMD_Node[m[Kâ€™ has no member named â€˜[01m[KBeltSubscription[m[Kâ€™; did you mean â€˜[01m[Kcreate_subscription[m[Kâ€™?
   32 |     this->[01;31m[KBeltSubscription[m[K = this->create_subscription<std_msgs::msg::ByteMultiArray>("BeltOut", rclcpp::QoS(10), std::bind(&SerialKIMD_Node::BeltOut_Callback, this, std::placeholders::_1));
      |           [01;31m[K^~~~~~~~~~~~~~~~[m[K
      |           [32m[Kcreate_subscription[m[K
[01m[K/home/kaibuchisoma/robocon_ws/src/robocon2023_b_dash/src/SerialKIMD.cpp:33:11:[m[K [01;31m[Kerror: [m[Kâ€˜[01m[Kclass SerialKIMD_Node[m[Kâ€™ has no member named â€˜[01m[KCrowlSubscription[m[Kâ€™; did you mean â€˜[01m[Kcreate_subscription[m[Kâ€™?
   33 |     this->[01;31m[KCrowlSubscription[m[K = this->create_subscription<std_msgs::msg::ByteMultiArray>("CrowlOut", rclcpp::QoS(10), std::bind(&SerialKIMD_Node::Crowl_Callback, this, std::placeholders::_1));
      |           [01;31m[K^~~~~~~~~~~~~~~~~[m[K
      |           [32m[Kcreate_subscription[m[K
[01m[K/opt/ros/humble/include/std_msgs/std_msgs/msg/detail/int16_multi_array__traits.hpp:[m[K At global scope:
[01m[K/opt/ros/humble/include/std_msgs/std_msgs/msg/detail/int16_multi_array__traits.hpp:92:34:[m[K [01;31m[Kerror: [m[Kâ€˜[01m[KInt16MultiArray[m[Kâ€™ does not name a type; did you mean â€˜[01m[KByteMultiArray[m[Kâ€™?
   92 | inline std::string to_yaml(const [01;31m[KInt16MultiArray[m[K & msg, bool use_flow_style = false)
      |                                  [01;31m[K^~~~~~~~~~~~~~~[m[K
      |                                  [32m[KByteMultiArray[m[K
[01m[K/opt/ros/humble/include/std_msgs/std_msgs/msg/detail/int16_multi_array__traits.hpp:112:24:[m[K [01;31m[Kerror: [m[Kâ€˜[01m[KInt16MultiArray[m[Kâ€™ in namespace â€˜[01m[Kstd_msgs::msg[m[Kâ€™ does not name a type; did you mean â€˜[01m[KByteMultiArray[m[Kâ€™?
  112 |   const std_msgs::msg::[01;31m[KInt16MultiArray[m[K & msg,
      |                        [01;31m[K^~~~~~~~~~~~~~~[m[K
      |                        [32m[KByteMultiArray[m[K
[01m[K/opt/ros/humble/include/std_msgs/std_msgs/msg/detail/int16_multi_array__traits.hpp:119:49:[m[K [01;31m[Kerror: [m[Kâ€˜[01m[KInt16MultiArray[m[Kâ€™ in namespace â€˜[01m[Kstd_msgs::msg[m[Kâ€™ does not name a type; did you mean â€˜[01m[KByteMultiArray[m[Kâ€™?
  119 | inline std::string to_yaml(const std_msgs::msg::[01;31m[KInt16MultiArray[m[K & msg)
      |                                                 [01;31m[K^~~~~~~~~~~~~~~[m[K
      |                                                 [32m[KByteMultiArray[m[K
[01m[K/opt/ros/humble/include/std_msgs/std_msgs/msg/detail/int16_multi_array__traits.hpp:125:46:[m[K [01;31m[Kerror: [m[Kâ€˜[01m[KInt16MultiArray[m[Kâ€™ is not a member of â€˜[01m[Kstd_msgs::msg[m[Kâ€™; did you mean â€˜[01m[KByteMultiArray[m[Kâ€™?
  125 | inline const char * data_type<std_msgs::msg::[01;31m[KInt16MultiArray[m[K>()
      |                                              [01;31m[K^~~~~~~~~~~~~~~[m[K
      |                                              [32m[KByteMultiArray[m[K
[01m[K/opt/ros/humble/include/std_msgs/std_msgs/msg/detail/int16_multi_array__traits.hpp:125:21:[m[K [01;31m[Kerror: [m[Ktemplate-id â€˜[01m[Kdata_type<<expression error> >[m[Kâ€™ for â€˜[01m[Kconst char* rosidl_generator_traits::data_type()[m[Kâ€™ does not match any template declaration
  125 | inline const char * [01;31m[Kdata_type<std_msgs::msg::Int16MultiArray>[m[K()
      |                     [01;31m[K^~~~~~~~~~~~~~~~~~~~~~~~~~~~~~~~~~~~~~~~~[m[K
In file included from [01m[K/opt/ros/humble/include/builtin_interfaces/builtin_interfaces/msg/detail/duration__traits.hpp:15[m[K,
                 from [01m[K/opt/ros/humble/include/builtin_interfaces/builtin_interfaces/msg/duration.hpp:9[m[K,
                 from [01m[K/opt/ros/humble/include/rclcpp/rclcpp/duration.hpp:20[m[K,
                 from [01m[K/opt/ros/humble/include/rclcpp/rclcpp/qos.hpp:20[m[K,
                 from [01m[K/opt/ros/humble/include/rclcpp/rclcpp/node_interfaces/node_graph_interface.hpp:32[m[K,
                 from [01m[K/opt/ros/humble/include/rclcpp/rclcpp/client.hpp:42[m[K,
                 from [01m[K/opt/ros/humble/include/rclcpp/rclcpp/callback_group.hpp:24[m[K,
                 from [01m[K/opt/ros/humble/include/rclcpp/rclcpp/any_executable.hpp:20[m[K,
                 from [01m[K/opt/ros/humble/include/rclcpp/rclcpp/memory_strategy.hpp:25[m[K,
                 from [01m[K/opt/ros/humble/include/rclcpp/rclcpp/memory_strategies.hpp:18[m[K,
                 from [01m[K/opt/ros/humble/include/rclcpp/rclcpp/executor_options.hpp:20[m[K,
                 from [01m[K/opt/ros/humble/include/rclcpp/rclcpp/executor.hpp:37[m[K,
                 from [01m[K/opt/ros/humble/include/rclcpp/rclcpp/executors/multi_threaded_executor.hpp:25[m[K,
                 from [01m[K/opt/ros/humble/include/rclcpp/rclcpp/executors.hpp:21[m[K,
                 from [01m[K/opt/ros/humble/include/rclcpp/rclcpp/rclcpp.hpp:155[m[K,
                 from [01m[K/home/kaibuchisoma/robocon_ws/src/robocon2023_b_dash/src/Upper_Controller.cpp:1[m[K:
[01m[K/opt/ros/humble/include/rosidl_runtime_cpp/rosidl_runtime_cpp/traits.hpp:152:21:[m[K [01;36m[Knote: [m[Kcandidate is: â€˜[01m[Ktemplate<class T> const char* rosidl_generator_traits::data_type()[m[Kâ€™
  152 | inline const char * [01;36m[Kdata_type[m[K();
      |                     [01;36m[K^~~~~~~~~[m[K
In file included from [01m[K/opt/ros/humble/include/std_msgs/std_msgs/msg/int16_multi_array.hpp:9[m[K,
                 from [01m[K/home/kaibuchisoma/robocon_ws/src/robocon2023_b_dash/src/Upper_Controller.hpp:7[m[K,
                 from [01m[K/home/kaibuchisoma/robocon_ws/src/robocon2023_b_dash/src/Upper_Controller.cpp:2[m[K:
[01m[K/opt/ros/humble/include/std_msgs/std_msgs/msg/detail/int16_multi_array__traits.hpp:131:41:[m[K [01;31m[Kerror: [m[Kâ€˜[01m[KInt16MultiArray[m[Kâ€™ is not a member of â€˜[01m[Kstd_msgs::msg[m[Kâ€™; did you mean â€˜[01m[KByteMultiArray[m[Kâ€™?
  131 | inline const char * name<std_msgs::msg::[01;31m[KInt16MultiArray[m[K>()
      |                                         [01;31m[K^~~~~~~~~~~~~~~[m[K
      |                                         [32m[KByteMultiArray[m[K
[01m[K/opt/ros/humble/include/std_msgs/std_msgs/msg/detail/int16_multi_array__traits.hpp:131:21:[m[K [01;31m[Kerror: [m[Ktemplate-id â€˜[01m[Kname<<expression error> >[m[Kâ€™ for â€˜[01m[Kconst char* rosidl_generator_traits::name()[m[Kâ€™ does not match any template declaration
  131 | inline const char * [01;31m[Kname<std_msgs::msg::Int16MultiArray>[m[K()
      |                     [01;31m[K^~~~~~~~~~~~~~~~~~~~~~~~~~~~~~~~~~~~[m[K
In file included from [01m[K/opt/ros/humble/include/builtin_interfaces/builtin_interfaces/msg/detail/duration__traits.hpp:15[m[K,
                 from [01m[K/opt/ros/humble/include/builtin_interfaces/builtin_interfaces/msg/duration.hpp:9[m[K,
                 from [01m[K/opt/ros/humble/include/rclcpp/rclcpp/duration.hpp:20[m[K,
                 from [01m[K/opt/ros/humble/include/rclcpp/rclcpp/qos.hpp:20[m[K,
                 from [01m[K/opt/ros/humble/include/rclcpp/rclcpp/node_interfaces/node_graph_interface.hpp:32[m[K,
                 from [01m[K/opt/ros/humble/include/rclcpp/rclcpp/client.hpp:42[m[K,
                 from [01m[K/opt/ros/humble/include/rclcpp/rclcpp/callback_group.hpp:24[m[K,
                 from [01m[K/opt/ros/humble/include/rclcpp/rclcpp/any_executable.hpp:20[m[K,
                 from [01m[K/opt/ros/humble/include/rclcpp/rclcpp/memory_strategy.hpp:25[m[K,
                 from [01m[K/opt/ros/humble/include/rclcpp/rclcpp/memory_strategies.hpp:18[m[K,
                 from [01m[K/opt/ros/humble/include/rclcpp/rclcpp/executor_options.hpp:20[m[K,
                 from [01m[K/opt/ros/humble/include/rclcpp/rclcpp/executor.hpp:37[m[K,
                 from [01m[K/opt/ros/humble/include/rclcpp/rclcpp/executors/multi_threaded_executor.hpp:25[m[K,
                 from [01m[K/opt/ros/humble/include/rclcpp/rclcpp/executors.hpp:21[m[K,
                 from [01m[K/opt/ros/humble/include/rclcpp/rclcpp/rclcpp.hpp:155[m[K,
                 from [01m[K/home/kaibuchisoma/robocon_ws/src/robocon2023_b_dash/src/Upper_Controller.cpp:1[m[K:
[01m[K/opt/ros/humble/include/rosidl_runtime_cpp/rosidl_runtime_cpp/traits.hpp:155:21:[m[K [01;36m[Knote: [m[Kcandidate is: â€˜[01m[Ktemplate<class T> const char* rosidl_generator_traits::name()[m[Kâ€™
  155 | inline const char * [01;36m[Kname[m[K();
      |                     [01;36m[K^~~~[m[K
In file included from [01m[K/opt/ros/humble/include/std_msgs/std_msgs/msg/int16_multi_array.hpp:9[m[K,
                 from [01m[K/home/kaibuchisoma/robocon_ws/src/robocon2023_b_dash/src/Upper_Controller.hpp:7[m[K,
                 from [01m[K/home/kaibuchisoma/robocon_ws/src/robocon2023_b_dash/src/Upper_Controller.cpp:2[m[K:
[01m[K/opt/ros/humble/include/std_msgs/std_msgs/msg/detail/int16_multi_array__traits.hpp:137:38:[m[K [01;31m[Kerror: [m[Kâ€˜[01m[KInt16MultiArray[m[Kâ€™ is not a member of â€˜[01m[Kstd_msgs::msg[m[Kâ€™; did you mean â€˜[01m[KByteMultiArray[m[Kâ€™?
  137 | struct has_fixed_size<std_msgs::msg::[01;31m[KInt16MultiArray[m[K>
      |                                      [01;31m[K^~~~~~~~~~~~~~~[m[K
      |                                      [32m[KByteMultiArray[m[K
[01m[K/home/kaibuchisoma/robocon_ws/src/robocon2023_b_dash/src/SerialKIMD.cpp:34:11:[m[K [01;31m[Kerror: [m[Kâ€˜[01m[Kclass SerialKIMD_Node[m[Kâ€™ has no member named â€˜[01m[KDriveSubscription[m[Kâ€™; did you mean â€˜[01m[Kcreate_subscription[m[Kâ€™?
   34 |     this->[01;31m[KDriveSubscription[m[K = this->create_subscription<std_msgs::msg::ByteMultiArray>("DriveOut", rclcpp::QoS(10), std::bind(&SerialKIMD_Node::Drive_Callback, this, std::placeholders::_1));
      |           [01;31m[K^~~~~~~~~~~~~~~~~[m[K
      |           [32m[Kcreate_subscription[m[K
[01m[K/opt/ros/humble/include/std_msgs/std_msgs/msg/detail/int16_multi_array__traits.hpp:137:53:[m[K [01;31m[Kerror: [m[Ktemplate argument 1 is invalid
  137 | struct has_fixed_size<std_msgs::msg::Int16MultiArray[01;31m[K>[m[K
      |                                                     [01;31m[K^[m[K
[01m[K/opt/ros/humble/include/std_msgs/std_msgs/msg/detail/int16_multi_array__traits.hpp:141:40:[m[K [01;31m[Kerror: [m[Kâ€˜[01m[KInt16MultiArray[m[Kâ€™ is not a member of â€˜[01m[Kstd_msgs::msg[m[Kâ€™; did you mean â€˜[01m[KByteMultiArray[m[Kâ€™?
  141 | struct has_bounded_size<std_msgs::msg::[01;31m[KInt16MultiArray[m[K>
      |                                        [01;31m[K^~~~~~~~~~~~~~~[m[K
      |                                        [32m[KByteMultiArray[m[K
[01m[K/opt/ros/humble/include/std_msgs/std_msgs/msg/detail/int16_multi_array__traits.hpp:141:55:[m[K [01;31m[Kerror: [m[Ktemplate argument 1 is invalid
  141 | struct has_bounded_size<std_msgs::msg::Int16MultiArray[01;31m[K>[m[K
      |                                                       [01;31m[K^[m[K
[01m[K/opt/ros/humble/include/std_msgs/std_msgs/msg/detail/int16_multi_array__traits.hpp:145:34:[m[K [01;31m[Kerror: [m[Kâ€˜[01m[KInt16MultiArray[m[Kâ€™ is not a member of â€˜[01m[Kstd_msgs::msg[m[Kâ€™; did you mean â€˜[01m[KByteMultiArray[m[Kâ€™?
  145 | struct is_message<std_msgs::msg::[01;31m[KInt16MultiArray[m[K>
      |                                  [01;31m[K^~~~~~~~~~~~~~~[m[K
      |                                  [32m[KByteMultiArray[m[K
[01m[K/home/kaibuchisoma/robocon_ws/src/robocon2023_b_dash/src/SerialKIMD.cpp:35:11:[m[K [01;31m[Kerror: [m[Kâ€˜[01m[Kclass SerialKIMD_Node[m[Kâ€™ has no member named â€˜[01m[KUpperSubscription[m[Kâ€™; did you mean â€˜[01m[Kcreate_subscription[m[Kâ€™?
   35 |     this->[01;31m[KUpperSubscription[m[K = this->create_subscription<std_msgs::msg::ByteMultiArray>("UpperOut", rclcpp::QoS(10), std::bind(&SerialKIMD_Node::Upper_Callback, this, std::placeholders::_1));
      |           [01;31m[K^~~~~~~~~~~~~~~~~[m[K
      |           [32m[Kcreate_subscription[m[K
[01m[K/opt/ros/humble/include/std_msgs/std_msgs/msg/detail/int16_multi_array__traits.hpp:145:49:[m[K [01;31m[Kerror: [m[Ktemplate argument 1 is invalid
  145 | struct is_message<std_msgs::msg::Int16MultiArray[01;31m[K>[m[K
      |                                                 [01;31m[K^[m[K
In file included from [01m[K/home/kaibuchisoma/robocon_ws/src/robocon2023_b_dash/src/Upper_Controller.cpp:2[m[K:
[01m[K/home/kaibuchisoma/robocon_ws/src/robocon2023_b_dash/src/Upper_Controller.hpp:8:1:[m[K [01;31m[Kerror: [m[Kversion control conflict marker in file
    8 | [01;31m[K>>>>>>>[m[K origin/master
      | [01;31m[K^~~~~~~[m[K
[01m[K/home/kaibuchisoma/robocon_ws/src/robocon2023_b_dash/src/SerialKIMD.cpp:36:11:[m[K [01;31m[Kerror: [m[Kâ€˜[01m[Kclass SerialKIMD_Node[m[Kâ€™ has no member named â€˜[01m[KXmoveSubscription[m[Kâ€™; did you mean â€˜[01m[Kcreate_subscription[m[Kâ€™?
   36 |     this->[01;31m[KXmoveSubscription[m[K = this->create_subscription<std_msgs::msg::ByteMultiArray>("XmoveOut", rclcpp::QoS(10), std::bind(&SerialKIMD_Node::Xmove_Callback, this, std::placeholders::_1));
      |           [01;31m[K^~~~~~~~~~~~~~~~~[m[K
      |           [32m[Kcreate_subscription[m[K
[01m[K/home/kaibuchisoma/robocon_ws/src/robocon2023_b_dash/src/SerialKIMD.cpp:37:1:[m[K [01;31m[Kerror: [m[Kversion control conflict marker in file
   37 | [01;31m[K>>>>>>>[m[K origin/master
      | [01;31m[K^~~~~~~[m[K
[01m[K/home/kaibuchisoma/robocon_ws/src/robocon2023_b_dash/src/SerialKIMD.cpp:[m[K In member function â€˜[01m[Kvoid SerialKIMD_Node::BeltOut_Callback(std_msgs::msg::ByteMultiArray_<std::allocator<void> >::SharedPtr)[m[Kâ€™:
[01m[K/home/kaibuchisoma/robocon_ws/src/robocon2023_b_dash/src/SerialKIMD.cpp:53:15:[m[K [01;31m[Kerror: [m[Kâ€˜[01m[Kclass SerialKIMD_Node[m[Kâ€™ has no member named â€˜[01m[Ksend_msg[m[Kâ€™
   53 |         this->[01;31m[Ksend_msg[m[K[4].bin[i] = md_msg->data[i];
      |               [01;31m[K^~~~~~~~[m[K
In file included from [01m[K/home/kaibuchisoma/robocon_ws/src/robocon2023_b_dash/src/Upper_Controller.hpp:11[m[K,
                 from [01m[K/home/kaibuchisoma/robocon_ws/src/robocon2023_b_dash/src/Upper_Controller.cpp:2[m[K:
[01m[K/home/kaibuchisoma/robocon_ws/src/robocon2023_b_dash/src/RoboconMsg/ABU2023_GenericOutput_Header.h:21:3:[m[K [01;31m[Kerror: [m[Kâ€˜[01m[KABU2023_GenericOutput_Header_Typedef[m[Kâ€™ does not name a type
   21 | } [01;31m[KABU2023_GenericOutput_Header_Typedef[m[K;
      |   [01;31m[K^~~~~~~~~~~~~~~~~~~~~~~~~~~~~~~~~~~~[m[K
[01m[K/home/kaibuchisoma/robocon_ws/src/robocon2023_b_dash/src/SerialKIMD.cpp:54:15:[m[K [01;31m[Kerror: [m[Kâ€˜[01m[Kclass SerialKIMD_Node[m[Kâ€™ has no member named â€˜[01m[Ksend_msg[m[Kâ€™
   54 |         this->[01;31m[Ksend_msg[m[K[5].bin[i] = md_msg->data[i + 8];
      |               [01;31m[K^~~~~~~~[m[K
[01m[K/home/kaibuchisoma/robocon_ws/src/robocon2023_b_dash/src/SerialKIMD.cpp:[m[K In member function â€˜[01m[Kvoid SerialKIMD_Node::Crowl_Callback(std_msgs::msg::ByteMultiArray_<std::allocator<void> >::SharedPtr)[m[Kâ€™:
[01m[K/home/kaibuchisoma/robocon_ws/src/robocon2023_b_dash/src/SerialKIMD.cpp:62:15:[m[K [01;31m[Kerror: [m[Kâ€˜[01m[Kclass SerialKIMD_Node[m[Kâ€™ has no member named â€˜[01m[Ksend_msg[m[Kâ€™
   62 |         this->[01;31m[Ksend_msg[m[K[0].bin[i] = md_msg->data[i];
      |               [01;31m[K^~~~~~~~[m[K
[01m[K/home/kaibuchisoma/robocon_ws/src/robocon2023_b_dash/src/SerialKIMD.cpp:63:15:[m[K [01;31m[Kerror: [m[Kâ€˜[01m[Kclass SerialKIMD_Node[m[Kâ€™ has no member named â€˜[01m[Ksend_msg[m[Kâ€™
   63 |         this->[01;31m[Ksend_msg[m[K[1].bin[i] = md_msg->data[i + 8];
      |               [01;31m[K^~~~~~~~[m[K
[01m[K/home/kaibuchisoma/robocon_ws/src/robocon2023_b_dash/src/SerialKIMD.cpp:64:15:[m[K [01;31m[Kerror: [m[Kâ€˜[01m[Kclass SerialKIMD_Node[m[Kâ€™ has no member named â€˜[01m[Ksend_msg[m[Kâ€™
   64 |         this->[01;31m[Ksend_msg[m[K[2].bin[i] = md_msg->data[i + 16];
      |               [01;31m[K^~~~~~~~[m[K
[01m[K/home/kaibuchisoma/robocon_ws/src/robocon2023_b_dash/src/SerialKIMD.cpp:65:15:[m[K [01;31m[Kerror: [m[Kâ€˜[01m[Kclass SerialKIMD_Node[m[Kâ€™ has no member named â€˜[01m[Ksend_msg[m[Kâ€™
   65 |         this->[01;31m[Ksend_msg[m[K[3].bin[i] = md_msg->data[i + 24];
      |               [01;31m[K^~~~~~~~[m[K
[01m[K/home/kaibuchisoma/robocon_ws/src/robocon2023_b_dash/src/SerialKIMD.cpp:67:1:[m[K [01;31m[Kerror: [m[Kversion control conflict marker in file
   67 | [01;31m[K<<<<<<<[m[K HEAD
      | [01;31m[K^~~~~~~[m[K
[01m[K/home/kaibuchisoma/robocon_ws/src/robocon2023_b_dash/src/SerialKIMD.cpp:73:3:[m[K [01;31m[Kerror: [m[Kexpected primary-expression before â€˜[01m[K==[m[Kâ€™ token
   73 | ==[01;31m[K==[m[K===
      |   [01;31m[K^~[m[K
[01m[K/home/kaibuchisoma/robocon_ws/src/robocon2023_b_dash/src/SerialKIMD.cpp:73:5:[m[K [01;31m[Kerror: [m[Kexpected primary-expression before â€˜[01m[K==[m[Kâ€™ token
   73 | ====[01;31m[K==[m[K=
      |     [01;31m[K^~[m[K
[01m[K/home/kaibuchisoma/robocon_ws/src/robocon2023_b_dash/src/SerialKIMD.cpp:73:7:[m[K [01;31m[Kerror: [m[Kexpected primary-expression before â€˜[01m[K=[m[Kâ€™ token
   73 | ======[01;31m[K=[m[K
      |       [01;31m[K^[m[K
[01m[K/home/kaibuchisoma/robocon_ws/src/robocon2023_b_dash/src/SerialKIMD.cpp:74:1:[m[K [01;31m[Kerror: [m[Kversion control conflict marker in file
   74 | [01;31m[K>>>>>>>[m[K origin/master
      | [01;31m[K^~~~~~~[m[K
[01m[K/home/kaibuchisoma/robocon_ws/src/robocon2023_b_dash/src/SerialKIMD.cpp:[m[K In member function â€˜[01m[Kvoid SerialKIMD_Node::Drive_Callback(std_msgs::msg::ByteMultiArray_<std::allocator<void> >::SharedPtr)[m[Kâ€™:
[01m[K/home/kaibuchisoma/robocon_ws/src/robocon2023_b_dash/src/SerialKIMD.cpp:81:15:[m[K [01;31m[Kerror: [m[Kâ€˜[01m[Kclass SerialKIMD_Node[m[Kâ€™ has no member named â€˜[01m[Ksend_msg[m[Kâ€™
   81 |         this->[01;31m[Ksend_msg[m[K[10].bin[i] = md_msg->data[i];
      |               [01;31m[K^~~~~~~~[m[K
[01m[K/home/kaibuchisoma/robocon_ws/src/robocon2023_b_dash/src/SerialKIMD.cpp:82:15:[m[K [01;31m[Kerror: [m[Kâ€˜[01m[Kclass SerialKIMD_Node[m[Kâ€™ has no member named â€˜[01m[Ksend_msg[m[Kâ€™
   82 |         this->[01;31m[Ksend_msg[m[K[11].bin[i] = md_msg->data[i + 8];
      |               [01;31m[K^~~~~~~~[m[K
[01m[K/home/kaibuchisoma/robocon_ws/src/robocon2023_b_dash/src/SerialKIMD.cpp:[m[K In member function â€˜[01m[Kvoid SerialKIMD_Node::Upper_Callback(std_msgs::msg::ByteMultiArray_<std::allocator<void> >::SharedPtr)[m[Kâ€™:
[01m[K/home/kaibuchisoma/robocon_ws/src/robocon2023_b_dash/src/SerialKIMD.cpp:90:15:[m[K [01;31m[Kerror: [m[Kâ€˜[01m[Kclass SerialKIMD_Node[m[Kâ€™ has no member named â€˜[01m[Ksend_msg[m[Kâ€™
   90 |         this->[01;31m[Ksend_msg[m[K[7].bin[i] = md_msg->data[i];
      |               [01;31m[K^~~~~~~~[m[K
[01m[K/home/kaibuchisoma/robocon_ws/src/robocon2023_b_dash/src/SerialKIMD.cpp:[m[K In member function â€˜[01m[Kvoid SerialKIMD_Node::Xmove_Callback(std_msgs::msg::ByteMultiArray_<std::allocator<void> >::SharedPtr)[m[Kâ€™:
[01m[K/home/kaibuchisoma/robocon_ws/src/robocon2023_b_dash/src/SerialKIMD.cpp:98:15:[m[K [01;31m[Kerror: [m[Kâ€˜[01m[Kclass SerialKIMD_Node[m[Kâ€™ has no member named â€˜[01m[Ksend_msg[m[Kâ€™
   98 |         this->[01;31m[Ksend_msg[m[K[6].bin[i] = md_msg->data[i];
      |               [01;31m[K^~~~~~~~[m[K
[01m[K/home/kaibuchisoma/robocon_ws/src/robocon2023_b_dash/src/SerialKIMD.cpp:[m[K At global scope:
[01m[K/home/kaibuchisoma/robocon_ws/src/robocon2023_b_dash/src/SerialKIMD.cpp:102:1:[m[K [01;31m[Kerror: [m[Kversion control conflict marker in file
  102 | [01;31m[K<<<<<<<[m[K HEAD
      | [01;31m[K^~~~~~~[m[K
[01m[K/home/kaibuchisoma/robocon_ws/src/robocon2023_b_dash/src/SerialKIMD.cpp:111:1:[m[K [01;31m[Kerror: [m[Kversion control conflict marker in file
  111 | [01;31m[K=======[m[K
      | [01;31m[K^~~~~~~[m[K
[01m[K/home/kaibuchisoma/robocon_ws/src/robocon2023_b_dash/src/SerialKIMD.cpp:[m[K In member function â€˜[01m[Kvoid SerialKIMD_Node::SerialWrite(uint8_t)[m[Kâ€™:
[01m[K/home/kaibuchisoma/robocon_ws/src/robocon2023_b_dash/src/SerialKIMD.cpp:144:15:[m[K [01;31m[Kerror: [m[Kâ€˜[01m[Kclass SerialKIMD_Node[m[Kâ€™ has no member named â€˜[01m[Kmotos_msg_header[m[Kâ€™
  144 |         this->[01;31m[Kmotos_msg_header[m[K.cmd = 7;
      |               [01;31m[K^~~~~~~~~~~~~~~~[m[K
[01m[K/home/kaibuchisoma/robocon_ws/src/robocon2023_b_dash/src/SerialKIMD.cpp:145:33:[m[K [01;31m[Kerror: [m[Kâ€˜[01m[Kclass SerialKIMD_Node[m[Kâ€™ has no member named â€˜[01m[Kmotos_msg_header[m[Kâ€™
  145 |         memcpy(send_data, this->[01;31m[Kmotos_msg_header[m[K.bin, sizeof(ABU2023_GenericOutput_Header_Typedef));
      |                                 [01;31m[K^~~~~~~~~~~~~~~~[m[K
[01m[K/home/kaibuchisoma/robocon_ws/src/robocon2023_b_dash/src/SerialKIMD.cpp:149:51:[m[K [01;31m[Kerror: [m[Kâ€˜[01m[Kclass SerialKIMD_Node[m[Kâ€™ has no member named â€˜[01m[Ksend_msg[m[Kâ€™
  149 |             memcpy(&send_data[(i + 1) * 8], this->[01;31m[Ksend_msg[m[K[i].bin, sizeof(ABU2023_GenericOutput_Header_Typedef));
      |                                                   [01;31m[K^~~~~~~~[m[K
[01m[K/home/kaibuchisoma/robocon_ws/src/robocon2023_b_dash/src/SerialKIMD.cpp:151:21:[m[K [01;31m[Kerror: [m[Kâ€˜[01m[Kclass SerialKIMD_Node[m[Kâ€™ has no member named â€˜[01m[Kserial_port[m[Kâ€™
  151 |         write(this->[01;31m[Kserial_port[m[K, send_data, sizeof(send_data));
      |                     [01;31m[K^~~~~~~~~~~[m[K
[01m[K/home/kaibuchisoma/robocon_ws/src/robocon2023_b_dash/src/SerialKIMD.cpp:153:1:[m[K [01;31m[Kerror: [m[Kversion control conflict marker in file
  153 | [01;31m[K<<<<<<<[m[K HEAD
      | [01;31m[K^~~~~~~[m[K
[01m[K/home/kaibuchisoma/robocon_ws/src/robocon2023_b_dash/src/SerialKIMD.cpp:158:3:[m[K [01;31m[Kerror: [m[Kexpected primary-expression before â€˜[01m[K==[m[Kâ€™ token
  158 | ==[01;31m[K==[m[K===
      |   [01;31m[K^~[m[K
[01m[K/home/kaibuchisoma/robocon_ws/src/robocon2023_b_dash/src/SerialKIMD.cpp:158:5:[m[K [01;31m[Kerror: [m[Kexpected primary-expression before â€˜[01m[K==[m[Kâ€™ token
  158 | ====[01;31m[K==[m[K=
      |     [01;31m[K^~[m[K
[01m[K/home/kaibuchisoma/robocon_ws/src/robocon2023_b_dash/src/SerialKIMD.cpp:158:7:[m[K [01;31m[Kerror: [m[Kexpected primary-expression before â€˜[01m[K=[m[Kâ€™ token
  158 | ======[01;31m[K=[m[K
      |       [01;31m[K^[m[K
[01m[K/home/kaibuchisoma/robocon_ws/src/robocon2023_b_dash/src/SerialKIMD.cpp:159:1:[m[K [01;31m[Kerror: [m[Kversion control conflict marker in file
  159 | [01;31m[K>>>>>>>[m[K origin/master
      | [01;31m[K^~~~~~~[m[K
[01m[K/home/kaibuchisoma/robocon_ws/src/robocon2023_b_dash/src/SerialKIMD.cpp:161:33:[m[K [01;31m[Kerror: [m[Kâ€˜[01m[Kclass SerialKIMD_Node[m[Kâ€™ has no member named â€˜[01m[Kmotos_msg_header[m[Kâ€™
  161 |         memcpy(send_data, this->[01;31m[Kmotos_msg_header[m[K.bin, sizeof(ABU2023_GenericOutput_Header_Typedef));
      |                                 [01;31m[K^~~~~~~~~~~~~~~~[m[K
[01m[K/home/kaibuchisoma/robocon_ws/src/robocon2023_b_dash/src/SerialKIMD.cpp:164:51:[m[K [01;31m[Kerror: [m[Kâ€˜[01m[Kclass SerialKIMD_Node[m[Kâ€™ has no member named â€˜[01m[Ksend_msg[m[Kâ€™
  164 |             memcpy(&send_data[(i - 6) * 8], this->[01;31m[Ksend_msg[m[K[i].bin, sizeof(ABU2023_GenericOutput_Header_Typedef));
      |                                                   [01;31m[K^~~~~~~~[m[K
[01m[K/home/kaibuchisoma/robocon_ws/src/robocon2023_b_dash/src/SerialKIMD.cpp:166:21:[m[K [01;31m[Kerror: [m[Kâ€˜[01m[Kclass SerialKIMD_Node[m[Kâ€™ has no member named â€˜[01m[Kserial_port[m[Kâ€™
  166 |         write(this->[01;31m[Kserial_port[m[K, send_data, sizeof(send_data));
      |                     [01;31m[K^~~~~~~~~~~[m[K
[01m[K/home/kaibuchisoma/robocon_ws/src/robocon2023_b_dash/src/SerialKIMD.cpp:170:21:[m[K [01;31m[Kerror: [m[Kâ€˜[01m[Kclass SerialKIMD_Node[m[Kâ€™ has no member named â€˜[01m[Kserial_port[m[Kâ€™
  170 |         write(this->[01;31m[Kserial_port[m[K, this->solenoid_msg.bin, sizeof(this->solenoid_msg.bin));
      |                     [01;31m[K^~~~~~~~~~~[m[K
[01m[K/home/kaibuchisoma/robocon_ws/src/robocon2023_b_dash/src/SerialKIMD.cpp:170:40:[m[K [01;31m[Kerror: [m[Kâ€˜[01m[Kclass SerialKIMD_Node[m[Kâ€™ has no member named â€˜[01m[Ksolenoid_msg[m[Kâ€™
  170 |         write(this->serial_port, this->[01;31m[Ksolenoid_msg[m[K.bin, sizeof(this->solenoid_msg.bin));
      |                                        [01;31m[K^~~~~~~~~~~~[m[K
[01m[K/home/kaibuchisoma/robocon_ws/src/robocon2023_b_dash/src/SerialKIMD.cpp:170:71:[m[K [01;31m[Kerror: [m[Kâ€˜[01m[Kclass SerialKIMD_Node[m[Kâ€™ has no member named â€˜[01m[Ksolenoid_msg[m[Kâ€™
  170 |         write(this->serial_port, this->solenoid_msg.bin, sizeof(this->[01;31m[Ksolenoid_msg[m[K.bin));
      |                                                                       [01;31m[K^~~~~~~~~~~~[m[K
[01m[K/home/kaibuchisoma/robocon_ws/src/robocon2023_b_dash/src/SerialKIMD.cpp:[m[K In member function â€˜[01m[Kvoid SerialKIMD_Node::SerialClose()[m[Kâ€™:
[01m[K/home/kaibuchisoma/robocon_ws/src/robocon2023_b_dash/src/SerialKIMD.cpp:177:17:[m[K [01;31m[Kerror: [m[Kâ€˜[01m[Kclass SerialKIMD_Node[m[Kâ€™ has no member named â€˜[01m[Kserial_port[m[Kâ€™
  177 |     close(this->[01;31m[Kserial_port[m[K);
      |                 [01;31m[K^~~~~~~~~~~[m[K
[01m[K/home/kaibuchisoma/robocon_ws/src/robocon2023_b_dash/src/RoboconMsg/ABU2023_GenericOutput_Header.h:23:22:[m[K [01;31m[Kerror: [m[Kâ€˜[01m[KABU2023_GenericOutput_Header_Typedef[m[Kâ€™ was not declared in this scope
   23 | uint8_t MsgTypeCheck([01;31m[KABU2023_GenericOutput_Header_Typedef[m[K *pABU2023,
      |                      [01;31m[K^~~~~~~~~~~~~~~~~~~~~~~~~~~~~~~~~~~~[m[K
[01m[K/home/kaibuchisoma/robocon_ws/src/robocon2023_b_dash/src/RoboconMsg/ABU2023_GenericOutput_Header.h:23:60:[m[K [01;31m[Kerror: [m[Kâ€˜[01m[KpABU2023[m[Kâ€™ was not declared in this scope
   23 | uint8_t MsgTypeCheck(ABU2023_GenericOutput_Header_Typedef *[01;31m[KpABU2023[m[K,
      |                                                            [01;31m[K^~~~~~~~[m[K
[01m[K/home/kaibuchisoma/robocon_ws/src/robocon2023_b_dash/src/RoboconMsg/ABU2023_GenericOutput_Header.h:24:25:[m[K [01;31m[Kerror: [m[Kexpected primary-expression before â€˜[01m[Ktype1[m[Kâ€™
   24 |                 uint8_t [01;31m[Ktype1[m[K, uint8_t type2);
      |                         [01;31m[K^~~~~[m[K
[01m[K/home/kaibuchisoma/robocon_ws/src/robocon2023_b_dash/src/RoboconMsg/ABU2023_GenericOutput_Header.h:24:40:[m[K [01;31m[Kerror: [m[Kexpected primary-expression before â€˜[01m[Ktype2[m[Kâ€™
   24 |                 uint8_t type1, uint8_t [01;31m[Ktype2[m[K);
      |                                        [01;31m[K^~~~~[m[K
[01m[K/home/kaibuchisoma/robocon_ws/src/robocon2023_b_dash/src/RoboconMsg/ABU2023_GenericOutput_Header.h:24:45:[m[K [01;31m[Kerror: [m[Kexpression list treated as compound expression in initializer [[01;31m[K]8;;https://gcc.gnu.org/onlinedocs/gcc/Warning-Options.html#index-fpermissive-fpermissive]8;;[m[K]
   24 |                 uint8_t type1, uint8_t type2[01;31m[K)[m[K;
      |                                             [01;31m[K^[m[K
[01m[K/home/kaibuchisoma/robocon_ws/src/robocon2023_b_dash/src/RoboconMsg/ABU2023_GenericOutput_Header.h:25:20:[m[K [01;31m[Kerror: [m[Kâ€˜[01m[KABU2023_GenericOutput_Header_Typedef[m[Kâ€™ was not declared in this scope
   25 | uint8_t MsgIDCheck([01;31m[KABU2023_GenericOutput_Header_Typedef[m[K *pABU2023, uint8_t ID);
      |                    [01;31m[K^~~~~~~~~~~~~~~~~~~~~~~~~~~~~~~~~~~~[m[K
[01m[K/home/kaibuchisoma/robocon_ws/src/robocon2023_b_dash/src/RoboconMsg/ABU2023_GenericOutput_Header.h:25:58:[m[K [01;31m[Kerror: [m[Kâ€˜[01m[KpABU2023[m[Kâ€™ was not declared in this scope
   25 | uint8_t MsgIDCheck(ABU2023_GenericOutput_Header_Typedef *[01;31m[KpABU2023[m[K, uint8_t ID);
      |                                                          [01;31m[K^~~~~~~~[m[K
[01m[K/home/kaibuchisoma/robocon_ws/src/robocon2023_b_dash/src/RoboconMsg/ABU2023_GenericOutput_Header.h:25:76:[m[K [01;31m[Kerror: [m[Kexpected primary-expression before â€˜[01m[KID[m[Kâ€™
   25 | uint8_t MsgIDCheck(ABU2023_GenericOutput_Header_Typedef *pABU2023, uint8_t [01;31m[KID[m[K);
      |                                                                            [01;31m[K^~[m[K
[01m[K/home/kaibuchisoma/robocon_ws/src/robocon2023_b_dash/src/RoboconMsg/ABU2023_GenericOutput_Header.h:25:78:[m[K [01;31m[Kerror: [m[Kexpression list treated as compound expression in initializer [[01;31m[K]8;;https://gcc.gnu.org/onlinedocs/gcc/Warning-Options.html#index-fpermissive-fpermissive]8;;[m[K]
   25 | uint8_t MsgIDCheck(ABU2023_GenericOutput_Header_Typedef *pABU2023, uint8_t ID[01;31m[K)[m[K;
      |                                                                              [01;31m[K^[m[K
[01m[K/home/kaibuchisoma/robocon_ws/src/robocon2023_b_dash/src/RoboconMsg/ABU2023_GenericOutput_Header.h:26:21:[m[K [01;31m[Kerror: [m[Kâ€˜[01m[KABU2023_GenericOutput_Header_Typedef[m[Kâ€™ was not declared in this scope
   26 | uint8_t MsgcmdCheck([01;31m[KABU2023_GenericOutput_Header_Typedef[m[K *pABU2023, uint8_t cmd);
      |                     [01;31m[K^~~~~~~~~~~~~~~~~~~~~~~~~~~~~~~~~~~~[m[K
[01m[K/home/kaibuchisoma/robocon_ws/src/robocon2023_b_dash/src/RoboconMsg/ABU2023_GenericOutput_Header.h:26:59:[m[K [01;31m[Kerror: [m[Kâ€˜[01m[KpABU2023[m[Kâ€™ was not declared in this scope
   26 | uint8_t MsgcmdCheck(ABU2023_GenericOutput_Header_Typedef *[01;31m[KpABU2023[m[K, uint8_t cmd);
      |                                                           [01;31m[K^~~~~~~~[m[K
[01m[K/home/kaibuchisoma/robocon_ws/src/robocon2023_b_dash/src/RoboconMsg/ABU2023_GenericOutput_Header.h:26:77:[m[K [01;31m[Kerror: [m[Kexpected primary-expression before â€˜[01m[Kcmd[m[Kâ€™
   26 | uint8_t MsgcmdCheck(ABU2023_GenericOutput_Header_Typedef *pABU2023, uint8_t [01;31m[Kcmd[m[K);
      |                                                                             [01;31m[K^~~[m[K
[01m[K/home/kaibuchisoma/robocon_ws/src/robocon2023_b_dash/src/RoboconMsg/ABU2023_GenericOutput_Header.h:26:80:[m[K [01;31m[Kerror: [m[Kexpression list treated as compound expression in initializer [[01;31m[K]8;;https://gcc.gnu.org/onlinedocs/gcc/Warning-Options.html#index-fpermissive-fpermissive]8;;[m[K]
   26 | uint8_t MsgcmdCheck(ABU2023_GenericOutput_Header_Typedef *pABU2023, uint8_t cmd[01;31m[K)[m[K;
      |                                                                                [01;31m[K^[m[K
[01m[K/home/kaibuchisoma/robocon_ws/src/robocon2023_b_dash/src/RoboconMsg/ABU2023_GenericOutput_Header.h:27:21:[m[K [01;31m[Kerror: [m[Kâ€˜[01m[KABU2023_GenericOutput_Header_Typedef[m[Kâ€™ was not declared in this scope
   27 | uint8_t MsgAllCheck([01;31m[KABU2023_GenericOutput_Header_Typedef[m[K *pABU2023,
      |                     [01;31m[K^~~~~~~~~~~~~~~~~~~~~~~~~~~~~~~~~~~~[m[K
[01m[K/home/kaibuchisoma/robocon_ws/src/robocon2023_b_dash/src/RoboconMsg/ABU2023_GenericOutput_Header.h:27:59:[m[K [01;31m[Kerror: [m[Kâ€˜[01m[KpABU2023[m[Kâ€™ was not declared in this scope
   27 | uint8_t MsgAllCheck(ABU2023_GenericOutput_Header_Typedef *[01;31m[KpABU2023[m[K,
      |                                                           [01;31m[K^~~~~~~~[m[K
[01m[K/home/kaibuchisoma/robocon_ws/src/robocon2023_b_dash/src/RoboconMsg/ABU2023_GenericOutput_Header.h:28:25:[m[K [01;31m[Kerror: [m[Kexpected primary-expression before â€˜[01m[Ktype1[m[Kâ€™
   28 |                 uint8_t [01;31m[Ktype1[m[K, uint8_t type2, uint8_t ID, uint8_t cmd);
      |                         [01;31m[K^~~~~[m[K
[01m[K/home/kaibuchisoma/robocon_ws/src/robocon2023_b_dash/src/RoboconMsg/ABU2023_GenericOutput_Header.h:28:40:[m[K [01;31m[Kerror: [m[Kexpected primary-expression before â€˜[01m[Ktype2[m[Kâ€™
   28 |                 uint8_t type1, uint8_t [01;31m[Ktype2[m[K, uint8_t ID, uint8_t cmd);
      |                                        [01;31m[K^~~~~[m[K
[01m[K/home/kaibuchisoma/robocon_ws/src/robocon2023_b_dash/src/RoboconMsg/ABU2023_GenericOutput_Header.h:28:55:[m[K [01;31m[Kerror: [m[Kexpected primary-expression before â€˜[01m[KID[m[Kâ€™
   28 |                 uint8_t type1, uint8_t type2, uint8_t [01;31m[KID[m[K, uint8_t cmd);
      |                                                       [01;31m[K^~[m[K
[01m[K/home/kaibuchisoma/robocon_ws/src/robocon2023_b_dash/src/RoboconMsg/ABU2023_GenericOutput_Header.h:28:67:[m[K [01;31m[Kerror: [m[Kexpected primary-expression before â€˜[01m[Kcmd[m[Kâ€™
   28 |                 uint8_t type1, uint8_t type2, uint8_t ID, uint8_t [01;31m[Kcmd[m[K);
      |                                                                   [01;31m[K^~~[m[K
[01m[K/home/kaibuchisoma/robocon_ws/src/robocon2023_b_dash/src/RoboconMsg/ABU2023_GenericOutput_Header.h:28:70:[m[K [01;31m[Kerror: [m[Kexpression list treated as compound expression in initializer [[01;31m[K]8;;https://gcc.gnu.org/onlinedocs/gcc/Warning-Options.html#index-fpermissive-fpermissive]8;;[m[K]
   28 |                 uint8_t type1, uint8_t type2, uint8_t ID, uint8_t cmd[01;31m[K)[m[K;
      |                                                                      [01;31m[K^[m[K
In file included from [01m[K/home/kaibuchisoma/robocon_ws/src/robocon2023_b_dash/src/Upper_Controller.cpp:2[m[K:
[01m[K/home/kaibuchisoma/robocon_ws/src/robocon2023_b_dash/src/Upper_Controller.hpp:21:1:[m[K [01;31m[Kerror: [m[Kversion control conflict marker in file
   21 | [01;31m[K<<<<<<<[m[K HEAD
      | [01;31m[K^~~~~~~[m[K
[01m[K/home/kaibuchisoma/robocon_ws/src/robocon2023_b_dash/src/Upper_Controller.hpp:24:57:[m[K [01;31m[Kerror: [m[Kâ€˜[01m[KInt16MultiArray[m[Kâ€™ in namespace â€˜[01m[Kstd_msgs::msg[m[Kâ€™ does not name a type; did you mean â€˜[01m[KByteMultiArray[m[Kâ€™?
   24 |     void ImageRecognition_Callback(const std_msgs::msg::[01;31m[KInt16MultiArray[m[K ::SharedPtr recognition_msg);
      |                                                         [01;31m[K^~~~~~~~~~~~~~~[m[K
      |                                                         [32m[KByteMultiArray[m[K
[01m[K/home/kaibuchisoma/robocon_ws/src/robocon2023_b_dash/src/Upper_Controller.hpp:24:85:[m[K [01;31m[Kerror: [m[Kexpected unqualified-id before â€˜[01m[Krecognition_msg[m[Kâ€™
   24 |     void ImageRecognition_Callback(const std_msgs::msg::Int16MultiArray ::SharedPtr [01;31m[Krecognition_msg[m[K);
      |                                                                                     [01;31m[K^~~~~~~~~~~~~~~[m[K
[01m[K/home/kaibuchisoma/robocon_ws/src/robocon2023_b_dash/src/Upper_Controller.hpp:24:84:[m[K [01;31m[Kerror: [m[Kexpected â€˜[01m[K)[m[Kâ€™ before â€˜[01m[Krecognition_msg[m[Kâ€™
   24 |     void ImageRecognition_Callback[34m[K([m[Kconst std_msgs::msg::Int16MultiArray ::SharedPtr[01;31m[K [m[K[32m[Krecognition_msg[m[K);
      |                                   [34m[K~[m[K                                                [01;31m[K^[m[K[32m[K~~~~~~~~~~~~~~~[m[K
      |                                                                                    [32m[K)[m[K
[01m[K/home/kaibuchisoma/robocon_ws/src/robocon2023_b_dash/src/Upper_Controller.hpp:24:75:[m[K [01;31m[Kerror: [m[Kexpected â€˜[01m[K;[m[Kâ€™ at end of member declaration
   24 |     void ImageRecognition_Callback(const std_msgs::msg::Int16MultiArray ::[01;31m[KSharedPtr[m[K recognition_msg);
      |                                                                           [01;31m[K^~~~~~~~~[m[K
      |                                                                                    [32m[K;[m[K
[01m[K/home/kaibuchisoma/robocon_ws/src/robocon2023_b_dash/src/Upper_Controller.hpp:24:85:[m[K [01;31m[Kerror: [m[Kâ€˜[01m[Krecognition_msg[m[Kâ€™ does not name a type
   24 |     void ImageRecognition_Callback(const std_msgs::msg::Int16MultiArray ::SharedPtr [01;31m[Krecognition_msg[m[K);
      |                                                                                     [01;31m[K^~~~~~~~~~~~~~~[m[K
[01m[K/home/kaibuchisoma/robocon_ws/src/robocon2023_b_dash/src/Upper_Controller.hpp:26:1:[m[K [01;31m[Kerror: [m[Kversion control conflict marker in file
   26 | [01;31m[K>>>>>>>[m[K origin/master
      | [01;31m[K^~~~~~~[m[K
[01m[K/home/kaibuchisoma/robocon_ws/src/robocon2023_b_dash/src/Upper_Controller.hpp:29:5:[m[K [01;31m[Kerror: [m[Kâ€˜[01m[KABU2023_GenericOutput_Header_Typedef[m[Kâ€™ does not name a type
   29 |     [01;31m[KABU2023_GenericOutput_Header_Typedef[m[K upper_msg;
      |     [01;31m[K^~~~~~~~~~~~~~~~~~~~~~~~~~~~~~~~~~~~[m[K
[01m[K/home/kaibuchisoma/robocon_ws/src/robocon2023_b_dash/src/Upper_Controller.cpp:3:1:[m[K [01;31m[Kerror: [m[Kversion control conflict marker in file
    3 | [01;31m[K<<<<<<<[m[K HEAD
      | [01;31m[K^~~~~~~[m[K
[01m[K/home/kaibuchisoma/robocon_ws/src/robocon2023_b_dash/src/Upper_Controller.cpp:13:1:[m[K [01;31m[Kerror: [m[Kversion control conflict marker in file
   13 | [01;31m[K>>>>>>>[m[K origin/master
      | [01;31m[K^~~~~~~[m[K
[01m[K/home/kaibuchisoma/robocon_ws/src/robocon2023_b_dash/src/Upper_Controller.cpp:[m[K In member function â€˜[01m[Kvoid Upper_Controller_Node::Joy_Callback(sensor_msgs::msg::Joy_<std::allocator<void> >::SharedPtr)[m[Kâ€™:
[01m[K/home/kaibuchisoma/robocon_ws/src/robocon2023_b_dash/src/Upper_Controller.cpp:50:1:[m[K [01;31m[Kerror: [m[Kversion control conflict marker in file
   50 | [01;31m[K<<<<<<<[m[K HEAD
      | [01;31m[K^~~~~~~[m[K
[01m[K/home/kaibuchisoma/robocon_ws/src/robocon2023_b_dash/src/Upper_Controller.cpp:56:5:[m[K [01;31m[Kerror: [m[Kâ€˜[01m[Kelse[m[Kâ€™ without a previous â€˜[01m[Kif[m[Kâ€™
   56 |     [01;31m[Kelse[m[K
      |     [01;31m[K^~~~[m[K
[01m[K/home/kaibuchisoma/robocon_ws/src/robocon2023_b_dash/src/Upper_Controller.cpp:58:1:[m[K [01;31m[Kerror: [m[Kversion control conflict marker in file
   58 | [01;31m[K=======[m[K
      | [01;31m[K^~~~~~~[m[K
[01m[K/home/kaibuchisoma/robocon_ws/src/robocon2023_b_dash/src/Upper_Controller.cpp:64:6:[m[K [01;31m[Kerror: [m[Kâ€˜[01m[Kelse[m[Kâ€™ without a previous â€˜[01m[Kif[m[Kâ€™
   64 |     }[01;31m[Kelse[m[K{
      |      [01;31m[K^~~~[m[K
[01m[K/home/kaibuchisoma/robocon_ws/src/robocon2023_b_dash/src/Upper_Controller.cpp:71:1:[m[K [01;31m[Kerror: [m[Kversion control conflict marker in file
   71 | [01;31m[K>>>>>>>[m[K origin/master
      | [01;31m[K^~~~~~~[m[K
[01m[K/home/kaibuchisoma/robocon_ws/src/robocon2023_b_dash/src/Upper_Controller.cpp:103:1:[m[K [01;31m[Kerror: [m[Kversion control conflict marker in file
  103 | [01;31m[K<<<<<<<[m[K HEAD
      | [01;31m[K^~~~~~~[m[K
[01m[K/home/kaibuchisoma/robocon_ws/src/robocon2023_b_dash/src/Upper_Controller.cpp:104:3:[m[K [01;31m[Kerror: [m[Kexpected primary-expression before â€˜[01m[K==[m[Kâ€™ token
  104 | ==[01;31m[K==[m[K===
      |   [01;31m[K^~[m[K
[01m[K/home/kaibuchisoma/robocon_ws/src/robocon2023_b_dash/src/Upper_Controller.cpp:104:5:[m[K [01;31m[Kerror: [m[Kexpected primary-expression before â€˜[01m[K==[m[Kâ€™ token
  104 | ====[01;31m[K==[m[K=
      |     [01;31m[K^~[m[K
[01m[K/home/kaibuchisoma/robocon_ws/src/robocon2023_b_dash/src/Upper_Controller.cpp:104:7:[m[K [01;31m[Kerror: [m[Kexpected primary-expression before â€˜[01m[K=[m[Kâ€™ token
  104 | ======[01;31m[K=[m[K
      |       [01;31m[K^[m[K
[01m[K/home/kaibuchisoma/robocon_ws/src/robocon2023_b_dash/src/Upper_Controller.cpp:105:1:[m[K [01;31m[Kerror: [m[Kexpected primary-expression before â€˜[01m[Kvoid[m[Kâ€™
  105 | [01;31m[Kvoid[m[K Upper_Controller_Node::ImageRecognition_Callback(const std_msgs::msg::Int16MultiArray::SharedPtr recognition_msg)
      | [01;31m[K^~~~[m[K
[01m[K/home/kaibuchisoma/robocon_ws/src/robocon2023_b_dash/src/Upper_Controller.cpp:143:1:[m[K [01;31m[Kerror: [m[Kversion control conflict marker in file
  143 | [01;31m[K>>>>>>>[m[K origin/master
      | [01;31m[K^~~~~~~[m[K
[01m[K/home/kaibuchisoma/robocon_ws/src/robocon2023_b_dash/src/Upper_Controller.cpp:227:2:[m[K [01;31m[Kerror: [m[Kexpected â€˜[01m[K}[m[Kâ€™ at end of input
  227 | }
      |  [01;31m[K^[m[K
[01m[K/home/kaibuchisoma/robocon_ws/src/robocon2023_b_dash/src/Upper_Controller.cpp:47:1:[m[K [01;36m[Knote: [m[Kto match this â€˜[01m[K{[m[Kâ€™
   47 | [01;36m[K{[m[K
      | [01;36m[K^[m[K
gmake[2]: *** [CMakeFiles/Upper_Controller.dir/build.make:76: CMakeFiles/Upper_Controller.dir/src/Upper_Controller.cpp.o] ã‚¨ãƒ©ãƒ¼ 1
gmake[1]: *** [CMakeFiles/Makefile2:261: CMakeFiles/Upper_Controller.dir/all] ã‚¨ãƒ©ãƒ¼ 2
gmake[1]: *** æœªå®Œäº†ã®ã‚¸ãƒ§ãƒ–ã‚’å¾…ã£ã¦ã„ã¾ã™....
gmake[2]: *** [CMakeFiles/DriveMotion.dir/build.make:76: CMakeFiles/DriveMotion.dir/src/Drive_Motion.cpp.o] ã‚¨ãƒ©ãƒ¼ 1
gmake[1]: *** [CMakeFiles/Makefile2:209: CMakeFiles/DriveMotion.dir/all] ã‚¨ãƒ©ãƒ¼ 2
gmake[2]: *** [CMakeFiles/SerialKIMD.dir/build.make:76: CMakeFiles/SerialKIMD.dir/src/SerialKIMD.cpp.o] ã‚¨ãƒ©ãƒ¼ 1
gmake[1]: *** [CMakeFiles/Makefile2:157: CMakeFiles/SerialKIMD.dir/all] ã‚¨ãƒ©ãƒ¼ 2
[ 81%] [32m[1mLinking CXX executable Drive_Controller[0m
[ 81%] Built target Drive_Controller
[ 86%] [32m[1mLinking CXX executable Xmove_Controller[0m
[ 86%] Built target Xmove_Controller
gmake: *** [Makefile:146: all] ã‚¨ãƒ©ãƒ¼ 2
