[0.371s] Invoking command in '/home/kaibuchisoma/robocon_ws/build/robocon2023_b_dash': CMAKE_PREFIX_PATH=${CMAKE_PREFIX_PATH}:/home/kaibuchisoma/robocon_ws/install/fruit_detection:/opt/ros/humble /usr/bin/cmake /home/kaibuchisoma/robocon_ws/src/robocon2023_b_dash -DCMAKE_INSTALL_PREFIX=/home/kaibuchisoma/robocon_ws/install/robocon2023_b_dash
[0.420s] -- The C compiler identification is GNU 11.4.0
[0.466s] -- The CXX compiler identification is GNU 11.4.0
[0.473s] -- Detecting C compiler ABI info
[0.534s] -- Detecting C compiler ABI info - done
[0.539s] -- Check for working C compiler: /usr/bin/cc - skipped
[0.540s] -- Detecting C compile features
[0.540s] -- Detecting C compile features - done
[0.542s] -- Detecting CXX compiler ABI info
[0.612s] -- Detecting CXX compiler ABI info - done
[0.618s] -- Check for working CXX compiler: /usr/bin/c++ - skipped
[0.618s] -- Detecting CXX compile features
[0.618s] -- Detecting CXX compile features - done
[0.621s] -- Found ament_cmake: 1.3.5 (/opt/ros/humble/share/ament_cmake/cmake)
[0.775s] -- Found Python3: /usr/bin/python3.10 (found version "3.10.12") found components: Interpreter 
[0.892s] -- Found rclcpp: 16.0.6 (/opt/ros/humble/share/rclcpp/cmake)
[0.930s] -- Found rosidl_generator_c: 3.1.5 (/opt/ros/humble/share/rosidl_generator_c/cmake)
[0.934s] -- Found rosidl_adapter: 3.1.5 (/opt/ros/humble/share/rosidl_adapter/cmake)
[0.941s] -- Found rosidl_generator_cpp: 3.1.5 (/opt/ros/humble/share/rosidl_generator_cpp/cmake)
[0.952s] -- Using all available rosidl_typesupport_c: rosidl_typesupport_fastrtps_c;rosidl_typesupport_introspection_c
[0.968s] -- Using all available rosidl_typesupport_cpp: rosidl_typesupport_fastrtps_cpp;rosidl_typesupport_introspection_cpp
[1.023s] -- Found rmw_implementation_cmake: 6.1.1 (/opt/ros/humble/share/rmw_implementation_cmake/cmake)
[1.025s] -- Found rmw_fastrtps_cpp: 6.2.4 (/opt/ros/humble/share/rmw_fastrtps_cpp/cmake)
[1.119s] -- Found OpenSSL: /usr/lib/x86_64-linux-gnu/libcrypto.so (found version "3.0.2")  
[1.144s] -- Found FastRTPS: /opt/ros/humble/include  
[1.187s] -- Using RMW implementation 'rmw_fastrtps_cpp' as default
[1.194s] -- Looking for pthread.h
[1.257s] -- Looking for pthread.h - found
[1.257s] -- Performing Test CMAKE_HAVE_LIBC_PTHREAD
[1.323s] -- Performing Test CMAKE_HAVE_LIBC_PTHREAD - Success
[1.324s] -- Found Threads: TRUE  
[1.461s] -- Found sensor_msgs: 4.2.3 (/opt/ros/humble/share/sensor_msgs/cmake)
[1.568s] -- Found ament_lint_auto: 0.12.8 (/opt/ros/humble/share/ament_lint_auto/cmake)
[1.633s] -- Added test 'copyright' to check source files copyright and LICENSE
[1.640s] -- Added test 'cppcheck' to perform static code analysis on C / C++ code
[1.641s] -- Configured cppcheck include dirs: 
[1.641s] -- Configured cppcheck exclude dirs and/or files: 
[1.649s] -- Added test 'cpplint' to check C / C++ code against the Google style
[1.649s] -- Configured cpplint exclude dirs and/or files: 
[1.650s] -- Added test 'flake8' to check Python code syntax and style conventions
[1.653s] -- Added test 'lint_cmake' to check CMake code style
[1.654s] -- Added test 'pep257' to check Python code against some of the docstring style conventions in PEP 257
[1.663s] -- Added test 'uncrustify' to check C / C++ code style
[1.663s] -- Configured uncrustify additional arguments: 
[1.664s] -- Added test 'xmllint' to check XML markup files
[1.666s] -- Configuring done
[1.709s] -- Generating done
[1.712s] -- Build files have been written to: /home/kaibuchisoma/robocon_ws/build/robocon2023_b_dash
[1.721s] Invoked command in '/home/kaibuchisoma/robocon_ws/build/robocon2023_b_dash' returned '0': CMAKE_PREFIX_PATH=${CMAKE_PREFIX_PATH}:/home/kaibuchisoma/robocon_ws/install/fruit_detection:/opt/ros/humble /usr/bin/cmake /home/kaibuchisoma/robocon_ws/src/robocon2023_b_dash -DCMAKE_INSTALL_PREFIX=/home/kaibuchisoma/robocon_ws/install/robocon2023_b_dash
[1.723s] Invoking command in '/home/kaibuchisoma/robocon_ws/build/robocon2023_b_dash': CMAKE_PREFIX_PATH=${CMAKE_PREFIX_PATH}:/home/kaibuchisoma/robocon_ws/install/fruit_detection:/opt/ros/humble /usr/bin/cmake --build /home/kaibuchisoma/robocon_ws/build/robocon2023_b_dash -- -j12 -l12
[1.761s] [35m[1mConsolidate compiler generated dependencies of target Drive_Controller[0m
[1.762s] [35m[1mConsolidate compiler generated dependencies of target Xmove_Controller[0m
[1.762s] [35m[1mConsolidate compiler generated dependencies of target SerialKIMD[0m
[1.762s] [35m[1mConsolidate compiler generated dependencies of target DriveMotion[0m
[1.762s] [35m[1mConsolidate compiler generated dependencies of target Crawl_Controller[0m
[1.762s] [35m[1mConsolidate compiler generated dependencies of target Solenoid_Controller[0m
[1.762s] [35m[1mConsolidate compiler generated dependencies of target BeltLiner_Controller[0m
[1.763s] [35m[1mConsolidate compiler generated dependencies of target Upper_Controller[0m
[1.775s] [35m[1mConsolidate compiler generated dependencies of target RopeMotion[0m
[1.776s] [35m[1mConsolidate compiler generated dependencies of target receiver[0m
[1.776s] [  4%] [32mBuilding CXX object CMakeFiles/DriveMotion.dir/src/Drive_Motion.cpp.o[0m
[1.776s] [  9%] [32mBuilding CXX object CMakeFiles/Drive_Controller.dir/src/Drive_Controller.cpp.o[0m
[1.776s] [35m[1mConsolidate compiler generated dependencies of target WallUpMotion[0m
[1.777s] [ 13%] [32mBuilding CXX object CMakeFiles/Upper_Controller.dir/src/Upper_Controller.cpp.o[0m
[1.778s] [ 18%] [32mBuilding CXX object CMakeFiles/Xmove_Controller.dir/src/Xmove_Controller.cpp.o[0m
[1.790s] [ 27%] Built target Solenoid_Controller
[1.798s] [ 36%] [32mBuilding CXX object CMakeFiles/SerialKIMD.dir/src/SerialKIMD.cpp.o[0m
[1.798s] [ 40%] Built target Crawl_Controller
[1.806s] [ 50%] Built target BeltLiner_Controller
[1.820s] [ 68%] Built target RopeMotion
[1.820s] [ 68%] Built target WallUpMotion
[1.828s] [ 77%] Built target receiver
[4.720s] In file included from [01m[K/home/kaibuchisoma/robocon_ws/src/robocon2023_b_dash/src/Xmove_Controller.hpp:8[m[K,
[4.721s]                  from [01m[K/home/kaibuchisoma/robocon_ws/src/robocon2023_b_dash/src/Xmove_Controller.cpp:2[m[K:
[4.721s] [01m[K/home/kaibuchisoma/robocon_ws/src/robocon2023_b_dash/src/RoboconMsg/ABU2023_GenericOutput_Header.h:14:16:[m[K [01;35m[Kwarning: [m[KISO C++ prohibits anonymous structs [[01;35m[K]8;;https://gcc.gnu.org/onlinedocs/gcc/Warning-Options.html#index-Wpedantic-Wpedantic]8;;[m[K]
[4.721s]    14 |         struct [01;35m[K{[m[K
[4.721s]       |                [01;35m[K^[m[K
[4.727s] In file included from [01m[K/home/kaibuchisoma/robocon_ws/src/robocon2023_b_dash/src/Drive_Motion.hpp:7[m[K,
[4.728s]                  from [01m[K/home/kaibuchisoma/robocon_ws/src/robocon2023_b_dash/src/Drive_Motion.cpp:2[m[K:
[4.728s] [01m[K/home/kaibuchisoma/robocon_ws/src/robocon2023_b_dash/src/RoboconMsg/ABU2023_GenericOutput_Header.h:14:16:[m[K [01;35m[Kwarning: [m[KISO C++ prohibits anonymous structs [[01;35m[K]8;;https://gcc.gnu.org/onlinedocs/gcc/Warning-Options.html#index-Wpedantic-Wpedantic]8;;[m[K]
[4.728s]    14 |         struct [01;35m[K{[m[K
[4.728s]       |                [01;35m[K^[m[K
[4.793s] [01m[K/home/kaibuchisoma/robocon_ws/src/robocon2023_b_dash/src/Drive_Motion.cpp:[m[K In constructor â€˜[01m[KDriveMotion_Node::DriveMotion_Node()[m[Kâ€™:
[4.793s] [01m[K/home/kaibuchisoma/robocon_ws/src/robocon2023_b_dash/src/Drive_Motion.cpp:22:1:[m[K [01;31m[Kerror: [m[Kversion control conflict marker in file
[4.794s]    22 | [01;31m[K<<<<<<<[m[K HEAD
[4.794s]       | [01;31m[K^~~~~~~[m[K
[4.815s] [01m[K/home/kaibuchisoma/robocon_ws/src/robocon2023_b_dash/src/Drive_Motion.cpp:27:1:[m[K [01;31m[Kerror: [m[Kversion control conflict marker in file
[4.815s]    27 | [01;31m[K=======[m[K
[4.816s]       | [01;31m[K^~~~~~~[m[K
[4.816s] [01m[K/home/kaibuchisoma/robocon_ws/src/robocon2023_b_dash/src/Drive_Motion.cpp:30:1:[m[K [01;31m[Kerror: [m[Kversion control conflict marker in file
[4.816s]    30 | [01;31m[K>>>>>>>[m[K origin/master
[4.816s]       | [01;31m[K^~~~~~~[m[K
[4.827s] [01m[K/home/kaibuchisoma/robocon_ws/src/robocon2023_b_dash/src/Drive_Motion.cpp:[m[K In member function â€˜[01m[Kvoid DriveMotion_Node::timer_callback()[m[Kâ€™:
[4.827s] [01m[K/home/kaibuchisoma/robocon_ws/src/robocon2023_b_dash/src/Drive_Motion.cpp:45:1:[m[K [01;31m[Kerror: [m[Kversion control conflict marker in file
[4.827s]    45 | [01;31m[K<<<<<<<[m[K HEAD
[4.828s]       | [01;31m[K^~~~~~~[m[K
[4.828s] [01m[K/home/kaibuchisoma/robocon_ws/src/robocon2023_b_dash/src/Drive_Motion.cpp:48:1:[m[K [01;31m[Kerror: [m[Kversion control conflict marker in file
[4.828s]    48 | [01;31m[K=======[m[K
[4.828s]       | [01;31m[K^~~~~~~[m[K
[4.828s] [01m[K/home/kaibuchisoma/robocon_ws/src/robocon2023_b_dash/src/Drive_Motion.cpp:51:1:[m[K [01;31m[Kerror: [m[Kversion control conflict marker in file
[4.828s]    51 | [01;31m[K>>>>>>>[m[K origin/master
[4.828s]       | [01;31m[K^~~~~~~[m[K
[4.840s] [01m[K/home/kaibuchisoma/robocon_ws/src/robocon2023_b_dash/src/Drive_Motion.cpp:53:5:[m[K [01;31m[Kerror: [m[Kâ€˜[01m[Kpub_msg[m[Kâ€™ was not declared in this scope
[4.840s]    53 |     [01;31m[Kpub_msg[m[K.data.resize(16 + 1);
[4.840s]       |     [01;31m[K^~~~~~~[m[K
[4.890s] In file included from [01m[K/home/kaibuchisoma/robocon_ws/src/robocon2023_b_dash/src/Drive_Controller.hpp:6[m[K,
[4.890s]                  from [01m[K/home/kaibuchisoma/robocon_ws/src/robocon2023_b_dash/src/Drive_Controller.cpp:2[m[K:
[4.891s] [01m[K/home/kaibuchisoma/robocon_ws/src/robocon2023_b_dash/src/RoboconMsg/ABU2023_GenericOutput_Header.h:14:16:[m[K [01;35m[Kwarning: [m[KISO C++ prohibits anonymous structs [[01;35m[K]8;;https://gcc.gnu.org/onlinedocs/gcc/Warning-Options.html#index-Wpedantic-Wpedantic]8;;[m[K]
[4.891s]    14 |         struct [01;35m[K{[m[K
[4.891s]       |                [01;35m[K^[m[K
[4.903s] [01m[K/home/kaibuchisoma/robocon_ws/src/robocon2023_b_dash/src/Xmove_Controller.cpp:[m[K In member function â€˜[01m[Kvoid Xmove_Controller_Node::Joy_Callback(sensor_msgs::msg::Joy_<std::allocator<void> >::SharedPtr)[m[Kâ€™:
[4.903s] [01m[K/home/kaibuchisoma/robocon_ws/src/robocon2023_b_dash/src/Xmove_Controller.cpp:29:81:[m[K [01;35m[Kwarning: [m[Kunused parameter â€˜[01m[Kjoy_msg[m[Kâ€™ [[01;35m[K]8;;https://gcc.gnu.org/onlinedocs/gcc/Warning-Options.html#index-Wunused-parameter-Wunused-parameter]8;;[m[K]
[4.903s]    29 | void Xmove_Controller_Node::Joy_Callback([01;35m[Kconst sensor_msgs::msg::Joy::SharedPtr joy_msg[m[K)
[4.904s]       |                                          [01;35m[K~~~~~~~~~~~~~~~~~~~~~~~~~~~~~~~~~~~~~~~^~~~~~~[m[K
[5.252s] In file included from [01m[K/home/kaibuchisoma/robocon_ws/src/robocon2023_b_dash/src/SerialKIMD.hpp:14[m[K,
[5.253s]                  from [01m[K/home/kaibuchisoma/robocon_ws/src/robocon2023_b_dash/src/SerialKIMD.cpp:2[m[K:
[5.253s] [01m[K/home/kaibuchisoma/robocon_ws/src/robocon2023_b_dash/src/RoboconMsg/ABU2023_GenericOutput_Header.h:14:16:[m[K [01;35m[Kwarning: [m[KISO C++ prohibits anonymous structs [[01;35m[K]8;;https://gcc.gnu.org/onlinedocs/gcc/Warning-Options.html#index-Wpedantic-Wpedantic]8;;[m[K]
[5.253s]    14 |         struct [01;35m[K{[m[K
[5.253s]       |                [01;35m[K^[m[K
[5.253s] In file included from [01m[K/home/kaibuchisoma/robocon_ws/src/robocon2023_b_dash/src/SerialKIMD.cpp:2[m[K:
[5.253s] [01m[K/home/kaibuchisoma/robocon_ws/src/robocon2023_b_dash/src/SerialKIMD.hpp:21:1:[m[K [01;31m[Kerror: [m[Kversion control conflict marker in file
[5.253s]    21 | [01;31m[K<<<<<<<[m[K HEAD
[5.254s]       | [01;31m[K^~~~~~~[m[K
[5.254s] In file included from [01m[K/home/kaibuchisoma/robocon_ws/src/robocon2023_b_dash/src/SerialKIMD.cpp:2[m[K:
[5.254s] [01m[K/home/kaibuchisoma/robocon_ws/src/robocon2023_b_dash/src/SerialKIMD.hpp:23:1:[m[K [01;31m[Kerror: [m[Kversion control conflict marker in file
[5.254s]    23 | [01;31m[K=======[m[K
[5.254s]       | [01;31m[K^~~~~~~[m[K
[5.254s] [01m[K/home/kaibuchisoma/robocon_ws/src/robocon2023_b_dash/src/SerialKIMD.hpp:25:1:[m[K [01;31m[Kerror: [m[Kversion control conflict marker in file
[5.254s]    25 | [01;31m[K>>>>>>>[m[K origin/master
[5.254s]       | [01;31m[K^~~~~~~[m[K
[5.254s] [01m[K/home/kaibuchisoma/robocon_ws/src/robocon2023_b_dash/src/SerialKIMD.hpp:33:1:[m[K [01;31m[Kerror: [m[Kversion control conflict marker in file
[5.254s]    33 | [01;31m[K<<<<<<<[m[K HEAD
[5.254s]       | [01;31m[K^~~~~~~[m[K
[5.254s] [01m[K/home/kaibuchisoma/robocon_ws/src/robocon2023_b_dash/src/SerialKIMD.hpp:35:1:[m[K [01;31m[Kerror: [m[Kversion control conflict marker in file
[5.254s]    35 | [01;31m[K=======[m[K
[5.255s]       | [01;31m[K^~~~~~~[m[K
[5.255s] [01m[K/home/kaibuchisoma/robocon_ws/src/robocon2023_b_dash/src/SerialKIMD.cpp:[m[K In constructor â€˜[01m[KSerialKIMD_Node::SerialKIMD_Node()[m[Kâ€™:
[5.255s] [01m[K/home/kaibuchisoma/robocon_ws/src/robocon2023_b_dash/src/SerialKIMD.cpp:6:18:[m[K [01;31m[Kerror: [m[Kâ€˜[01m[Kclass SerialKIMD_Node[m[Kâ€™ has no member named â€˜[01m[Ksend_msg[m[Kâ€™
[5.255s]     6 |     memset(this->[01;31m[Ksend_msg[m[K, 0, sizeof(this->send_msg));
[5.255s]       |                  [01;31m[K^~~~~~~~[m[K
[5.255s] [01m[K/home/kaibuchisoma/robocon_ws/src/robocon2023_b_dash/src/SerialKIMD.cpp:6:44:[m[K [01;31m[Kerror: [m[Kâ€˜[01m[Kclass SerialKIMD_Node[m[Kâ€™ has no member named â€˜[01m[Ksend_msg[m[Kâ€™
[5.255s]     6 |     memset(this->send_msg, 0, sizeof(this->[01;31m[Ksend_msg[m[K));
[5.255s]       |                                            [01;31m[K^~~~~~~~[m[K
[5.257s] [01m[K/home/kaibuchisoma/robocon_ws/src/robocon2023_b_dash/src/SerialKIMD.cpp:9:15:[m[K [01;31m[Kerror: [m[Kâ€˜[01m[Kclass SerialKIMD_Node[m[Kâ€™ has no member named â€˜[01m[Ksend_msg[m[Kâ€™
[5.257s]     9 |         this->[01;31m[Ksend_msg[m[K[i].ID = i;
[5.257s]       |               [01;31m[K^~~~~~~~[m[K
[5.257s] [01m[K/home/kaibuchisoma/robocon_ws/src/robocon2023_b_dash/src/SerialKIMD.cpp:12:11:[m[K [01;31m[Kerror: [m[Kâ€˜[01m[Kclass SerialKIMD_Node[m[Kâ€™ has no member named â€˜[01m[Kmotos_msg_header[m[Kâ€™
[5.257s]    12 |     this->[01;31m[Kmotos_msg_header[m[K.type[0] = 23;
[5.257s]       |           [01;31m[K^~~~~~~~~~~~~~~~[m[K
[5.258s] [01m[K/home/kaibuchisoma/robocon_ws/src/robocon2023_b_dash/src/SerialKIMD.cpp:13:11:[m[K [01;31m[Kerror: [m[Kâ€˜[01m[Kclass SerialKIMD_Node[m[Kâ€™ has no member named â€˜[01m[Kmotos_msg_header[m[Kâ€™
[5.258s]    13 |     this->[01;31m[Kmotos_msg_header[m[K.type[1] = 150;
[5.258s]       |           [01;31m[K^~~~~~~~~~~~~~~~[m[K
[5.258s] [01m[K/home/kaibuchisoma/robocon_ws/src/robocon2023_b_dash/src/SerialKIMD.cpp:14:11:[m[K [01;31m[Kerror: [m[Kâ€˜[01m[Kclass SerialKIMD_Node[m[Kâ€™ has no member named â€˜[01m[Kmotos_msg_header[m[Kâ€™
[5.258s]    14 |     this->[01;31m[Kmotos_msg_header[m[K.ID = 0;
[5.258s]       |           [01;31m[K^~~~~~~~~~~~~~~~[m[K
[5.258s] [01m[K/home/kaibuchisoma/robocon_ws/src/robocon2023_b_dash/src/SerialKIMD.cpp:15:11:[m[K [01;31m[Kerror: [m[Kâ€˜[01m[Kclass SerialKIMD_Node[m[Kâ€™ has no member named â€˜[01m[Kmotos_msg_header[m[Kâ€™
[5.258s]    15 |     this->[01;31m[Kmotos_msg_header[m[K.cmd = 7;
[5.258s]       |           [01;31m[K^~~~~~~~~~~~~~~~[m[K
[5.258s] [01m[K/home/kaibuchisoma/robocon_ws/src/robocon2023_b_dash/src/SerialKIMD.cpp:17:11:[m[K [01;31m[Kerror: [m[Kâ€˜[01m[Kclass SerialKIMD_Node[m[Kâ€™ has no member named â€˜[01m[Ksolenoid_msg[m[Kâ€™
[5.261s]    17 |     this->[01;31m[Ksolenoid_msg[m[K.type[0] = 23;
[5.261s]       |           [01;31m[K^~~~~~~~~~~~[m[K
[5.261s] [01m[K/home/kaibuchisoma/robocon_ws/src/robocon2023_b_dash/src/SerialKIMD.cpp:18:11:[m[K [01;31m[Kerror: [m[Kâ€˜[01m[Kclass SerialKIMD_Node[m[Kâ€™ has no member named â€˜[01m[Ksolenoid_msg[m[Kâ€™
[5.261s]    18 |     this->[01;31m[Ksolenoid_msg[m[K.type[1] = 151;
[5.261s]       |           [01;31m[K^~~~~~~~~~~~[m[K
[5.261s] [01m[K/home/kaibuchisoma/robocon_ws/src/robocon2023_b_dash/src/SerialKIMD.cpp:19:11:[m[K [01;31m[Kerror: [m[Kâ€˜[01m[Kclass SerialKIMD_Node[m[Kâ€™ has no member named â€˜[01m[Ksolenoid_msg[m[Kâ€™
[5.262s]    19 |     this->[01;31m[Ksolenoid_msg[m[K.ID = 0;
[5.262s]       |           [01;31m[K^~~~~~~~~~~~[m[K
[5.262s] [01m[K/home/kaibuchisoma/robocon_ws/src/robocon2023_b_dash/src/SerialKIMD.cpp:20:1:[m[K [01;31m[Kerror: [m[Kversion control conflict marker in file
[5.262s]    20 | [01;31m[K<<<<<<<[m[K HEAD
[5.262s]       | [01;31m[K^~~~~~~[m[K
[5.262s] [01m[K/home/kaibuchisoma/robocon_ws/src/robocon2023_b_dash/src/SerialKIMD.cpp:23:11:[m[K [01;31m[Kerror: [m[Kâ€˜[01m[Kclass SerialKIMD_Node[m[Kâ€™ has no member named â€˜[01m[KBeltSubscription[m[Kâ€™; did you mean â€˜[01m[Kcreate_subscription[m[Kâ€™?
[5.262s]    23 |     this->[01;31m[KBeltSubscription[m[K = this->create_subscription<std_msgs::msg::ByteMultiArray>("BeltOut", rclcpp::QoS(10), std::bind(&SerialKIMD_Node::BeltOut_Callback, this, std::placeholders::_1));
[5.262s]       |           [01;31m[K^~~~~~~~~~~~~~~~[m[K
[5.262s]       |           [32m[Kcreate_subscription[m[K
[5.324s] In file included from [01m[K/home/kaibuchisoma/robocon_ws/src/robocon2023_b_dash/src/Upper_Controller.cpp:2[m[K:
[5.324s] [01m[K/home/kaibuchisoma/robocon_ws/src/robocon2023_b_dash/src/Upper_Controller.hpp:5:1:[m[K [01;31m[Kerror: [m[Kversion control conflict marker in file
[5.324s]     5 | [01;31m[K<<<<<<<[m[K HEAD
[5.324s]       | [01;31m[K^~~~~~~[m[K
[5.324s] In file included from [01m[K/opt/ros/humble/include/std_msgs/std_msgs/msg/int16_multi_array.hpp:8[m[K,
[5.324s]                  from [01m[K/home/kaibuchisoma/robocon_ws/src/robocon2023_b_dash/src/Upper_Controller.hpp:7[m[K,
[5.325s]                  from [01m[K/home/kaibuchisoma/robocon_ws/src/robocon2023_b_dash/src/Upper_Controller.cpp:2[m[K:
[5.325s] [01m[K/opt/ros/humble/include/std_msgs/std_msgs/msg/detail/int16_multi_array__builder.hpp:27:70:[m[K [01;31m[Kerror: [m[Kexpected â€˜[01m[K)[m[Kâ€™ before â€˜[01m[K&[m[Kâ€™ token
[5.325s]    27 |   explicit Init_Int16MultiArray_data[34m[K([m[K::std_msgs::msg::Int16MultiArray[01;31m[K [m[K[32m[K&[m[K msg)
[5.325s]       |                                     [34m[K~[m[K                                [01;31m[K^[m[K[32m[K~[m[K
[5.325s]       |                                                                      [32m[K)[m[K
[5.325s] [01m[K/opt/ros/humble/include/std_msgs/std_msgs/msg/detail/int16_multi_array__builder.hpp:30:20:[m[K [01;31m[Kerror: [m[Kâ€˜[01m[KInt16MultiArray[m[Kâ€™ in namespace â€˜[01m[Kstd_msgs::msg[m[Kâ€™ does not name a type; did you mean â€˜[01m[KByteMultiArray[m[Kâ€™?
[5.325s]    30 |   ::std_msgs::msg::[01;31m[KInt16MultiArray[m[K data(::std_msgs::msg::Int16MultiArray::_data_type arg)
[5.325s]       |                    [01;31m[K^~~~~~~~~~~~~~~[m[K
[5.325s]       |                    [32m[KByteMultiArray[m[K
[5.325s] [01m[K/opt/ros/humble/include/std_msgs/std_msgs/msg/detail/int16_multi_array__builder.hpp:37:20:[m[K [01;31m[Kerror: [m[Kâ€˜[01m[KInt16MultiArray[m[Kâ€™ in namespace â€˜[01m[Kstd_msgs::msg[m[Kâ€™ does not name a type; did you mean â€˜[01m[KByteMultiArray[m[Kâ€™?
[5.325s]    37 |   ::std_msgs::msg::[01;31m[KInt16MultiArray[m[K msg_;
[5.325s]       |                    [01;31m[K^~~~~~~~~~~~~~~[m[K
[5.325s]       |                    [32m[KByteMultiArray[m[K
[5.326s] [01m[K/opt/ros/humble/include/std_msgs/std_msgs/msg/detail/int16_multi_array__builder.hpp:46:53:[m[K [01;31m[Kerror: [m[Kâ€˜[01m[Kstd_msgs::msg::Int16MultiArray[m[Kâ€™ has not been declared
[5.326s]    46 |   Init_Int16MultiArray_data layout(::std_msgs::msg::[01;31m[KInt16MultiArray[m[K::_layout_type arg)
[5.326s]       |                                                     [01;31m[K^~~~~~~~~~~~~~~[m[K
[5.326s] [01m[K/opt/ros/humble/include/std_msgs/std_msgs/msg/detail/int16_multi_array__builder.hpp:46:83:[m[K [01;31m[Kerror: [m[Kexpected â€˜[01m[K,[m[Kâ€™ or â€˜[01m[K...[m[Kâ€™ before â€˜[01m[Karg[m[Kâ€™
[5.326s]    46 |   Init_Int16MultiArray_data layout(::std_msgs::msg::Int16MultiArray::_layout_type [01;31m[Karg[m[K)
[5.326s]       |                                                                                   [01;31m[K^~~[m[K
[5.326s] [01m[K/opt/ros/humble/include/std_msgs/std_msgs/msg/detail/int16_multi_array__builder.hpp:53:20:[m[K [01;31m[Kerror: [m[Kâ€˜[01m[KInt16MultiArray[m[Kâ€™ in namespace â€˜[01m[Kstd_msgs::msg[m[Kâ€™ does not name a type; did you mean â€˜[01m[KByteMultiArray[m[Kâ€™?
[5.326s]    53 |   ::std_msgs::msg::[01;31m[KInt16MultiArray[m[K msg_;
[5.326s]       |                    [01;31m[K^~~~~~~~~~~~~~~[m[K
[5.326s]       |                    [32m[KByteMultiArray[m[K
[5.333s] [01m[K/opt/ros/humble/include/std_msgs/std_msgs/msg/detail/int16_multi_array__builder.hpp:[m[K In constructor â€˜[01m[Kstd_msgs::msg::builder::Init_Int16MultiArray_layout::Init_Int16MultiArray_layout()[m[Kâ€™:
[5.334s] [01m[K/opt/ros/humble/include/std_msgs/std_msgs/msg/detail/int16_multi_array__builder.hpp:44:5:[m[K [01;31m[Kerror: [m[Kclass â€˜[01m[Kstd_msgs::msg::builder::Init_Int16MultiArray_layout[m[Kâ€™ does not have any field named â€˜[01m[Kmsg_[m[Kâ€™
[5.334s]    44 |   : [01;31m[Kmsg_[m[K(::rosidl_runtime_cpp::MessageInitialization::SKIP)
[5.334s]       |     [01;31m[K^~~~[m[K
[5.336s] [01m[K/opt/ros/humble/include/std_msgs/std_msgs/msg/detail/int16_multi_array__builder.hpp:[m[K In member function â€˜[01m[Kstd_msgs::msg::builder::Init_Int16MultiArray_data std_msgs::msg::builder::Init_Int16MultiArray_layout::layout(int)[m[Kâ€™:
[5.336s] [01m[K/opt/ros/humble/include/std_msgs/std_msgs/msg/detail/int16_multi_array__builder.hpp:48:5:[m[K [01;31m[Kerror: [m[Kâ€˜[01m[Kmsg_[m[Kâ€™ was not declared in this scope; did you mean â€˜[01m[Kmsg[m[Kâ€™?
[5.336s]    48 |     [01;31m[Kmsg_[m[K.layout = std::move(arg);
[5.336s]       |     [01;31m[K^~~~[m[K
[5.336s]       |     [32m[Kmsg[m[K
[5.348s] [01m[K/opt/ros/humble/include/std_msgs/std_msgs/msg/detail/int16_multi_array__builder.hpp:48:29:[m[K [01;31m[Kerror: [m[Kâ€˜[01m[Karg[m[Kâ€™ was not declared in this scope
[5.348s]    48 |     msg_.layout = std::move([01;31m[Karg[m[K);
[5.348s]       |                             [01;31m[K^~~[m[K
[5.348s] [01m[K/opt/ros/humble/include/std_msgs/std_msgs/msg/detail/int16_multi_array__builder.hpp:[m[K At global scope:
[5.348s] [01m[K/opt/ros/humble/include/std_msgs/std_msgs/msg/detail/int16_multi_array__builder.hpp:65:29:[m[K [01;31m[Kerror: [m[Kâ€˜[01m[KInt16MultiArray[m[Kâ€™ is not a member of â€˜[01m[Kstd_msgs::msg[m[Kâ€™; did you mean â€˜[01m[KByteMultiArray[m[Kâ€™?
[5.348s]    65 | auto build<::std_msgs::msg::[01;31m[KInt16MultiArray[m[K>()
[5.348s]       |                             [01;31m[K^~~~~~~~~~~~~~~[m[K
[5.348s]       |                             [32m[KByteMultiArray[m[K
[5.348s] [01m[K/opt/ros/humble/include/std_msgs/std_msgs/msg/detail/int16_multi_array__builder.hpp:65:6:[m[K [01;31m[Kerror: [m[Ktemplate-id â€˜[01m[Kbuild<<expression error> >[m[Kâ€™ for â€˜[01m[Kauto std_msgs::build()[m[Kâ€™ does not match any template declaration
[5.349s]    65 | auto [01;31m[Kbuild<::std_msgs::msg::Int16MultiArray>[m[K()
[5.349s]       |      [01;31m[K^~~~~~~~~~~~~~~~~~~~~~~~~~~~~~~~~~~~~~~[m[K
[5.349s] In file included from [01m[K/opt/ros/humble/include/std_msgs/std_msgs/msg/byte_multi_array.hpp:8[m[K,
[5.349s]                  from [01m[K/home/kaibuchisoma/robocon_ws/src/robocon2023_b_dash/src/Upper_Controller.hpp:3[m[K,
[5.349s]                  from [01m[K/home/kaibuchisoma/robocon_ws/src/robocon2023_b_dash/src/Upper_Controller.cpp:2[m[K:
[5.349s] [01m[K/opt/ros/humble/include/std_msgs/std_msgs/msg/detail/byte_multi_array__builder.hpp:61:6:[m[K [01;36m[Knote: [m[Kcandidate is: â€˜[01m[Ktemplate<class MessageType> auto std_msgs::build()[m[Kâ€™
[5.349s]    61 | auto [01;36m[Kbuild[m[K();
[5.349s]       |      [01;36m[K^~~~~[m[K
[5.353s] In file included from [01m[K/opt/ros/humble/include/std_msgs/std_msgs/msg/int16_multi_array.hpp:9[m[K,
[5.353s]                  from [01m[K/home/kaibuchisoma/robocon_ws/src/robocon2023_b_dash/src/Upper_Controller.hpp:7[m[K,
[5.353s]                  from [01m[K/home/kaibuchisoma/robocon_ws/src/robocon2023_b_dash/src/Upper_Controller.cpp:2[m[K:
[5.353s] [01m[K/opt/ros/humble/include/std_msgs/std_msgs/msg/detail/int16_multi_array__traits.hpp:28:9:[m[K [01;31m[Kerror: [m[Kâ€˜[01m[KInt16MultiArray[m[Kâ€™ does not name a type; did you mean â€˜[01m[KByteMultiArray[m[Kâ€™?
[5.353s]    28 |   const [01;31m[KInt16MultiArray[m[K & msg,
[5.353s]       |         [01;31m[K^~~~~~~~~~~~~~~[m[K
[5.354s]       |         [32m[KByteMultiArray[m[K
[5.354s] [01m[K/opt/ros/humble/include/std_msgs/std_msgs/msg/detail/int16_multi_array__traits.hpp:[m[K In function â€˜[01m[Kvoid std_msgs::msg::to_flow_style_yaml(const int&, std::ostream&)[m[Kâ€™:
[5.354s] [01m[K/opt/ros/humble/include/std_msgs/std_msgs/msg/detail/int16_multi_array__traits.hpp:35:28:[m[K [01;31m[Kerror: [m[Krequest for member â€˜[01m[Klayout[m[Kâ€™ in â€˜[01m[Kmsg[m[Kâ€™, which is of non-class type â€˜[01m[Kconst int[m[Kâ€™
[5.354s]    35 |     to_flow_style_yaml(msg.[01;31m[Klayout[m[K, out);
[5.354s]       |                            [01;31m[K^~~~~~[m[K
[5.354s] [01m[K/opt/ros/humble/include/std_msgs/std_msgs/msg/detail/int16_multi_array__traits.hpp:41:13:[m[K [01;31m[Kerror: [m[Krequest for member â€˜[01m[Kdata[m[Kâ€™ in â€˜[01m[Kmsg[m[Kâ€™, which is of non-class type â€˜[01m[Kconst int[m[Kâ€™
[5.354s]    41 |     if (msg.[01;31m[Kdata[m[K.size() == 0) {
[5.355s]       |             [01;31m[K^~~~[m[K
[5.355s] [01m[K/opt/ros/humble/include/std_msgs/std_msgs/msg/detail/int16_multi_array__traits.hpp:45:34:[m[K [01;31m[Kerror: [m[Krequest for member â€˜[01m[Kdata[m[Kâ€™ in â€˜[01m[Kmsg[m[Kâ€™, which is of non-class type â€˜[01m[Kconst int[m[Kâ€™
[5.355s]    45 |       size_t pending_items = msg.[01;31m[Kdata[m[K.size();
[5.355s]       |                                  [01;31m[K^~~~[m[K
[5.355s] [01m[K/opt/ros/humble/include/std_msgs/std_msgs/msg/detail/int16_multi_array__traits.hpp:46:28:[m[K [01;31m[Kerror: [m[Krequest for member â€˜[01m[Kdata[m[Kâ€™ in â€˜[01m[Kmsg[m[Kâ€™, which is of non-class type â€˜[01m[Kconst int[m[Kâ€™
[5.355s]    46 |       for (auto item : msg.[01;31m[Kdata[m[K) {
[5.355s]       |                            [01;31m[K^~~~[m[K
[5.359s] [01m[K/opt/ros/humble/include/std_msgs/std_msgs/msg/detail/int16_multi_array__traits.hpp:[m[K At global scope:
[5.359s] [01m[K/opt/ros/humble/include/std_msgs/std_msgs/msg/detail/int16_multi_array__traits.hpp:59:9:[m[K [01;31m[Kerror: [m[Kâ€˜[01m[KInt16MultiArray[m[Kâ€™ does not name a type; did you mean â€˜[01m[KByteMultiArray[m[Kâ€™?
[5.359s]    59 |   const [01;31m[KInt16MultiArray[m[K & msg,
[5.359s]       |         [01;31m[K^~~~~~~~~~~~~~~[m[K
[5.359s]       |         [32m[KByteMultiArray[m[K
[5.360s] [01m[K/opt/ros/humble/include/std_msgs/std_msgs/msg/detail/int16_multi_array__traits.hpp:[m[K In function â€˜[01m[Kvoid std_msgs::msg::to_block_style_yaml(const int&, std::ostream&, size_t)[m[Kâ€™:
[5.361s] [01m[K/opt/ros/humble/include/std_msgs/std_msgs/msg/detail/int16_multi_array__traits.hpp:68:29:[m[K [01;31m[Kerror: [m[Krequest for member â€˜[01m[Klayout[m[Kâ€™ in â€˜[01m[Kmsg[m[Kâ€™, which is of non-class type â€˜[01m[Kconst int[m[Kâ€™
[5.361s]    68 |     to_block_style_yaml(msg.[01;31m[Klayout[m[K, out, indentation + 2);
[5.361s]       |                             [01;31m[K^~~~~~[m[K
[5.363s] [01m[K/opt/ros/humble/include/std_msgs/std_msgs/msg/detail/int16_multi_array__traits.hpp:76:13:[m[K [01;31m[Kerror: [m[Krequest for member â€˜[01m[Kdata[m[Kâ€™ in â€˜[01m[Kmsg[m[Kâ€™, which is of non-class type â€˜[01m[Kconst int[m[Kâ€™
[5.363s]    76 |     if (msg.[01;31m[Kdata[m[K.size() == 0) {
[5.363s]       |             [01;31m[K^~~~[m[K
[5.363s] [01m[K/opt/ros/humble/include/std_msgs/std_msgs/msg/detail/int16_multi_array__traits.hpp:80:28:[m[K [01;31m[Kerror: [m[Krequest for member â€˜[01m[Kdata[m[Kâ€™ in â€˜[01m[Kmsg[m[Kâ€™, which is of non-class type â€˜[01m[Kconst int[m[Kâ€™
[5.363s]    80 |       for (auto item : msg.[01;31m[Kdata[m[K) {
[5.364s]       |                            [01;31m[K^~~~[m[K
[5.364s] [01m[K/home/kaibuchisoma/robocon_ws/src/robocon2023_b_dash/src/SerialKIMD.cpp:24:11:[m[K [01;31m[Kerror: [m[Kâ€˜[01m[Kclass SerialKIMD_Node[m[Kâ€™ has no member named â€˜[01m[KCrowlSubscription[m[Kâ€™; did you mean â€˜[01m[Kcreate_subscription[m[Kâ€™?
[5.364s]    24 |     this->[01;31m[KCrowlSubscription[m[K = this->create_subscription<std_msgs::msg::ByteMultiArray>("CrawlOut", rclcpp::QoS(10), std::bind(&SerialKIMD_Node::Crowl_Callback, this, std::placeholders::_1));
[5.364s]       |           [01;31m[K^~~~~~~~~~~~~~~~~[m[K
[5.364s]       |           [32m[Kcreate_subscription[m[K
[5.364s] [01m[K/home/kaibuchisoma/robocon_ws/src/robocon2023_b_dash/src/SerialKIMD.cpp:25:11:[m[K [01;31m[Kerror: [m[Kâ€˜[01m[Kclass SerialKIMD_Node[m[Kâ€™ has no member named â€˜[01m[KDriveSubscription[m[Kâ€™; did you mean â€˜[01m[Kcreate_subscription[m[Kâ€™?
[5.364s]    25 |     this->[01;31m[KDriveSubscription[m[K = this->create_subscription<std_msgs::msg::ByteMultiArray>("DriveOut", rclcpp::QoS(10), std::bind(&SerialKIMD_Node::Drive_Callback, this, std::placeholders::_1));
[5.364s]       |           [01;31m[K^~~~~~~~~~~~~~~~~[m[K
[5.364s]       |           [32m[Kcreate_subscription[m[K
[5.364s] [01m[K/home/kaibuchisoma/robocon_ws/src/robocon2023_b_dash/src/SerialKIMD.cpp:26:11:[m[K [01;31m[Kerror: [m[Kâ€˜[01m[Kclass SerialKIMD_Node[m[Kâ€™ has no member named â€˜[01m[KUpperSubscription[m[Kâ€™; did you mean â€˜[01m[Kcreate_subscription[m[Kâ€™?
[5.364s]    26 |     this->[01;31m[KUpperSubscription[m[K = this->create_subscription<std_msgs::msg::ByteMultiArray>("UpperOut", rclcpp::QoS(10), std::bind(&SerialKIMD_Node::Upper_Callback, this, std::placeholders::_1));
[5.365s]       |           [01;31m[K^~~~~~~~~~~~~~~~~[m[K
[5.365s]       |           [32m[Kcreate_subscription[m[K
[5.367s] [01m[K/home/kaibuchisoma/robocon_ws/src/robocon2023_b_dash/src/SerialKIMD.cpp:27:11:[m[K [01;31m[Kerror: [m[Kâ€˜[01m[Kclass SerialKIMD_Node[m[Kâ€™ has no member named â€˜[01m[KXmoveSubscription[m[Kâ€™; did you mean â€˜[01m[Kcreate_subscription[m[Kâ€™?
[5.367s]    27 |     this->[01;31m[KXmoveSubscription[m[K = this->create_subscription<std_msgs::msg::ByteMultiArray>("XmoveOut", rclcpp::QoS(10), std::bind(&SerialKIMD_Node::Xmove_Callback, this, std::placeholders::_1));
[5.367s]       |           [01;31m[K^~~~~~~~~~~~~~~~~[m[K
[5.367s]       |           [32m[Kcreate_subscription[m[K
[5.367s] [01m[K/home/kaibuchisoma/robocon_ws/src/robocon2023_b_dash/src/SerialKIMD.cpp:28:11:[m[K [01;31m[Kerror: [m[Kâ€˜[01m[Kclass SerialKIMD_Node[m[Kâ€™ has no member named â€˜[01m[KSolenoidSubscription[m[Kâ€™
[5.367s]    28 |     this->[01;31m[KSolenoidSubscription[m[K = this->create_subscription<std_msgs::msg::ByteMultiArray>("SolenoidOut", rclcpp::QoS(10), std::bind(&SerialKIMD_Node::Solenoid_Callback, this, std::placeholders::_1));
[5.368s]       |           [01;31m[K^~~~~~~~~~~~~~~~~~~~[m[K
[5.368s] [01m[K/home/kaibuchisoma/robocon_ws/src/robocon2023_b_dash/src/SerialKIMD.cpp:28:151:[m[K [01;31m[Kerror: [m[Kâ€˜[01m[KSolenoid_Callback[m[Kâ€™ is not a member of â€˜[01m[KSerialKIMD_Node[m[Kâ€™
[5.368s]    28 |     this->SolenoidSubscription = this->create_subscription<std_msgs::msg::ByteMultiArray>("SolenoidOut", rclcpp::QoS(10), std::bind(&SerialKIMD_Node::[01;31m[KSolenoid_Callback[m[K, this, std::placeholders::_1));
[5.368s]       |                                                                                                                                                       [01;31m[K^~~~~~~~~~~~~~~~~[m[K
[5.368s] [01m[K/home/kaibuchisoma/robocon_ws/src/robocon2023_b_dash/src/SerialKIMD.cpp:29:1:[m[K [01;31m[Kerror: [m[Kversion control conflict marker in file
[5.368s]    29 | [01;31m[K=======[m[K
[5.368s]       | [01;31m[K^~~~~~~[m[K
[5.368s] [01m[K/home/kaibuchisoma/robocon_ws/src/robocon2023_b_dash/src/SerialKIMD.cpp:32:11:[m[K [01;31m[Kerror: [m[Kâ€˜[01m[Kclass SerialKIMD_Node[m[Kâ€™ has no member named â€˜[01m[KBeltSubscription[m[Kâ€™; did you mean â€˜[01m[Kcreate_subscription[m[Kâ€™?
[5.368s]    32 |     this->[01;31m[KBeltSubscription[m[K = this->create_subscription<std_msgs::msg::ByteMultiArray>("BeltOut", rclcpp::QoS(10), std::bind(&SerialKIMD_Node::BeltOut_Callback, this, std::placeholders::_1));
[5.368s]       |           [01;31m[K^~~~~~~~~~~~~~~~[m[K
[5.372s]       |           [32m[Kcreate_subscription[m[K
[5.372s] [01m[K/home/kaibuchisoma/robocon_ws/src/robocon2023_b_dash/src/SerialKIMD.cpp:33:11:[m[K [01;31m[Kerror: [m[Kâ€˜[01m[Kclass SerialKIMD_Node[m[Kâ€™ has no member named â€˜[01m[KCrowlSubscription[m[Kâ€™; did you mean â€˜[01m[Kcreate_subscription[m[Kâ€™?
[5.373s]    33 |     this->[01;31m[KCrowlSubscription[m[K = this->create_subscription<std_msgs::msg::ByteMultiArray>("CrowlOut", rclcpp::QoS(10), std::bind(&SerialKIMD_Node::Crowl_Callback, this, std::placeholders::_1));
[5.373s]       |           [01;31m[K^~~~~~~~~~~~~~~~~[m[K
[5.373s]       |           [32m[Kcreate_subscription[m[K
[5.373s] [01m[K/opt/ros/humble/include/std_msgs/std_msgs/msg/detail/int16_multi_array__traits.hpp:[m[K At global scope:
[5.373s] [01m[K/opt/ros/humble/include/std_msgs/std_msgs/msg/detail/int16_multi_array__traits.hpp:92:34:[m[K [01;31m[Kerror: [m[Kâ€˜[01m[KInt16MultiArray[m[Kâ€™ does not name a type; did you mean â€˜[01m[KByteMultiArray[m[Kâ€™?
[5.373s]    92 | inline std::string to_yaml(const [01;31m[KInt16MultiArray[m[K & msg, bool use_flow_style = false)
[5.373s]       |                                  [01;31m[K^~~~~~~~~~~~~~~[m[K
[5.373s]       |                                  [32m[KByteMultiArray[m[K
[5.373s] [01m[K/opt/ros/humble/include/std_msgs/std_msgs/msg/detail/int16_multi_array__traits.hpp:112:24:[m[K [01;31m[Kerror: [m[Kâ€˜[01m[KInt16MultiArray[m[Kâ€™ in namespace â€˜[01m[Kstd_msgs::msg[m[Kâ€™ does not name a type; did you mean â€˜[01m[KByteMultiArray[m[Kâ€™?
[5.373s]   112 |   const std_msgs::msg::[01;31m[KInt16MultiArray[m[K & msg,
[5.373s]       |                        [01;31m[K^~~~~~~~~~~~~~~[m[K
[5.374s]       |                        [32m[KByteMultiArray[m[K
[5.374s] [01m[K/opt/ros/humble/include/std_msgs/std_msgs/msg/detail/int16_multi_array__traits.hpp:119:49:[m[K [01;31m[Kerror: [m[Kâ€˜[01m[KInt16MultiArray[m[Kâ€™ in namespace â€˜[01m[Kstd_msgs::msg[m[Kâ€™ does not name a type; did you mean â€˜[01m[KByteMultiArray[m[Kâ€™?
[5.374s]   119 | inline std::string to_yaml(const std_msgs::msg::[01;31m[KInt16MultiArray[m[K & msg)
[5.374s]       |                                                 [01;31m[K^~~~~~~~~~~~~~~[m[K
[5.374s]       |                                                 [32m[KByteMultiArray[m[K
[5.374s] [01m[K/opt/ros/humble/include/std_msgs/std_msgs/msg/detail/int16_multi_array__traits.hpp:125:46:[m[K [01;31m[Kerror: [m[Kâ€˜[01m[KInt16MultiArray[m[Kâ€™ is not a member of â€˜[01m[Kstd_msgs::msg[m[Kâ€™; did you mean â€˜[01m[KByteMultiArray[m[Kâ€™?
[5.374s]   125 | inline const char * data_type<std_msgs::msg::[01;31m[KInt16MultiArray[m[K>()
[5.374s]       |                                              [01;31m[K^~~~~~~~~~~~~~~[m[K
[5.374s]       |                                              [32m[KByteMultiArray[m[K
[5.374s] [01m[K/opt/ros/humble/include/std_msgs/std_msgs/msg/detail/int16_multi_array__traits.hpp:125:21:[m[K [01;31m[Kerror: [m[Ktemplate-id â€˜[01m[Kdata_type<<expression error> >[m[Kâ€™ for â€˜[01m[Kconst char* rosidl_generator_traits::data_type()[m[Kâ€™ does not match any template declaration
[5.375s]   125 | inline const char * [01;31m[Kdata_type<std_msgs::msg::Int16MultiArray>[m[K()
[5.375s]       |                     [01;31m[K^~~~~~~~~~~~~~~~~~~~~~~~~~~~~~~~~~~~~~~~~[m[K
[5.375s] In file included from [01m[K/opt/ros/humble/include/builtin_interfaces/builtin_interfaces/msg/detail/duration__traits.hpp:15[m[K,
[5.377s]                  from [01m[K/opt/ros/humble/include/builtin_interfaces/builtin_interfaces/msg/duration.hpp:9[m[K,
[5.377s]                  from [01m[K/opt/ros/humble/include/rclcpp/rclcpp/duration.hpp:20[m[K,
[5.377s]                  from [01m[K/opt/ros/humble/include/rclcpp/rclcpp/qos.hpp:20[m[K,
[5.377s]                  from [01m[K/opt/ros/humble/include/rclcpp/rclcpp/node_interfaces/node_graph_interface.hpp:32[m[K,
[5.378s]                  from [01m[K/opt/ros/humble/include/rclcpp/rclcpp/client.hpp:42[m[K,
[5.378s]                  from [01m[K/opt/ros/humble/include/rclcpp/rclcpp/callback_group.hpp:24[m[K,
[5.378s]                  from [01m[K/opt/ros/humble/include/rclcpp/rclcpp/any_executable.hpp:20[m[K,
[5.378s]                  from [01m[K/opt/ros/humble/include/rclcpp/rclcpp/memory_strategy.hpp:25[m[K,
[5.378s]                  from [01m[K/opt/ros/humble/include/rclcpp/rclcpp/memory_strategies.hpp:18[m[K,
[5.378s]                  from [01m[K/opt/ros/humble/include/rclcpp/rclcpp/executor_options.hpp:20[m[K,
[5.378s]                  from [01m[K/opt/ros/humble/include/rclcpp/rclcpp/executor.hpp:37[m[K,
[5.378s]                  from [01m[K/opt/ros/humble/include/rclcpp/rclcpp/executors/multi_threaded_executor.hpp:25[m[K,
[5.378s]                  from [01m[K/opt/ros/humble/include/rclcpp/rclcpp/executors.hpp:21[m[K,
[5.379s]                  from [01m[K/opt/ros/humble/include/rclcpp/rclcpp/rclcpp.hpp:155[m[K,
[5.379s]                  from [01m[K/home/kaibuchisoma/robocon_ws/src/robocon2023_b_dash/src/Upper_Controller.cpp:1[m[K:
[5.379s] [01m[K/opt/ros/humble/include/rosidl_runtime_cpp/rosidl_runtime_cpp/traits.hpp:152:21:[m[K [01;36m[Knote: [m[Kcandidate is: â€˜[01m[Ktemplate<class T> const char* rosidl_generator_traits::data_type()[m[Kâ€™
[5.379s]   152 | inline const char * [01;36m[Kdata_type[m[K();
[5.379s]       |                     [01;36m[K^~~~~~~~~[m[K
[5.379s] In file included from [01m[K/opt/ros/humble/include/std_msgs/std_msgs/msg/int16_multi_array.hpp:9[m[K,
[5.379s]                  from [01m[K/home/kaibuchisoma/robocon_ws/src/robocon2023_b_dash/src/Upper_Controller.hpp:7[m[K,
[5.379s]                  from [01m[K/home/kaibuchisoma/robocon_ws/src/robocon2023_b_dash/src/Upper_Controller.cpp:2[m[K:
[5.379s] [01m[K/opt/ros/humble/include/std_msgs/std_msgs/msg/detail/int16_multi_array__traits.hpp:131:41:[m[K [01;31m[Kerror: [m[Kâ€˜[01m[KInt16MultiArray[m[Kâ€™ is not a member of â€˜[01m[Kstd_msgs::msg[m[Kâ€™; did you mean â€˜[01m[KByteMultiArray[m[Kâ€™?
[5.380s]   131 | inline const char * name<std_msgs::msg::[01;31m[KInt16MultiArray[m[K>()
[5.380s]       |                                         [01;31m[K^~~~~~~~~~~~~~~[m[K
[5.380s]       |                                         [32m[KByteMultiArray[m[K
[5.380s] [01m[K/opt/ros/humble/include/std_msgs/std_msgs/msg/detail/int16_multi_array__traits.hpp:131:21:[m[K [01;31m[Kerror: [m[Ktemplate-id â€˜[01m[Kname<<expression error> >[m[Kâ€™ for â€˜[01m[Kconst char* rosidl_generator_traits::name()[m[Kâ€™ does not match any template declaration
[5.380s]   131 | inline const char * [01;31m[Kname<std_msgs::msg::Int16MultiArray>[m[K()
[5.380s]       |                     [01;31m[K^~~~~~~~~~~~~~~~~~~~~~~~~~~~~~~~~~~~[m[K
[5.380s] In file included from [01m[K/opt/ros/humble/include/builtin_interfaces/builtin_interfaces/msg/detail/duration__traits.hpp:15[m[K,
[5.380s]                  from [01m[K/opt/ros/humble/include/builtin_interfaces/builtin_interfaces/msg/duration.hpp:9[m[K,
[5.380s]                  from [01m[K/opt/ros/humble/include/rclcpp/rclcpp/duration.hpp:20[m[K,
[5.380s]                  from [01m[K/opt/ros/humble/include/rclcpp/rclcpp/qos.hpp:20[m[K,
[5.380s]                  from [01m[K/opt/ros/humble/include/rclcpp/rclcpp/node_interfaces/node_graph_interface.hpp:32[m[K,
[5.381s]                  from [01m[K/opt/ros/humble/include/rclcpp/rclcpp/client.hpp:42[m[K,
[5.381s]                  from [01m[K/opt/ros/humble/include/rclcpp/rclcpp/callback_group.hpp:24[m[K,
[5.381s]                  from [01m[K/opt/ros/humble/include/rclcpp/rclcpp/any_executable.hpp:20[m[K,
[5.381s]                  from [01m[K/opt/ros/humble/include/rclcpp/rclcpp/memory_strategy.hpp:25[m[K,
[5.381s]                  from [01m[K/opt/ros/humble/include/rclcpp/rclcpp/memory_strategies.hpp:18[m[K,
[5.381s]                  from [01m[K/opt/ros/humble/include/rclcpp/rclcpp/executor_options.hpp:20[m[K,
[5.381s]                  from [01m[K/opt/ros/humble/include/rclcpp/rclcpp/executor.hpp:37[m[K,
[5.381s]                  from [01m[K/opt/ros/humble/include/rclcpp/rclcpp/executors/multi_threaded_executor.hpp:25[m[K,
[5.381s]                  from [01m[K/opt/ros/humble/include/rclcpp/rclcpp/executors.hpp:21[m[K,
[5.381s]                  from [01m[K/opt/ros/humble/include/rclcpp/rclcpp/rclcpp.hpp:155[m[K,
[5.381s]                  from [01m[K/home/kaibuchisoma/robocon_ws/src/robocon2023_b_dash/src/Upper_Controller.cpp:1[m[K:
[5.382s] [01m[K/opt/ros/humble/include/rosidl_runtime_cpp/rosidl_runtime_cpp/traits.hpp:155:21:[m[K [01;36m[Knote: [m[Kcandidate is: â€˜[01m[Ktemplate<class T> const char* rosidl_generator_traits::name()[m[Kâ€™
[5.382s]   155 | inline const char * [01;36m[Kname[m[K();
[5.382s]       |                     [01;36m[K^~~~[m[K
[5.382s] In file included from [01m[K/opt/ros/humble/include/std_msgs/std_msgs/msg/int16_multi_array.hpp:9[m[K,
[5.382s]                  from [01m[K/home/kaibuchisoma/robocon_ws/src/robocon2023_b_dash/src/Upper_Controller.hpp:7[m[K,
[5.382s]                  from [01m[K/home/kaibuchisoma/robocon_ws/src/robocon2023_b_dash/src/Upper_Controller.cpp:2[m[K:
[5.382s] [01m[K/opt/ros/humble/include/std_msgs/std_msgs/msg/detail/int16_multi_array__traits.hpp:137:38:[m[K [01;31m[Kerror: [m[Kâ€˜[01m[KInt16MultiArray[m[Kâ€™ is not a member of â€˜[01m[Kstd_msgs::msg[m[Kâ€™; did you mean â€˜[01m[KByteMultiArray[m[Kâ€™?
[5.382s]   137 | struct has_fixed_size<std_msgs::msg::[01;31m[KInt16MultiArray[m[K>
[5.382s]       |                                      [01;31m[K^~~~~~~~~~~~~~~[m[K
[5.382s]       |                                      [32m[KByteMultiArray[m[K
[5.382s] [01m[K/home/kaibuchisoma/robocon_ws/src/robocon2023_b_dash/src/SerialKIMD.cpp:34:11:[m[K [01;31m[Kerror: [m[Kâ€˜[01m[Kclass SerialKIMD_Node[m[Kâ€™ has no member named â€˜[01m[KDriveSubscription[m[Kâ€™; did you mean â€˜[01m[Kcreate_subscription[m[Kâ€™?
[5.383s]    34 |     this->[01;31m[KDriveSubscription[m[K = this->create_subscription<std_msgs::msg::ByteMultiArray>("DriveOut", rclcpp::QoS(10), std::bind(&SerialKIMD_Node::Drive_Callback, this, std::placeholders::_1));
[5.383s]       |           [01;31m[K^~~~~~~~~~~~~~~~~[m[K
[5.383s]       |           [32m[Kcreate_subscription[m[K
[5.389s] [01m[K/opt/ros/humble/include/std_msgs/std_msgs/msg/detail/int16_multi_array__traits.hpp:137:53:[m[K [01;31m[Kerror: [m[Ktemplate argument 1 is invalid
[5.390s]   137 | struct has_fixed_size<std_msgs::msg::Int16MultiArray[01;31m[K>[m[K
[5.390s]       |                                                     [01;31m[K^[m[K
[5.390s] [01m[K/opt/ros/humble/include/std_msgs/std_msgs/msg/detail/int16_multi_array__traits.hpp:141:40:[m[K [01;31m[Kerror: [m[Kâ€˜[01m[KInt16MultiArray[m[Kâ€™ is not a member of â€˜[01m[Kstd_msgs::msg[m[Kâ€™; did you mean â€˜[01m[KByteMultiArray[m[Kâ€™?
[5.390s]   141 | struct has_bounded_size<std_msgs::msg::[01;31m[KInt16MultiArray[m[K>
[5.390s]       |                                        [01;31m[K^~~~~~~~~~~~~~~[m[K
[5.390s]       |                                        [32m[KByteMultiArray[m[K
[5.390s] [01m[K/opt/ros/humble/include/std_msgs/std_msgs/msg/detail/int16_multi_array__traits.hpp:141:55:[m[K [01;31m[Kerror: [m[Ktemplate argument 1 is invalid
[5.391s]   141 | struct has_bounded_size<std_msgs::msg::Int16MultiArray[01;31m[K>[m[K
[5.391s]       |                                                       [01;31m[K^[m[K
[5.391s] [01m[K/opt/ros/humble/include/std_msgs/std_msgs/msg/detail/int16_multi_array__traits.hpp:145:34:[m[K [01;31m[Kerror: [m[Kâ€˜[01m[KInt16MultiArray[m[Kâ€™ is not a member of â€˜[01m[Kstd_msgs::msg[m[Kâ€™; did you mean â€˜[01m[KByteMultiArray[m[Kâ€™?
[5.392s]   145 | struct is_message<std_msgs::msg::[01;31m[KInt16MultiArray[m[K>
[5.392s]       |                                  [01;31m[K^~~~~~~~~~~~~~~[m[K
[5.392s]       |                                  [32m[KByteMultiArray[m[K
[5.392s] [01m[K/home/kaibuchisoma/robocon_ws/src/robocon2023_b_dash/src/SerialKIMD.cpp:35:11:[m[K [01;31m[Kerror: [m[Kâ€˜[01m[Kclass SerialKIMD_Node[m[Kâ€™ has no member named â€˜[01m[KUpperSubscription[m[Kâ€™; did you mean â€˜[01m[Kcreate_subscription[m[Kâ€™?
[5.392s]    35 |     this->[01;31m[KUpperSubscription[m[K = this->create_subscription<std_msgs::msg::ByteMultiArray>("UpperOut", rclcpp::QoS(10), std::bind(&SerialKIMD_Node::Upper_Callback, this, std::placeholders::_1));
[5.392s]       |           [01;31m[K^~~~~~~~~~~~~~~~~[m[K
[5.393s]       |           [32m[Kcreate_subscription[m[K
[5.393s] [01m[K/opt/ros/humble/include/std_msgs/std_msgs/msg/detail/int16_multi_array__traits.hpp:145:49:[m[K [01;31m[Kerror: [m[Ktemplate argument 1 is invalid
[5.393s]   145 | struct is_message<std_msgs::msg::Int16MultiArray[01;31m[K>[m[K
[5.393s]       |                                                 [01;31m[K^[m[K
[5.393s] In file included from [01m[K/home/kaibuchisoma/robocon_ws/src/robocon2023_b_dash/src/Upper_Controller.cpp:2[m[K:
[5.393s] [01m[K/home/kaibuchisoma/robocon_ws/src/robocon2023_b_dash/src/Upper_Controller.hpp:8:1:[m[K [01;31m[Kerror: [m[Kversion control conflict marker in file
[5.393s]     8 | [01;31m[K>>>>>>>[m[K origin/master
[5.393s]       | [01;31m[K^~~~~~~[m[K
[5.393s] [01m[K/home/kaibuchisoma/robocon_ws/src/robocon2023_b_dash/src/SerialKIMD.cpp:36:11:[m[K [01;31m[Kerror: [m[Kâ€˜[01m[Kclass SerialKIMD_Node[m[Kâ€™ has no member named â€˜[01m[KXmoveSubscription[m[Kâ€™; did you mean â€˜[01m[Kcreate_subscription[m[Kâ€™?
[5.393s]    36 |     this->[01;31m[KXmoveSubscription[m[K = this->create_subscription<std_msgs::msg::ByteMultiArray>("XmoveOut", rclcpp::QoS(10), std::bind(&SerialKIMD_Node::Xmove_Callback, this, std::placeholders::_1));
[5.394s]       |           [01;31m[K^~~~~~~~~~~~~~~~~[m[K
[5.394s]       |           [32m[Kcreate_subscription[m[K
[5.394s] [01m[K/home/kaibuchisoma/robocon_ws/src/robocon2023_b_dash/src/SerialKIMD.cpp:37:1:[m[K [01;31m[Kerror: [m[Kversion control conflict marker in file
[5.394s]    37 | [01;31m[K>>>>>>>[m[K origin/master
[5.394s]       | [01;31m[K^~~~~~~[m[K
[5.402s] [01m[K/home/kaibuchisoma/robocon_ws/src/robocon2023_b_dash/src/SerialKIMD.cpp:[m[K In member function â€˜[01m[Kvoid SerialKIMD_Node::BeltOut_Callback(std_msgs::msg::ByteMultiArray_<std::allocator<void> >::SharedPtr)[m[Kâ€™:
[5.402s] [01m[K/home/kaibuchisoma/robocon_ws/src/robocon2023_b_dash/src/SerialKIMD.cpp:53:15:[m[K [01;31m[Kerror: [m[Kâ€˜[01m[Kclass SerialKIMD_Node[m[Kâ€™ has no member named â€˜[01m[Ksend_msg[m[Kâ€™
[5.402s]    53 |         this->[01;31m[Ksend_msg[m[K[4].bin[i] = md_msg->data[i];
[5.403s]       |               [01;31m[K^~~~~~~~[m[K
[5.403s] In file included from [01m[K/home/kaibuchisoma/robocon_ws/src/robocon2023_b_dash/src/Upper_Controller.hpp:11[m[K,
[5.403s]                  from [01m[K/home/kaibuchisoma/robocon_ws/src/robocon2023_b_dash/src/Upper_Controller.cpp:2[m[K:
[5.404s] [01m[K/home/kaibuchisoma/robocon_ws/src/robocon2023_b_dash/src/RoboconMsg/ABU2023_GenericOutput_Header.h:21:3:[m[K [01;31m[Kerror: [m[Kâ€˜[01m[KABU2023_GenericOutput_Header_Typedef[m[Kâ€™ does not name a type
[5.404s]    21 | } [01;31m[KABU2023_GenericOutput_Header_Typedef[m[K;
[5.404s]       |   [01;31m[K^~~~~~~~~~~~~~~~~~~~~~~~~~~~~~~~~~~~[m[K
[5.404s] [01m[K/home/kaibuchisoma/robocon_ws/src/robocon2023_b_dash/src/SerialKIMD.cpp:54:15:[m[K [01;31m[Kerror: [m[Kâ€˜[01m[Kclass SerialKIMD_Node[m[Kâ€™ has no member named â€˜[01m[Ksend_msg[m[Kâ€™
[5.404s]    54 |         this->[01;31m[Ksend_msg[m[K[5].bin[i] = md_msg->data[i + 8];
[5.404s]       |               [01;31m[K^~~~~~~~[m[K
[5.404s] [01m[K/home/kaibuchisoma/robocon_ws/src/robocon2023_b_dash/src/SerialKIMD.cpp:[m[K In member function â€˜[01m[Kvoid SerialKIMD_Node::Crowl_Callback(std_msgs::msg::ByteMultiArray_<std::allocator<void> >::SharedPtr)[m[Kâ€™:
[5.404s] [01m[K/home/kaibuchisoma/robocon_ws/src/robocon2023_b_dash/src/SerialKIMD.cpp:62:15:[m[K [01;31m[Kerror: [m[Kâ€˜[01m[Kclass SerialKIMD_Node[m[Kâ€™ has no member named â€˜[01m[Ksend_msg[m[Kâ€™
[5.404s]    62 |         this->[01;31m[Ksend_msg[m[K[0].bin[i] = md_msg->data[i];
[5.405s]       |               [01;31m[K^~~~~~~~[m[K
[5.405s] [01m[K/home/kaibuchisoma/robocon_ws/src/robocon2023_b_dash/src/SerialKIMD.cpp:63:15:[m[K [01;31m[Kerror: [m[Kâ€˜[01m[Kclass SerialKIMD_Node[m[Kâ€™ has no member named â€˜[01m[Ksend_msg[m[Kâ€™
[5.410s]    63 |         this->[01;31m[Ksend_msg[m[K[1].bin[i] = md_msg->data[i + 8];
[5.410s]       |               [01;31m[K^~~~~~~~[m[K
[5.411s] [01m[K/home/kaibuchisoma/robocon_ws/src/robocon2023_b_dash/src/SerialKIMD.cpp:64:15:[m[K [01;31m[Kerror: [m[Kâ€˜[01m[Kclass SerialKIMD_Node[m[Kâ€™ has no member named â€˜[01m[Ksend_msg[m[Kâ€™
[5.411s]    64 |         this->[01;31m[Ksend_msg[m[K[2].bin[i] = md_msg->data[i + 16];
[5.411s]       |               [01;31m[K^~~~~~~~[m[K
[5.411s] [01m[K/home/kaibuchisoma/robocon_ws/src/robocon2023_b_dash/src/SerialKIMD.cpp:65:15:[m[K [01;31m[Kerror: [m[Kâ€˜[01m[Kclass SerialKIMD_Node[m[Kâ€™ has no member named â€˜[01m[Ksend_msg[m[Kâ€™
[5.411s]    65 |         this->[01;31m[Ksend_msg[m[K[3].bin[i] = md_msg->data[i + 24];
[5.411s]       |               [01;31m[K^~~~~~~~[m[K
[5.411s] [01m[K/home/kaibuchisoma/robocon_ws/src/robocon2023_b_dash/src/SerialKIMD.cpp:67:1:[m[K [01;31m[Kerror: [m[Kversion control conflict marker in file
[5.411s]    67 | [01;31m[K<<<<<<<[m[K HEAD
[5.411s]       | [01;31m[K^~~~~~~[m[K
[5.411s] [01m[K/home/kaibuchisoma/robocon_ws/src/robocon2023_b_dash/src/SerialKIMD.cpp:73:3:[m[K [01;31m[Kerror: [m[Kexpected primary-expression before â€˜[01m[K==[m[Kâ€™ token
[5.411s]    73 | ==[01;31m[K==[m[K===
[5.411s]       |   [01;31m[K^~[m[K
[5.411s] [01m[K/home/kaibuchisoma/robocon_ws/src/robocon2023_b_dash/src/SerialKIMD.cpp:73:5:[m[K [01;31m[Kerror: [m[Kexpected primary-expression before â€˜[01m[K==[m[Kâ€™ token
[5.412s]    73 | ====[01;31m[K==[m[K=
[5.412s]       |     [01;31m[K^~[m[K
[5.412s] [01m[K/home/kaibuchisoma/robocon_ws/src/robocon2023_b_dash/src/SerialKIMD.cpp:73:7:[m[K [01;31m[Kerror: [m[Kexpected primary-expression before â€˜[01m[K=[m[Kâ€™ token
[5.412s]    73 | ======[01;31m[K=[m[K
[5.412s]       |       [01;31m[K^[m[K
[5.412s] [01m[K/home/kaibuchisoma/robocon_ws/src/robocon2023_b_dash/src/SerialKIMD.cpp:74:1:[m[K [01;31m[Kerror: [m[Kversion control conflict marker in file
[5.412s]    74 | [01;31m[K>>>>>>>[m[K origin/master
[5.412s]       | [01;31m[K^~~~~~~[m[K
[5.412s] [01m[K/home/kaibuchisoma/robocon_ws/src/robocon2023_b_dash/src/SerialKIMD.cpp:[m[K In member function â€˜[01m[Kvoid SerialKIMD_Node::Drive_Callback(std_msgs::msg::ByteMultiArray_<std::allocator<void> >::SharedPtr)[m[Kâ€™:
[5.412s] [01m[K/home/kaibuchisoma/robocon_ws/src/robocon2023_b_dash/src/SerialKIMD.cpp:81:15:[m[K [01;31m[Kerror: [m[Kâ€˜[01m[Kclass SerialKIMD_Node[m[Kâ€™ has no member named â€˜[01m[Ksend_msg[m[Kâ€™
[5.412s]    81 |         this->[01;31m[Ksend_msg[m[K[10].bin[i] = md_msg->data[i];
[5.412s]       |               [01;31m[K^~~~~~~~[m[K
[5.412s] [01m[K/home/kaibuchisoma/robocon_ws/src/robocon2023_b_dash/src/SerialKIMD.cpp:82:15:[m[K [01;31m[Kerror: [m[Kâ€˜[01m[Kclass SerialKIMD_Node[m[Kâ€™ has no member named â€˜[01m[Ksend_msg[m[Kâ€™
[5.412s]    82 |         this->[01;31m[Ksend_msg[m[K[11].bin[i] = md_msg->data[i + 8];
[5.412s]       |               [01;31m[K^~~~~~~~[m[K
[5.413s] [01m[K/home/kaibuchisoma/robocon_ws/src/robocon2023_b_dash/src/SerialKIMD.cpp:[m[K In member function â€˜[01m[Kvoid SerialKIMD_Node::Upper_Callback(std_msgs::msg::ByteMultiArray_<std::allocator<void> >::SharedPtr)[m[Kâ€™:
[5.413s] [01m[K/home/kaibuchisoma/robocon_ws/src/robocon2023_b_dash/src/SerialKIMD.cpp:90:15:[m[K [01;31m[Kerror: [m[Kâ€˜[01m[Kclass SerialKIMD_Node[m[Kâ€™ has no member named â€˜[01m[Ksend_msg[m[Kâ€™
[5.413s]    90 |         this->[01;31m[Ksend_msg[m[K[7].bin[i] = md_msg->data[i];
[5.413s]       |               [01;31m[K^~~~~~~~[m[K
[5.413s] [01m[K/home/kaibuchisoma/robocon_ws/src/robocon2023_b_dash/src/SerialKIMD.cpp:[m[K In member function â€˜[01m[Kvoid SerialKIMD_Node::Xmove_Callback(std_msgs::msg::ByteMultiArray_<std::allocator<void> >::SharedPtr)[m[Kâ€™:
[5.413s] [01m[K/home/kaibuchisoma/robocon_ws/src/robocon2023_b_dash/src/SerialKIMD.cpp:98:15:[m[K [01;31m[Kerror: [m[Kâ€˜[01m[Kclass SerialKIMD_Node[m[Kâ€™ has no member named â€˜[01m[Ksend_msg[m[Kâ€™
[5.413s]    98 |         this->[01;31m[Ksend_msg[m[K[6].bin[i] = md_msg->data[i];
[5.413s]       |               [01;31m[K^~~~~~~~[m[K
[5.413s] [01m[K/home/kaibuchisoma/robocon_ws/src/robocon2023_b_dash/src/SerialKIMD.cpp:[m[K At global scope:
[5.413s] [01m[K/home/kaibuchisoma/robocon_ws/src/robocon2023_b_dash/src/SerialKIMD.cpp:102:1:[m[K [01;31m[Kerror: [m[Kversion control conflict marker in file
[5.413s]   102 | [01;31m[K<<<<<<<[m[K HEAD
[5.413s]       | [01;31m[K^~~~~~~[m[K
[5.413s] [01m[K/home/kaibuchisoma/robocon_ws/src/robocon2023_b_dash/src/SerialKIMD.cpp:111:1:[m[K [01;31m[Kerror: [m[Kversion control conflict marker in file
[5.413s]   111 | [01;31m[K=======[m[K
[5.413s]       | [01;31m[K^~~~~~~[m[K
[5.414s] [01m[K/home/kaibuchisoma/robocon_ws/src/robocon2023_b_dash/src/SerialKIMD.cpp:[m[K In member function â€˜[01m[Kvoid SerialKIMD_Node::SerialWrite(uint8_t)[m[Kâ€™:
[5.414s] [01m[K/home/kaibuchisoma/robocon_ws/src/robocon2023_b_dash/src/SerialKIMD.cpp:144:15:[m[K [01;31m[Kerror: [m[Kâ€˜[01m[Kclass SerialKIMD_Node[m[Kâ€™ has no member named â€˜[01m[Kmotos_msg_header[m[Kâ€™
[5.414s]   144 |         this->[01;31m[Kmotos_msg_header[m[K.cmd = 7;
[5.414s]       |               [01;31m[K^~~~~~~~~~~~~~~~[m[K
[5.414s] [01m[K/home/kaibuchisoma/robocon_ws/src/robocon2023_b_dash/src/SerialKIMD.cpp:145:33:[m[K [01;31m[Kerror: [m[Kâ€˜[01m[Kclass SerialKIMD_Node[m[Kâ€™ has no member named â€˜[01m[Kmotos_msg_header[m[Kâ€™
[5.414s]   145 |         memcpy(send_data, this->[01;31m[Kmotos_msg_header[m[K.bin, sizeof(ABU2023_GenericOutput_Header_Typedef));
[5.414s]       |                                 [01;31m[K^~~~~~~~~~~~~~~~[m[K
[5.414s] [01m[K/home/kaibuchisoma/robocon_ws/src/robocon2023_b_dash/src/SerialKIMD.cpp:149:51:[m[K [01;31m[Kerror: [m[Kâ€˜[01m[Kclass SerialKIMD_Node[m[Kâ€™ has no member named â€˜[01m[Ksend_msg[m[Kâ€™
[5.414s]   149 |             memcpy(&send_data[(i + 1) * 8], this->[01;31m[Ksend_msg[m[K[i].bin, sizeof(ABU2023_GenericOutput_Header_Typedef));
[5.414s]       |                                                   [01;31m[K^~~~~~~~[m[K
[5.414s] [01m[K/home/kaibuchisoma/robocon_ws/src/robocon2023_b_dash/src/SerialKIMD.cpp:151:21:[m[K [01;31m[Kerror: [m[Kâ€˜[01m[Kclass SerialKIMD_Node[m[Kâ€™ has no member named â€˜[01m[Kserial_port[m[Kâ€™
[5.414s]   151 |         write(this->[01;31m[Kserial_port[m[K, send_data, sizeof(send_data));
[5.414s]       |                     [01;31m[K^~~~~~~~~~~[m[K
[5.414s] [01m[K/home/kaibuchisoma/robocon_ws/src/robocon2023_b_dash/src/SerialKIMD.cpp:153:1:[m[K [01;31m[Kerror: [m[Kversion control conflict marker in file
[5.414s]   153 | [01;31m[K<<<<<<<[m[K HEAD
[5.414s]       | [01;31m[K^~~~~~~[m[K
[5.415s] [01m[K/home/kaibuchisoma/robocon_ws/src/robocon2023_b_dash/src/SerialKIMD.cpp:158:3:[m[K [01;31m[Kerror: [m[Kexpected primary-expression before â€˜[01m[K==[m[Kâ€™ token
[5.415s]   158 | ==[01;31m[K==[m[K===
[5.415s]       |   [01;31m[K^~[m[K
[5.415s] [01m[K/home/kaibuchisoma/robocon_ws/src/robocon2023_b_dash/src/SerialKIMD.cpp:158:5:[m[K [01;31m[Kerror: [m[Kexpected primary-expression before â€˜[01m[K==[m[Kâ€™ token
[5.415s]   158 | ====[01;31m[K==[m[K=
[5.415s]       |     [01;31m[K^~[m[K
[5.415s] [01m[K/home/kaibuchisoma/robocon_ws/src/robocon2023_b_dash/src/SerialKIMD.cpp:158:7:[m[K [01;31m[Kerror: [m[Kexpected primary-expression before â€˜[01m[K=[m[Kâ€™ token
[5.415s]   158 | ======[01;31m[K=[m[K
[5.415s]       |       [01;31m[K^[m[K
[5.415s] [01m[K/home/kaibuchisoma/robocon_ws/src/robocon2023_b_dash/src/SerialKIMD.cpp:159:1:[m[K [01;31m[Kerror: [m[Kversion control conflict marker in file
[5.415s]   159 | [01;31m[K>>>>>>>[m[K origin/master
[5.415s]       | [01;31m[K^~~~~~~[m[K
[5.415s] [01m[K/home/kaibuchisoma/robocon_ws/src/robocon2023_b_dash/src/SerialKIMD.cpp:161:33:[m[K [01;31m[Kerror: [m[Kâ€˜[01m[Kclass SerialKIMD_Node[m[Kâ€™ has no member named â€˜[01m[Kmotos_msg_header[m[Kâ€™
[5.415s]   161 |         memcpy(send_data, this->[01;31m[Kmotos_msg_header[m[K.bin, sizeof(ABU2023_GenericOutput_Header_Typedef));
[5.415s]       |                                 [01;31m[K^~~~~~~~~~~~~~~~[m[K
[5.416s] [01m[K/home/kaibuchisoma/robocon_ws/src/robocon2023_b_dash/src/SerialKIMD.cpp:164:51:[m[K [01;31m[Kerror: [m[Kâ€˜[01m[Kclass SerialKIMD_Node[m[Kâ€™ has no member named â€˜[01m[Ksend_msg[m[Kâ€™
[5.416s]   164 |             memcpy(&send_data[(i - 6) * 8], this->[01;31m[Ksend_msg[m[K[i].bin, sizeof(ABU2023_GenericOutput_Header_Typedef));
[5.416s]       |                                                   [01;31m[K^~~~~~~~[m[K
[5.416s] [01m[K/home/kaibuchisoma/robocon_ws/src/robocon2023_b_dash/src/SerialKIMD.cpp:166:21:[m[K [01;31m[Kerror: [m[Kâ€˜[01m[Kclass SerialKIMD_Node[m[Kâ€™ has no member named â€˜[01m[Kserial_port[m[Kâ€™
[5.416s]   166 |         write(this->[01;31m[Kserial_port[m[K, send_data, sizeof(send_data));
[5.416s]       |                     [01;31m[K^~~~~~~~~~~[m[K
[5.416s] [01m[K/home/kaibuchisoma/robocon_ws/src/robocon2023_b_dash/src/SerialKIMD.cpp:170:21:[m[K [01;31m[Kerror: [m[Kâ€˜[01m[Kclass SerialKIMD_Node[m[Kâ€™ has no member named â€˜[01m[Kserial_port[m[Kâ€™
[5.416s]   170 |         write(this->[01;31m[Kserial_port[m[K, this->solenoid_msg.bin, sizeof(this->solenoid_msg.bin));
[5.416s]       |                     [01;31m[K^~~~~~~~~~~[m[K
[5.416s] [01m[K/home/kaibuchisoma/robocon_ws/src/robocon2023_b_dash/src/SerialKIMD.cpp:170:40:[m[K [01;31m[Kerror: [m[Kâ€˜[01m[Kclass SerialKIMD_Node[m[Kâ€™ has no member named â€˜[01m[Ksolenoid_msg[m[Kâ€™
[5.416s]   170 |         write(this->serial_port, this->[01;31m[Ksolenoid_msg[m[K.bin, sizeof(this->solenoid_msg.bin));
[5.416s]       |                                        [01;31m[K^~~~~~~~~~~~[m[K
[5.416s] [01m[K/home/kaibuchisoma/robocon_ws/src/robocon2023_b_dash/src/SerialKIMD.cpp:170:71:[m[K [01;31m[Kerror: [m[Kâ€˜[01m[Kclass SerialKIMD_Node[m[Kâ€™ has no member named â€˜[01m[Ksolenoid_msg[m[Kâ€™
[5.416s]   170 |         write(this->serial_port, this->solenoid_msg.bin, sizeof(this->[01;31m[Ksolenoid_msg[m[K.bin));
[5.416s]       |                                                                       [01;31m[K^~~~~~~~~~~~[m[K
[5.417s] [01m[K/home/kaibuchisoma/robocon_ws/src/robocon2023_b_dash/src/SerialKIMD.cpp:[m[K In member function â€˜[01m[Kvoid SerialKIMD_Node::SerialClose()[m[Kâ€™:
[5.417s] [01m[K/home/kaibuchisoma/robocon_ws/src/robocon2023_b_dash/src/SerialKIMD.cpp:177:17:[m[K [01;31m[Kerror: [m[Kâ€˜[01m[Kclass SerialKIMD_Node[m[Kâ€™ has no member named â€˜[01m[Kserial_port[m[Kâ€™
[5.417s]   177 |     close(this->[01;31m[Kserial_port[m[K);
[5.417s]       |                 [01;31m[K^~~~~~~~~~~[m[K
[5.423s] [01m[K/home/kaibuchisoma/robocon_ws/src/robocon2023_b_dash/src/RoboconMsg/ABU2023_GenericOutput_Header.h:23:22:[m[K [01;31m[Kerror: [m[Kâ€˜[01m[KABU2023_GenericOutput_Header_Typedef[m[Kâ€™ was not declared in this scope
[5.423s]    23 | uint8_t MsgTypeCheck([01;31m[KABU2023_GenericOutput_Header_Typedef[m[K *pABU2023,
[5.423s]       |                      [01;31m[K^~~~~~~~~~~~~~~~~~~~~~~~~~~~~~~~~~~~[m[K
[5.429s] [01m[K/home/kaibuchisoma/robocon_ws/src/robocon2023_b_dash/src/RoboconMsg/ABU2023_GenericOutput_Header.h:23:60:[m[K [01;31m[Kerror: [m[Kâ€˜[01m[KpABU2023[m[Kâ€™ was not declared in this scope
[5.429s]    23 | uint8_t MsgTypeCheck(ABU2023_GenericOutput_Header_Typedef *[01;31m[KpABU2023[m[K,
[5.430s]       |                                                            [01;31m[K^~~~~~~~[m[K
[5.430s] [01m[K/home/kaibuchisoma/robocon_ws/src/robocon2023_b_dash/src/RoboconMsg/ABU2023_GenericOutput_Header.h:24:25:[m[K [01;31m[Kerror: [m[Kexpected primary-expression before â€˜[01m[Ktype1[m[Kâ€™
[5.430s]    24 |                 uint8_t [01;31m[Ktype1[m[K, uint8_t type2);
[5.430s]       |                         [01;31m[K^~~~~[m[K
[5.430s] [01m[K/home/kaibuchisoma/robocon_ws/src/robocon2023_b_dash/src/RoboconMsg/ABU2023_GenericOutput_Header.h:24:40:[m[K [01;31m[Kerror: [m[Kexpected primary-expression before â€˜[01m[Ktype2[m[Kâ€™
[5.430s]    24 |                 uint8_t type1, uint8_t [01;31m[Ktype2[m[K);
[5.430s]       |                                        [01;31m[K^~~~~[m[K
[5.430s] [01m[K/home/kaibuchisoma/robocon_ws/src/robocon2023_b_dash/src/RoboconMsg/ABU2023_GenericOutput_Header.h:24:45:[m[K [01;31m[Kerror: [m[Kexpression list treated as compound expression in initializer [[01;31m[K]8;;https://gcc.gnu.org/onlinedocs/gcc/Warning-Options.html#index-fpermissive-fpermissive]8;;[m[K]
[5.430s]    24 |                 uint8_t type1, uint8_t type2[01;31m[K)[m[K;
[5.431s]       |                                             [01;31m[K^[m[K
[5.441s] [01m[K/home/kaibuchisoma/robocon_ws/src/robocon2023_b_dash/src/RoboconMsg/ABU2023_GenericOutput_Header.h:25:20:[m[K [01;31m[Kerror: [m[Kâ€˜[01m[KABU2023_GenericOutput_Header_Typedef[m[Kâ€™ was not declared in this scope
[5.442s]    25 | uint8_t MsgIDCheck([01;31m[KABU2023_GenericOutput_Header_Typedef[m[K *pABU2023, uint8_t ID);
[5.442s]       |                    [01;31m[K^~~~~~~~~~~~~~~~~~~~~~~~~~~~~~~~~~~~[m[K
[5.452s] [01m[K/home/kaibuchisoma/robocon_ws/src/robocon2023_b_dash/src/RoboconMsg/ABU2023_GenericOutput_Header.h:25:58:[m[K [01;31m[Kerror: [m[Kâ€˜[01m[KpABU2023[m[Kâ€™ was not declared in this scope
[5.452s]    25 | uint8_t MsgIDCheck(ABU2023_GenericOutput_Header_Typedef *[01;31m[KpABU2023[m[K, uint8_t ID);
[5.452s]       |                                                          [01;31m[K^~~~~~~~[m[K
[5.452s] [01m[K/home/kaibuchisoma/robocon_ws/src/robocon2023_b_dash/src/RoboconMsg/ABU2023_GenericOutput_Header.h:25:76:[m[K [01;31m[Kerror: [m[Kexpected primary-expression before â€˜[01m[KID[m[Kâ€™
[5.453s]    25 | uint8_t MsgIDCheck(ABU2023_GenericOutput_Header_Typedef *pABU2023, uint8_t [01;31m[KID[m[K);
[5.453s]       |                                                                            [01;31m[K^~[m[K
[5.453s] [01m[K/home/kaibuchisoma/robocon_ws/src/robocon2023_b_dash/src/RoboconMsg/ABU2023_GenericOutput_Header.h:25:78:[m[K [01;31m[Kerror: [m[Kexpression list treated as compound expression in initializer [[01;31m[K]8;;https://gcc.gnu.org/onlinedocs/gcc/Warning-Options.html#index-fpermissive-fpermissive]8;;[m[K]
[5.453s]    25 | uint8_t MsgIDCheck(ABU2023_GenericOutput_Header_Typedef *pABU2023, uint8_t ID[01;31m[K)[m[K;
[5.453s]       |                                                                              [01;31m[K^[m[K
[5.466s] [01m[K/home/kaibuchisoma/robocon_ws/src/robocon2023_b_dash/src/RoboconMsg/ABU2023_GenericOutput_Header.h:26:21:[m[K [01;31m[Kerror: [m[Kâ€˜[01m[KABU2023_GenericOutput_Header_Typedef[m[Kâ€™ was not declared in this scope
[5.466s]    26 | uint8_t MsgcmdCheck([01;31m[KABU2023_GenericOutput_Header_Typedef[m[K *pABU2023, uint8_t cmd);
[5.466s]       |                     [01;31m[K^~~~~~~~~~~~~~~~~~~~~~~~~~~~~~~~~~~~[m[K
[5.475s] [01m[K/home/kaibuchisoma/robocon_ws/src/robocon2023_b_dash/src/RoboconMsg/ABU2023_GenericOutput_Header.h:26:59:[m[K [01;31m[Kerror: [m[Kâ€˜[01m[KpABU2023[m[Kâ€™ was not declared in this scope
[5.475s]    26 | uint8_t MsgcmdCheck(ABU2023_GenericOutput_Header_Typedef *[01;31m[KpABU2023[m[K, uint8_t cmd);
[5.475s]       |                                                           [01;31m[K^~~~~~~~[m[K
[5.475s] [01m[K/home/kaibuchisoma/robocon_ws/src/robocon2023_b_dash/src/RoboconMsg/ABU2023_GenericOutput_Header.h:26:77:[m[K [01;31m[Kerror: [m[Kexpected primary-expression before â€˜[01m[Kcmd[m[Kâ€™
[5.476s]    26 | uint8_t MsgcmdCheck(ABU2023_GenericOutput_Header_Typedef *pABU2023, uint8_t [01;31m[Kcmd[m[K);
[5.476s]       |                                                                             [01;31m[K^~~[m[K
[5.476s] [01m[K/home/kaibuchisoma/robocon_ws/src/robocon2023_b_dash/src/RoboconMsg/ABU2023_GenericOutput_Header.h:26:80:[m[K [01;31m[Kerror: [m[Kexpression list treated as compound expression in initializer [[01;31m[K]8;;https://gcc.gnu.org/onlinedocs/gcc/Warning-Options.html#index-fpermissive-fpermissive]8;;[m[K]
[5.476s]    26 | uint8_t MsgcmdCheck(ABU2023_GenericOutput_Header_Typedef *pABU2023, uint8_t cmd[01;31m[K)[m[K;
[5.476s]       |                                                                                [01;31m[K^[m[K
[5.485s] [01m[K/home/kaibuchisoma/robocon_ws/src/robocon2023_b_dash/src/RoboconMsg/ABU2023_GenericOutput_Header.h:27:21:[m[K [01;31m[Kerror: [m[Kâ€˜[01m[KABU2023_GenericOutput_Header_Typedef[m[Kâ€™ was not declared in this scope
[5.485s]    27 | uint8_t MsgAllCheck([01;31m[KABU2023_GenericOutput_Header_Typedef[m[K *pABU2023,
[5.485s]       |                     [01;31m[K^~~~~~~~~~~~~~~~~~~~~~~~~~~~~~~~~~~~[m[K
[5.490s] [01m[K/home/kaibuchisoma/robocon_ws/src/robocon2023_b_dash/src/RoboconMsg/ABU2023_GenericOutput_Header.h:27:59:[m[K [01;31m[Kerror: [m[Kâ€˜[01m[KpABU2023[m[Kâ€™ was not declared in this scope
[5.491s]    27 | uint8_t MsgAllCheck(ABU2023_GenericOutput_Header_Typedef *[01;31m[KpABU2023[m[K,
[5.491s]       |                                                           [01;31m[K^~~~~~~~[m[K
[5.491s] [01m[K/home/kaibuchisoma/robocon_ws/src/robocon2023_b_dash/src/RoboconMsg/ABU2023_GenericOutput_Header.h:28:25:[m[K [01;31m[Kerror: [m[Kexpected primary-expression before â€˜[01m[Ktype1[m[Kâ€™
[5.491s]    28 |                 uint8_t [01;31m[Ktype1[m[K, uint8_t type2, uint8_t ID, uint8_t cmd);
[5.491s]       |                         [01;31m[K^~~~~[m[K
[5.491s] [01m[K/home/kaibuchisoma/robocon_ws/src/robocon2023_b_dash/src/RoboconMsg/ABU2023_GenericOutput_Header.h:28:40:[m[K [01;31m[Kerror: [m[Kexpected primary-expression before â€˜[01m[Ktype2[m[Kâ€™
[5.491s]    28 |                 uint8_t type1, uint8_t [01;31m[Ktype2[m[K, uint8_t ID, uint8_t cmd);
[5.491s]       |                                        [01;31m[K^~~~~[m[K
[5.491s] [01m[K/home/kaibuchisoma/robocon_ws/src/robocon2023_b_dash/src/RoboconMsg/ABU2023_GenericOutput_Header.h:28:55:[m[K [01;31m[Kerror: [m[Kexpected primary-expression before â€˜[01m[KID[m[Kâ€™
[5.491s]    28 |                 uint8_t type1, uint8_t type2, uint8_t [01;31m[KID[m[K, uint8_t cmd);
[5.492s]       |                                                       [01;31m[K^~[m[K
[5.492s] [01m[K/home/kaibuchisoma/robocon_ws/src/robocon2023_b_dash/src/RoboconMsg/ABU2023_GenericOutput_Header.h:28:67:[m[K [01;31m[Kerror: [m[Kexpected primary-expression before â€˜[01m[Kcmd[m[Kâ€™
[5.492s]    28 |                 uint8_t type1, uint8_t type2, uint8_t ID, uint8_t [01;31m[Kcmd[m[K);
[5.492s]       |                                                                   [01;31m[K^~~[m[K
[5.492s] [01m[K/home/kaibuchisoma/robocon_ws/src/robocon2023_b_dash/src/RoboconMsg/ABU2023_GenericOutput_Header.h:28:70:[m[K [01;31m[Kerror: [m[Kexpression list treated as compound expression in initializer [[01;31m[K]8;;https://gcc.gnu.org/onlinedocs/gcc/Warning-Options.html#index-fpermissive-fpermissive]8;;[m[K]
[5.492s]    28 |                 uint8_t type1, uint8_t type2, uint8_t ID, uint8_t cmd[01;31m[K)[m[K;
[5.492s]       |                                                                      [01;31m[K^[m[K
[5.560s] In file included from [01m[K/home/kaibuchisoma/robocon_ws/src/robocon2023_b_dash/src/Upper_Controller.cpp:2[m[K:
[5.561s] [01m[K/home/kaibuchisoma/robocon_ws/src/robocon2023_b_dash/src/Upper_Controller.hpp:21:1:[m[K [01;31m[Kerror: [m[Kversion control conflict marker in file
[5.561s]    21 | [01;31m[K<<<<<<<[m[K HEAD
[5.561s]       | [01;31m[K^~~~~~~[m[K
[5.561s] [01m[K/home/kaibuchisoma/robocon_ws/src/robocon2023_b_dash/src/Upper_Controller.hpp:24:57:[m[K [01;31m[Kerror: [m[Kâ€˜[01m[KInt16MultiArray[m[Kâ€™ in namespace â€˜[01m[Kstd_msgs::msg[m[Kâ€™ does not name a type; did you mean â€˜[01m[KByteMultiArray[m[Kâ€™?
[5.561s]    24 |     void ImageRecognition_Callback(const std_msgs::msg::[01;31m[KInt16MultiArray[m[K ::SharedPtr recognition_msg);
[5.561s]       |                                                         [01;31m[K^~~~~~~~~~~~~~~[m[K
[5.561s]       |                                                         [32m[KByteMultiArray[m[K
[5.561s] [01m[K/home/kaibuchisoma/robocon_ws/src/robocon2023_b_dash/src/Upper_Controller.hpp:24:85:[m[K [01;31m[Kerror: [m[Kexpected unqualified-id before â€˜[01m[Krecognition_msg[m[Kâ€™
[5.561s]    24 |     void ImageRecognition_Callback(const std_msgs::msg::Int16MultiArray ::SharedPtr [01;31m[Krecognition_msg[m[K);
[5.561s]       |                                                                                     [01;31m[K^~~~~~~~~~~~~~~[m[K
[5.562s] [01m[K/home/kaibuchisoma/robocon_ws/src/robocon2023_b_dash/src/Upper_Controller.hpp:24:84:[m[K [01;31m[Kerror: [m[Kexpected â€˜[01m[K)[m[Kâ€™ before â€˜[01m[Krecognition_msg[m[Kâ€™
[5.562s]    24 |     void ImageRecognition_Callback[34m[K([m[Kconst std_msgs::msg::Int16MultiArray ::SharedPtr[01;31m[K [m[K[32m[Krecognition_msg[m[K);
[5.562s]       |                                   [34m[K~[m[K                                                [01;31m[K^[m[K[32m[K~~~~~~~~~~~~~~~[m[K
[5.563s]       |                                                                                    [32m[K)[m[K
[5.563s] [01m[K/home/kaibuchisoma/robocon_ws/src/robocon2023_b_dash/src/Upper_Controller.hpp:24:75:[m[K [01;31m[Kerror: [m[Kexpected â€˜[01m[K;[m[Kâ€™ at end of member declaration
[5.563s]    24 |     void ImageRecognition_Callback(const std_msgs::msg::Int16MultiArray ::[01;31m[KSharedPtr[m[K recognition_msg);
[5.563s]       |                                                                           [01;31m[K^~~~~~~~~[m[K
[5.563s]       |                                                                                    [32m[K;[m[K
[5.567s] [01m[K/home/kaibuchisoma/robocon_ws/src/robocon2023_b_dash/src/Upper_Controller.hpp:24:85:[m[K [01;31m[Kerror: [m[Kâ€˜[01m[Krecognition_msg[m[Kâ€™ does not name a type
[5.567s]    24 |     void ImageRecognition_Callback(const std_msgs::msg::Int16MultiArray ::SharedPtr [01;31m[Krecognition_msg[m[K);
[5.568s]       |                                                                                     [01;31m[K^~~~~~~~~~~~~~~[m[K
[5.568s] [01m[K/home/kaibuchisoma/robocon_ws/src/robocon2023_b_dash/src/Upper_Controller.hpp:26:1:[m[K [01;31m[Kerror: [m[Kversion control conflict marker in file
[5.568s]    26 | [01;31m[K>>>>>>>[m[K origin/master
[5.568s]       | [01;31m[K^~~~~~~[m[K
[5.575s] [01m[K/home/kaibuchisoma/robocon_ws/src/robocon2023_b_dash/src/Upper_Controller.hpp:29:5:[m[K [01;31m[Kerror: [m[Kâ€˜[01m[KABU2023_GenericOutput_Header_Typedef[m[Kâ€™ does not name a type
[5.576s]    29 |     [01;31m[KABU2023_GenericOutput_Header_Typedef[m[K upper_msg;
[5.576s]       |     [01;31m[K^~~~~~~~~~~~~~~~~~~~~~~~~~~~~~~~~~~~[m[K
[5.576s] [01m[K/home/kaibuchisoma/robocon_ws/src/robocon2023_b_dash/src/Upper_Controller.cpp:3:1:[m[K [01;31m[Kerror: [m[Kversion control conflict marker in file
[5.576s]     3 | [01;31m[K<<<<<<<[m[K HEAD
[5.576s]       | [01;31m[K^~~~~~~[m[K
[5.576s] [01m[K/home/kaibuchisoma/robocon_ws/src/robocon2023_b_dash/src/Upper_Controller.cpp:13:1:[m[K [01;31m[Kerror: [m[Kversion control conflict marker in file
[5.577s]    13 | [01;31m[K>>>>>>>[m[K origin/master
[5.577s]       | [01;31m[K^~~~~~~[m[K
[5.584s] [01m[K/home/kaibuchisoma/robocon_ws/src/robocon2023_b_dash/src/Upper_Controller.cpp:[m[K In member function â€˜[01m[Kvoid Upper_Controller_Node::Joy_Callback(sensor_msgs::msg::Joy_<std::allocator<void> >::SharedPtr)[m[Kâ€™:
[5.584s] [01m[K/home/kaibuchisoma/robocon_ws/src/robocon2023_b_dash/src/Upper_Controller.cpp:50:1:[m[K [01;31m[Kerror: [m[Kversion control conflict marker in file
[5.584s]    50 | [01;31m[K<<<<<<<[m[K HEAD
[5.585s]       | [01;31m[K^~~~~~~[m[K
[5.585s] [01m[K/home/kaibuchisoma/robocon_ws/src/robocon2023_b_dash/src/Upper_Controller.cpp:56:5:[m[K [01;31m[Kerror: [m[Kâ€˜[01m[Kelse[m[Kâ€™ without a previous â€˜[01m[Kif[m[Kâ€™
[5.585s]    56 |     [01;31m[Kelse[m[K
[5.585s]       |     [01;31m[K^~~~[m[K
[5.585s] [01m[K/home/kaibuchisoma/robocon_ws/src/robocon2023_b_dash/src/Upper_Controller.cpp:58:1:[m[K [01;31m[Kerror: [m[Kversion control conflict marker in file
[5.585s]    58 | [01;31m[K=======[m[K
[5.585s]       | [01;31m[K^~~~~~~[m[K
[5.585s] [01m[K/home/kaibuchisoma/robocon_ws/src/robocon2023_b_dash/src/Upper_Controller.cpp:64:6:[m[K [01;31m[Kerror: [m[Kâ€˜[01m[Kelse[m[Kâ€™ without a previous â€˜[01m[Kif[m[Kâ€™
[5.585s]    64 |     }[01;31m[Kelse[m[K{
[5.585s]       |      [01;31m[K^~~~[m[K
[5.586s] [01m[K/home/kaibuchisoma/robocon_ws/src/robocon2023_b_dash/src/Upper_Controller.cpp:71:1:[m[K [01;31m[Kerror: [m[Kversion control conflict marker in file
[5.586s]    71 | [01;31m[K>>>>>>>[m[K origin/master
[5.586s]       | [01;31m[K^~~~~~~[m[K
[5.586s] [01m[K/home/kaibuchisoma/robocon_ws/src/robocon2023_b_dash/src/Upper_Controller.cpp:103:1:[m[K [01;31m[Kerror: [m[Kversion control conflict marker in file
[5.586s]   103 | [01;31m[K<<<<<<<[m[K HEAD
[5.586s]       | [01;31m[K^~~~~~~[m[K
[5.586s] [01m[K/home/kaibuchisoma/robocon_ws/src/robocon2023_b_dash/src/Upper_Controller.cpp:104:3:[m[K [01;31m[Kerror: [m[Kexpected primary-expression before â€˜[01m[K==[m[Kâ€™ token
[5.586s]   104 | ==[01;31m[K==[m[K===
[5.586s]       |   [01;31m[K^~[m[K
[5.586s] [01m[K/home/kaibuchisoma/robocon_ws/src/robocon2023_b_dash/src/Upper_Controller.cpp:104:5:[m[K [01;31m[Kerror: [m[Kexpected primary-expression before â€˜[01m[K==[m[Kâ€™ token
[5.587s]   104 | ====[01;31m[K==[m[K=
[5.587s]       |     [01;31m[K^~[m[K
[5.587s] [01m[K/home/kaibuchisoma/robocon_ws/src/robocon2023_b_dash/src/Upper_Controller.cpp:104:7:[m[K [01;31m[Kerror: [m[Kexpected primary-expression before â€˜[01m[K=[m[Kâ€™ token
[5.590s]   104 | ======[01;31m[K=[m[K
[5.590s]       |       [01;31m[K^[m[K
[5.590s] [01m[K/home/kaibuchisoma/robocon_ws/src/robocon2023_b_dash/src/Upper_Controller.cpp:105:1:[m[K [01;31m[Kerror: [m[Kexpected primary-expression before â€˜[01m[Kvoid[m[Kâ€™
[5.590s]   105 | [01;31m[Kvoid[m[K Upper_Controller_Node::ImageRecognition_Callback(const std_msgs::msg::Int16MultiArray::SharedPtr recognition_msg)
[5.591s]       | [01;31m[K^~~~[m[K
[5.591s] [01m[K/home/kaibuchisoma/robocon_ws/src/robocon2023_b_dash/src/Upper_Controller.cpp:143:1:[m[K [01;31m[Kerror: [m[Kversion control conflict marker in file
[5.591s]   143 | [01;31m[K>>>>>>>[m[K origin/master
[5.591s]       | [01;31m[K^~~~~~~[m[K
[5.591s] [01m[K/home/kaibuchisoma/robocon_ws/src/robocon2023_b_dash/src/Upper_Controller.cpp:227:2:[m[K [01;31m[Kerror: [m[Kexpected â€˜[01m[K}[m[Kâ€™ at end of input
[5.591s]   227 | }
[5.591s]       |  [01;31m[K^[m[K
[5.591s] [01m[K/home/kaibuchisoma/robocon_ws/src/robocon2023_b_dash/src/Upper_Controller.cpp:47:1:[m[K [01;36m[Knote: [m[Kto match this â€˜[01m[K{[m[Kâ€™
[5.591s]    47 | [01;36m[K{[m[K
[5.591s]       | [01;36m[K^[m[K
[6.442s] gmake[2]: *** [CMakeFiles/Upper_Controller.dir/build.make:76: CMakeFiles/Upper_Controller.dir/src/Upper_Controller.cpp.o] ã‚¨ãƒ©ãƒ¼ 1
[6.442s] gmake[1]: *** [CMakeFiles/Makefile2:261: CMakeFiles/Upper_Controller.dir/all] ã‚¨ãƒ©ãƒ¼ 2
[6.443s] gmake[1]: *** æœªå®Œäº†ã®ã‚¸ãƒ§ãƒ–ã‚’å¾…ã£ã¦ã„ã¾ã™....
[7.975s] gmake[2]: *** [CMakeFiles/DriveMotion.dir/build.make:76: CMakeFiles/DriveMotion.dir/src/Drive_Motion.cpp.o] ã‚¨ãƒ©ãƒ¼ 1
[7.976s] gmake[1]: *** [CMakeFiles/Makefile2:209: CMakeFiles/DriveMotion.dir/all] ã‚¨ãƒ©ãƒ¼ 2
[8.102s] gmake[2]: *** [CMakeFiles/SerialKIMD.dir/build.make:76: CMakeFiles/SerialKIMD.dir/src/SerialKIMD.cpp.o] ã‚¨ãƒ©ãƒ¼ 1
[8.102s] gmake[1]: *** [CMakeFiles/Makefile2:157: CMakeFiles/SerialKIMD.dir/all] ã‚¨ãƒ©ãƒ¼ 2
[12.033s] [ 81%] [32m[1mLinking CXX executable Drive_Controller[0m
[12.362s] [ 81%] Built target Drive_Controller
[14.222s] [ 86%] [32m[1mLinking CXX executable Xmove_Controller[0m
[14.695s] [ 86%] Built target Xmove_Controller
[14.696s] gmake: *** [Makefile:146: all] ã‚¨ãƒ©ãƒ¼ 2
[14.698s] Invoked command in '/home/kaibuchisoma/robocon_ws/build/robocon2023_b_dash' returned '2': CMAKE_PREFIX_PATH=${CMAKE_PREFIX_PATH}:/home/kaibuchisoma/robocon_ws/install/fruit_detection:/opt/ros/humble /usr/bin/cmake --build /home/kaibuchisoma/robocon_ws/build/robocon2023_b_dash -- -j12 -l12
