[0.622s] Invoking command in '/home/kaibuchisoma/robocon_ws/build/robocon2023_b_dash': CMAKE_PREFIX_PATH=${CMAKE_PREFIX_PATH}:/home/kaibuchisoma/robocon_ws/install/fruit_detection:/opt/ros/humble /usr/bin/cmake /home/kaibuchisoma/robocon_ws/src/robocon2023_b_dash -DCMAKE_INSTALL_PREFIX=/home/kaibuchisoma/robocon_ws/install/robocon2023_b_dash
[0.681s] -- The C compiler identification is GNU 11.4.0
[0.744s] -- The CXX compiler identification is GNU 11.4.0
[0.752s] -- Detecting C compiler ABI info
[0.841s] -- Detecting C compiler ABI info - done
[0.850s] -- Check for working C compiler: /usr/bin/cc - skipped
[0.850s] -- Detecting C compile features
[0.851s] -- Detecting C compile features - done
[0.855s] -- Detecting CXX compiler ABI info
[0.968s] -- Detecting CXX compiler ABI info - done
[0.980s] -- Check for working CXX compiler: /usr/bin/c++ - skipped
[0.981s] -- Detecting CXX compile features
[0.982s] -- Detecting CXX compile features - done
[0.987s] -- Found ament_cmake: 1.3.5 (/opt/ros/humble/share/ament_cmake/cmake)
[1.253s] -- Found Python3: /usr/bin/python3.10 (found version "3.10.12") found components: Interpreter 
[1.398s] -- Found rclcpp: 16.0.6 (/opt/ros/humble/share/rclcpp/cmake)
[1.475s] -- Found rosidl_generator_c: 3.1.5 (/opt/ros/humble/share/rosidl_generator_c/cmake)
[1.485s] -- Found rosidl_adapter: 3.1.5 (/opt/ros/humble/share/rosidl_adapter/cmake)
[1.500s] -- Found rosidl_generator_cpp: 3.1.5 (/opt/ros/humble/share/rosidl_generator_cpp/cmake)
[1.524s] -- Using all available rosidl_typesupport_c: rosidl_typesupport_fastrtps_c;rosidl_typesupport_introspection_c
[1.559s] -- Using all available rosidl_typesupport_cpp: rosidl_typesupport_fastrtps_cpp;rosidl_typesupport_introspection_cpp
[1.685s] -- Found rmw_implementation_cmake: 6.1.1 (/opt/ros/humble/share/rmw_implementation_cmake/cmake)
[1.690s] -- Found rmw_fastrtps_cpp: 6.2.4 (/opt/ros/humble/share/rmw_fastrtps_cpp/cmake)
[1.846s] -- Found OpenSSL: /usr/lib/x86_64-linux-gnu/libcrypto.so (found version "3.0.2")  
[1.883s] -- Found FastRTPS: /opt/ros/humble/include  
[1.950s] -- Using RMW implementation 'rmw_fastrtps_cpp' as default
[1.967s] -- Looking for pthread.h
[2.092s] -- Looking for pthread.h - found
[2.092s] -- Performing Test CMAKE_HAVE_LIBC_PTHREAD
[2.200s] -- Performing Test CMAKE_HAVE_LIBC_PTHREAD - Success
[2.201s] -- Found Threads: TRUE  
[2.388s] -- Found sensor_msgs: 4.2.3 (/opt/ros/humble/share/sensor_msgs/cmake)
[2.548s] -- Found ament_lint_auto: 0.12.8 (/opt/ros/humble/share/ament_lint_auto/cmake)
[2.661s] -- Added test 'copyright' to check source files copyright and LICENSE
[2.701s] -- Added test 'cppcheck' to perform static code analysis on C / C++ code
[2.702s] -- Configured cppcheck include dirs: 
[2.702s] -- Configured cppcheck exclude dirs and/or files: 
[2.734s] -- Added test 'cpplint' to check C / C++ code against the Google style
[2.734s] -- Configured cpplint exclude dirs and/or files: 
[2.741s] -- Added test 'flake8' to check Python code syntax and style conventions
[2.752s] -- Added test 'lint_cmake' to check CMake code style
[2.758s] -- Added test 'pep257' to check Python code against some of the docstring style conventions in PEP 257
[2.803s] -- Added test 'uncrustify' to check C / C++ code style
[2.803s] -- Configured uncrustify additional arguments: 
[2.812s] -- Added test 'xmllint' to check XML markup files
[2.817s] -- Configuring done
[2.877s] -- Generating done
[2.882s] -- Build files have been written to: /home/kaibuchisoma/robocon_ws/build/robocon2023_b_dash
[3.090s] Invoked command in '/home/kaibuchisoma/robocon_ws/build/robocon2023_b_dash' returned '0': CMAKE_PREFIX_PATH=${CMAKE_PREFIX_PATH}:/home/kaibuchisoma/robocon_ws/install/fruit_detection:/opt/ros/humble /usr/bin/cmake /home/kaibuchisoma/robocon_ws/src/robocon2023_b_dash -DCMAKE_INSTALL_PREFIX=/home/kaibuchisoma/robocon_ws/install/robocon2023_b_dash
[3.091s] Invoking command in '/home/kaibuchisoma/robocon_ws/build/robocon2023_b_dash': CMAKE_PREFIX_PATH=${CMAKE_PREFIX_PATH}:/home/kaibuchisoma/robocon_ws/install/fruit_detection:/opt/ros/humble /usr/bin/cmake --build /home/kaibuchisoma/robocon_ws/build/robocon2023_b_dash -- -j12 -l12
[3.158s] [35m[1mConsolidate compiler generated dependencies of target Upper_Controller[0m
[3.158s] [35m[1mConsolidate compiler generated dependencies of target BeltLiner_Controller[0m
[3.158s] [35m[1mConsolidate compiler generated dependencies of target Xmove_Controller[0m
[3.158s] [35m[1mConsolidate compiler generated dependencies of target Crawl_Controller[0m
[3.158s] [35m[1mConsolidate compiler generated dependencies of target Drive_Controller[0m
[3.159s] [35m[1mConsolidate compiler generated dependencies of target KiwiMotion[0m
[3.159s] [35m[1mConsolidate compiler generated dependencies of target RopeMotion[0m
[3.159s] [35m[1mConsolidate compiler generated dependencies of target SerialKIMD[0m
[3.159s] [35m[1mConsolidate compiler generated dependencies of target MotionMaster[0m
[3.159s] [35m[1mConsolidate compiler generated dependencies of target DriveMotion[0m
[3.159s] [35m[1mConsolidate compiler generated dependencies of target WallUpMotion[0m
[3.159s] [35m[1mConsolidate compiler generated dependencies of target Solenoid_Controller[0m
[3.184s] [  3%] [32mBuilding CXX object CMakeFiles/Upper_Controller.dir/src/Upper_Controller.cpp.o[0m
[3.186s] [ 14%] Built target BeltLiner_Controller
[3.186s] [ 14%] [32mBuilding CXX object CMakeFiles/Xmove_Controller.dir/src/Xmove_Controller.cpp.o[0m
[3.189s] [ 21%] Built target SerialKIMD
[3.193s] [ 28%] Built target Drive_Controller
[3.200s] [ 35%] Built target Crawl_Controller
[3.208s] [ 42%] Built target DriveMotion
[3.208s] [ 57%] Built target WallUpMotion
[3.209s] [ 60%] Built target KiwiMotion
[3.209s] [ 67%] Built target RopeMotion
[3.210s] [ 71%] Built target Solenoid_Controller
[3.212s] [ 78%] Built target MotionMaster
[3.213s] [35m[1mConsolidate compiler generated dependencies of target Receiver920[0m
[3.221s] [35m[1mConsolidate compiler generated dependencies of target Transmitter920[0m
[3.253s] [ 85%] Built target Receiver920
[3.261s] [ 92%] Built target Transmitter920
[5.373s] In file included from [01m[K/home/kaibuchisoma/robocon_ws/src/robocon2023_b_dash/src/Upper_Controller.hpp:7[m[K,
[5.373s]                  from [01m[K/home/kaibuchisoma/robocon_ws/src/robocon2023_b_dash/src/Upper_Controller.cpp:2[m[K:
[5.374s] [01m[K/home/kaibuchisoma/robocon_ws/src/robocon2023_b_dash/src/RoboconMsg/ABU2023_GenericOutput_Header.h:14:16:[m[K [01;35m[Kwarning: [m[KISO C++ prohibits anonymous structs [[01;35m[K]8;;https://gcc.gnu.org/onlinedocs/gcc/Warning-Options.html#index-Wpedantic-Wpedantic]8;;[m[K]
[5.374s]    14 |         struct [01;35m[K{[m[K
[5.374s]       |                [01;35m[K^[m[K
[5.378s] In file included from [01m[K/home/kaibuchisoma/robocon_ws/src/robocon2023_b_dash/src/Xmove_Controller.hpp:8[m[K,
[5.378s]                  from [01m[K/home/kaibuchisoma/robocon_ws/src/robocon2023_b_dash/src/Xmove_Controller.cpp:2[m[K:
[5.378s] [01m[K/home/kaibuchisoma/robocon_ws/src/robocon2023_b_dash/src/RoboconMsg/ABU2023_GenericOutput_Header.h:14:16:[m[K [01;35m[Kwarning: [m[KISO C++ prohibits anonymous structs [[01;35m[K]8;;https://gcc.gnu.org/onlinedocs/gcc/Warning-Options.html#index-Wpedantic-Wpedantic]8;;[m[K]
[5.378s]    14 |         struct [01;35m[K{[m[K
[5.378s]       |                [01;35m[K^[m[K
[5.430s] [01m[K/home/kaibuchisoma/robocon_ws/src/robocon2023_b_dash/src/Upper_Controller.cpp:70:76:[m[K [01;31m[Kerror: [m[K‚Äò[01m[KInt16MultiArray[m[K‚Äô in namespace ‚Äò[01m[Kstd_msgs::msg[m[K‚Äô does not name a type; did you mean ‚Äò[01m[KByteMultiArray[m[K‚Äô?
[5.430s]    70 | void Upper_Controller_Node::ImageRecognition_Callback(const std_msgs::msg::[01;31m[KInt16MultiArray[m[K::SharedPtr recognition_msg)
[5.430s]       |                                                                            [01;31m[K^~~~~~~~~~~~~~~[m[K
[5.430s]       |                                                                            [32m[KByteMultiArray[m[K
[5.430s] [01m[K/home/kaibuchisoma/robocon_ws/src/robocon2023_b_dash/src/Upper_Controller.cpp:70:103:[m[K [01;31m[Kerror: [m[Kexpected unqualified-id before ‚Äò[01m[Krecognition_msg[m[K‚Äô
[5.430s]    70 | void Upper_Controller_Node::ImageRecognition_Callback(const std_msgs::msg::Int16MultiArray::SharedPtr [01;31m[Krecognition_msg[m[K)
[5.430s]       |                                                                                                       [01;31m[K^~~~~~~~~~~~~~~[m[K
[5.430s] [01m[K/home/kaibuchisoma/robocon_ws/src/robocon2023_b_dash/src/Upper_Controller.cpp:70:102:[m[K [01;31m[Kerror: [m[Kexpected ‚Äò[01m[K)[m[K‚Äô before ‚Äò[01m[Krecognition_msg[m[K‚Äô
[5.431s]    70 | void Upper_Controller_Node::ImageRecognition_Callback[34m[K([m[Kconst std_msgs::msg::Int16MultiArray::SharedPtr[01;31m[K [m[K[32m[Krecognition_msg[m[K)
[5.431s]       |                                                      [34m[K~[m[K                                               [01;31m[K^[m[K[32m[K~~~~~~~~~~~~~~~[m[K
[5.431s]       |                                                                                                      [32m[K)[m[K
[5.431s] [01m[K/home/kaibuchisoma/robocon_ws/src/robocon2023_b_dash/src/Upper_Controller.cpp:70:103:[m[K [01;31m[Kerror: [m[Kexpected initializer before ‚Äò[01m[Krecognition_msg[m[K‚Äô
[5.431s]    70 | void Upper_Controller_Node::ImageRecognition_Callback(const std_msgs::msg::Int16MultiArray::SharedPtr [01;31m[Krecognition_msg[m[K)
[5.431s]       |                                                                                                       [01;31m[K^~~~~~~~~~~~~~~[m[K
[5.436s] [01m[K/home/kaibuchisoma/robocon_ws/src/robocon2023_b_dash/src/Upper_Controller.cpp:[m[K In member function ‚Äò[01m[Kvoid Upper_Controller_Node::timer_callback()[m[K‚Äô:
[5.437s] [01m[K/home/kaibuchisoma/robocon_ws/src/robocon2023_b_dash/src/Upper_Controller.cpp:113:5:[m[K [01;31m[Kerror: [m[K‚Äò[01m[Kend_elevating[m[K‚Äô was not declared in this scope
[5.437s]   113 |     [01;31m[Kend_elevating[m[K = clock();
[5.437s]       |     [01;31m[K^~~~~~~~~~~~~[m[K
[5.443s] [01m[K/home/kaibuchisoma/robocon_ws/src/robocon2023_b_dash/src/Upper_Controller.cpp:114:34:[m[K [01;31m[Kerror: [m[K‚Äò[01m[Kstart_elevating[m[K‚Äô was not declared in this scope
[5.443s]   114 |     if ((double)(end_elevating - [01;31m[Kstart_elevating[m[K) / CLOCKS_PER_SEC > 0.4){ // Êö¥Ëµ∞Èò≤Ê≠¢ Â§ß‰Ωì*10„Åó„ÅüÂÄ§
[5.443s]       |                                  [01;31m[K^~~~~~~~~~~~~~~[m[K
[5.470s] [01m[K/home/kaibuchisoma/robocon_ws/src/robocon2023_b_dash/src/Xmove_Controller.cpp:[m[K In member function ‚Äò[01m[Kvoid Xmove_Controller_Node::Joy_Callback(sensor_msgs::msg::Joy_<std::allocator<void> >::SharedPtr)[m[K‚Äô:
[5.470s] [01m[K/home/kaibuchisoma/robocon_ws/src/robocon2023_b_dash/src/Xmove_Controller.cpp:33:15:[m[K [01;31m[Kerror: [m[K‚Äò[01m[Kclass Xmove_Controller_Node[m[K‚Äô has no member named ‚Äò[01m[Kbutton_state[m[K‚Äô
[5.470s]    33 |         this->[01;31m[Kbutton_state[m[K |= 0b0001 << 5;
[5.470s]       |               [01;31m[K^~~~~~~~~~~~[m[K
[5.470s] [01m[K/home/kaibuchisoma/robocon_ws/src/robocon2023_b_dash/src/Xmove_Controller.cpp:35:15:[m[K [01;31m[Kerror: [m[K‚Äò[01m[Kclass Xmove_Controller_Node[m[K‚Äô has no member named ‚Äò[01m[Kbutton_state[m[K‚Äô
[5.470s]    35 |         this->[01;31m[Kbutton_state[m[K &= ~(0b0001 << 5);
[5.470s]       |               [01;31m[K^~~~~~~~~~~~[m[K
[5.471s] [01m[K/home/kaibuchisoma/robocon_ws/src/robocon2023_b_dash/src/Xmove_Controller.cpp:[m[K In member function ‚Äò[01m[Kvoid Xmove_Controller_Node::ImageRecognition_Callback(std_msgs::msg::Int16MultiArray_<std::allocator<void> >::SharedPtr)[m[K‚Äô:
[5.471s] [01m[K/home/kaibuchisoma/robocon_ws/src/robocon2023_b_dash/src/Xmove_Controller.cpp:45:15:[m[K [01;31m[Kerror: [m[K‚Äò[01m[Kclass Xmove_Controller_Node[m[K‚Äô has no member named ‚Äò[01m[Kbutton_state[m[K‚Äô
[5.471s]    45 |     if (this->[01;31m[Kbutton_state[m[K >> 5 != 1)
[5.471s]       |               [01;31m[K^~~~~~~~~~~~[m[K
[7.746s] gmake[2]: *** [CMakeFiles/Upper_Controller.dir/build.make:76: CMakeFiles/Upper_Controller.dir/src/Upper_Controller.cpp.o] „Ç®„É©„Éº 1
[7.746s] gmake[1]: *** [CMakeFiles/Makefile2:267: CMakeFiles/Upper_Controller.dir/all] „Ç®„É©„Éº 2
[7.746s] gmake[1]: *** Êú™ÂÆå‰∫Ü„ÅÆ„Ç∏„Éß„Éñ„ÇíÂæÖ„Å£„Å¶„ÅÑ„Åæ„Åô....
[8.462s] gmake[2]: *** [CMakeFiles/Xmove_Controller.dir/build.make:76: CMakeFiles/Xmove_Controller.dir/src/Xmove_Controller.cpp.o] „Ç®„É©„Éº 1
[8.462s] gmake[1]: *** [CMakeFiles/Makefile2:189: CMakeFiles/Xmove_Controller.dir/all] „Ç®„É©„Éº 2
[8.463s] gmake: *** [Makefile:146: all] „Ç®„É©„Éº 2
[8.465s] Invoked command in '/home/kaibuchisoma/robocon_ws/build/robocon2023_b_dash' returned '2': CMAKE_PREFIX_PATH=${CMAKE_PREFIX_PATH}:/home/kaibuchisoma/robocon_ws/install/fruit_detection:/opt/ros/humble /usr/bin/cmake --build /home/kaibuchisoma/robocon_ws/build/robocon2023_b_dash -- -j12 -l12
