-- The C compiler identification is GNU 11.4.0
-- The CXX compiler identification is GNU 11.4.0
-- Detecting C compiler ABI info
-- Detecting C compiler ABI info - done
-- Check for working C compiler: /usr/bin/cc - skipped
-- Detecting C compile features
-- Detecting C compile features - done
-- Detecting CXX compiler ABI info
-- Detecting CXX compiler ABI info - done
-- Check for working CXX compiler: /usr/bin/c++ - skipped
-- Detecting CXX compile features
-- Detecting CXX compile features - done
-- Found ament_cmake: 1.3.5 (/opt/ros/humble/share/ament_cmake/cmake)
-- Found Python3: /usr/bin/python3.10 (found version "3.10.12") found components: Interpreter 
-- Found rclcpp: 16.0.6 (/opt/ros/humble/share/rclcpp/cmake)
-- Found rosidl_generator_c: 3.1.5 (/opt/ros/humble/share/rosidl_generator_c/cmake)
-- Found rosidl_adapter: 3.1.5 (/opt/ros/humble/share/rosidl_adapter/cmake)
-- Found rosidl_generator_cpp: 3.1.5 (/opt/ros/humble/share/rosidl_generator_cpp/cmake)
-- Using all available rosidl_typesupport_c: rosidl_typesupport_fastrtps_c;rosidl_typesupport_introspection_c
-- Using all available rosidl_typesupport_cpp: rosidl_typesupport_fastrtps_cpp;rosidl_typesupport_introspection_cpp
-- Found rmw_implementation_cmake: 6.1.1 (/opt/ros/humble/share/rmw_implementation_cmake/cmake)
-- Found rmw_fastrtps_cpp: 6.2.4 (/opt/ros/humble/share/rmw_fastrtps_cpp/cmake)
-- Found OpenSSL: /usr/lib/x86_64-linux-gnu/libcrypto.so (found version "3.0.2")  
-- Found FastRTPS: /opt/ros/humble/include  
-- Using RMW implementation 'rmw_fastrtps_cpp' as default
-- Looking for pthread.h
-- Looking for pthread.h - found
-- Performing Test CMAKE_HAVE_LIBC_PTHREAD
-- Performing Test CMAKE_HAVE_LIBC_PTHREAD - Success
-- Found Threads: TRUE  
-- Found sensor_msgs: 4.2.3 (/opt/ros/humble/share/sensor_msgs/cmake)
-- Found ament_lint_auto: 0.12.8 (/opt/ros/humble/share/ament_lint_auto/cmake)
-- Added test 'copyright' to check source files copyright and LICENSE
-- Added test 'cppcheck' to perform static code analysis on C / C++ code
-- Configured cppcheck include dirs: 
-- Configured cppcheck exclude dirs and/or files: 
-- Added test 'cpplint' to check C / C++ code against the Google style
-- Configured cpplint exclude dirs and/or files: 
-- Added test 'flake8' to check Python code syntax and style conventions
-- Added test 'lint_cmake' to check CMake code style
-- Added test 'pep257' to check Python code against some of the docstring style conventions in PEP 257
-- Added test 'uncrustify' to check C / C++ code style
-- Configured uncrustify additional arguments: 
-- Added test 'xmllint' to check XML markup files
-- Configuring done
-- Generating done
-- Build files have been written to: /home/kaibuchisoma/robocon_ws/build/robocon2023_b_dash
[35m[1mConsolidate compiler generated dependencies of target Xmove_Controller[0m
[35m[1mConsolidate compiler generated dependencies of target Crawl_Controller[0m
[35m[1mConsolidate compiler generated dependencies of target DriveMotion[0m
[35m[1mConsolidate compiler generated dependencies of target Drive_Controller[0m
[35m[1mConsolidate compiler generated dependencies of target Upper_Controller[0m
[35m[1mConsolidate compiler generated dependencies of target SerialKIMD[0m
[35m[1mConsolidate compiler generated dependencies of target Solenoid_Controller[0m
[35m[1mConsolidate compiler generated dependencies of target WallUpMotion[0m
[35m[1mConsolidate compiler generated dependencies of target RopeMotion[0m
[35m[1mConsolidate compiler generated dependencies of target BeltLiner_Controller[0m
[35m[1mConsolidate compiler generated dependencies of target MotionMaster[0m
[35m[1mConsolidate compiler generated dependencies of target KiwiMotion[0m
[  7%] Built target SerialKIMD
[ 14%] Built target DriveMotion
[ 21%] Built target Xmove_Controller
[ 28%] Built target Drive_Controller
[ 32%] [32mBuilding CXX object CMakeFiles/Upper_Controller.dir/src/Upper_Controller.cpp.o[0m
[ 42%] Built target Crawl_Controller
[ 46%] Built target WallUpMotion
[ 53%] Built target RopeMotion
[ 60%] Built target Solenoid_Controller
[ 67%] Built target BeltLiner_Controller
[35m[1mConsolidate compiler generated dependencies of target Transmitter920[0m
[35m[1mConsolidate compiler generated dependencies of target Receiver920[0m
[ 82%] Built target MotionMaster
[ 82%] Built target KiwiMotion
[ 96%] Built target Receiver920
[ 96%] Built target Transmitter920
In file included from [01m[K/home/kaibuchisoma/robocon_ws/src/robocon2023_b_dash/src/Upper_Controller.hpp:8[m[K,
                 from [01m[K/home/kaibuchisoma/robocon_ws/src/robocon2023_b_dash/src/Upper_Controller.cpp:2[m[K:
[01m[K/home/kaibuchisoma/robocon_ws/src/robocon2023_b_dash/src/RoboconMsg/ABU2023_GenericOutput_Header.h:14:16:[m[K [01;35m[Kwarning: [m[KISO C++ prohibits anonymous structs [[01;35m[K]8;;https://gcc.gnu.org/onlinedocs/gcc/Warning-Options.html#index-Wpedantic-Wpedantic]8;;[m[K]
   14 |         struct [01;35m[K{[m[K
      |                [01;35m[K^[m[K
[01m[K/home/kaibuchisoma/robocon_ws/src/robocon2023_b_dash/src/Upper_Controller.cpp:7:1:[m[K [01;31m[Kerror: [m[Kexpected â€˜[01m[K,[m[Kâ€™ or â€˜[01m[K;[m[Kâ€™ before â€˜[01m[Kclock_t[m[Kâ€™
    7 | [01;31m[Kclock_t[m[K start_collection, end_collection, start_elevating, end_elevating; //è‡ªå‹•å›åã®é–‹å§‹æ™‚åˆ»ã¨çµ‚äº†æ™‚åˆ»ã‚’æ ¼ç´ã™ã‚‹å¤‰æ•°ã¨æœ€å¾Œã®è‡ªå‹•åˆ¶å¾¡ã—ãŸæ™‚åˆ»ã‚’æ ¼ç´ã™ã‚‹å¤‰æ•°
      | [01;31m[K^~~~~~~[m[K
[01m[K/home/kaibuchisoma/robocon_ws/src/robocon2023_b_dash/src/Upper_Controller.cpp:[m[K In member function â€˜[01m[Kvoid Upper_Controller_Node::ImageRecognition_Callback(std_msgs::msg::Int16MultiArray_<std::allocator<void> >::SharedPtr)[m[Kâ€™:
[01m[K/home/kaibuchisoma/robocon_ws/src/robocon2023_b_dash/src/Upper_Controller.cpp:82:5:[m[K [01;31m[Kerror: [m[Kâ€˜[01m[Kend_collection[m[Kâ€™ was not declared in this scope
   82 |     [01;31m[Kend_collection[m[K = clock();
      |     [01;31m[K^~~~~~~~~~~~~~[m[K
[01m[K/home/kaibuchisoma/robocon_ws/src/robocon2023_b_dash/src/Upper_Controller.cpp:86:39:[m[K [01;31m[Kerror: [m[Kâ€˜[01m[Kstart_collection[m[Kâ€™ was not declared in this scope
   86 |         if ((double)(end_collection - [01;31m[Kstart_collection[m[K) / CLOCKS_PER_SEC > 0.3 && last_lock == 0){ // æš´èµ°é˜²æ­¢ å¤§ä½“*10ã—ãŸå€¤
      |                                       [01;31m[K^~~~~~~~~~~~~~~~[m[K
[01m[K/home/kaibuchisoma/robocon_ws/src/robocon2023_b_dash/src/Upper_Controller.cpp:92:17:[m[K [01;31m[Kerror: [m[Kâ€˜[01m[Kstart_elevating[m[Kâ€™ was not declared in this scope
   92 |                 [01;31m[Kstart_elevating[m[K = clock();
      |                 [01;31m[K^~~~~~~~~~~~~~~[m[K
[01m[K/home/kaibuchisoma/robocon_ws/src/robocon2023_b_dash/src/Upper_Controller.cpp:99:17:[m[K [01;31m[Kerror: [m[Kâ€˜[01m[Kstart_elevating[m[Kâ€™ was not declared in this scope
   99 |                 [01;31m[Kstart_elevating[m[K = clock();
      |                 [01;31m[K^~~~~~~~~~~~~~~[m[K
[01m[K/home/kaibuchisoma/robocon_ws/src/robocon2023_b_dash/src/Upper_Controller.cpp:106:17:[m[K [01;31m[Kerror: [m[Kâ€˜[01m[Kstart_elevating[m[Kâ€™ was not declared in this scope
  106 |                 [01;31m[Kstart_elevating[m[K = clock();
      |                 [01;31m[K^~~~~~~~~~~~~~~[m[K
[01m[K/home/kaibuchisoma/robocon_ws/src/robocon2023_b_dash/src/Upper_Controller.cpp:[m[K In member function â€˜[01m[Kvoid Upper_Controller_Node::timer_callback()[m[Kâ€™:
[01m[K/home/kaibuchisoma/robocon_ws/src/robocon2023_b_dash/src/Upper_Controller.cpp:127:5:[m[K [01;31m[Kerror: [m[Kâ€˜[01m[Kend_elevating[m[Kâ€™ was not declared in this scope
  127 |     [01;31m[Kend_elevating[m[K = clock();
      |     [01;31m[K^~~~~~~~~~~~~[m[K
[01m[K/home/kaibuchisoma/robocon_ws/src/robocon2023_b_dash/src/Upper_Controller.cpp:128:34:[m[K [01;31m[Kerror: [m[Kâ€˜[01m[Kstart_elevating[m[Kâ€™ was not declared in this scope
  128 |     if ((double)(end_elevating - [01;31m[Kstart_elevating[m[K) / CLOCKS_PER_SEC > 0.4){ // æš´èµ°é˜²æ­¢ å¤§ä½“*10ã—ãŸå€¤
      |                                  [01;31m[K^~~~~~~~~~~~~~~[m[K
gmake[2]: *** [CMakeFiles/Upper_Controller.dir/build.make:76: CMakeFiles/Upper_Controller.dir/src/Upper_Controller.cpp.o] ã‚¨ãƒ©ãƒ¼ 1
gmake[1]: *** [CMakeFiles/Makefile2:267: CMakeFiles/Upper_Controller.dir/all] ã‚¨ãƒ©ãƒ¼ 2
gmake: *** [Makefile:146: all] ã‚¨ãƒ©ãƒ¼ 2
