[0.651s] Invoking command in '/home/kaibuchisoma/robocon_ws/build/robocon2023_b_dash': CMAKE_PREFIX_PATH=${CMAKE_PREFIX_PATH}:/home/kaibuchisoma/robocon_ws/install/fruit_detection:/opt/ros/humble /usr/bin/cmake --build /home/kaibuchisoma/robocon_ws/build/robocon2023_b_dash -- -j12 -l12
[0.753s] [  9%] Built target SerialKIMD
[0.808s] [ 18%] Built target receiver
[0.863s] [ 27%] Built target RopeMotion
[0.913s] [ 36%] Built target BeltLiner_Controller
[0.968s] [ 45%] Built target Solenoid_Controller
[1.022s] [ 54%] Built target Crawl_Controller
[1.072s] [ 63%] Built target WallUpMotion
[1.096s] [35m[1mConsolidate compiler generated dependencies of target Upper_Controller[0m
[1.142s] [ 68%] [32mBuilding CXX object CMakeFiles/Upper_Controller.dir/src/Upper_Controller.cpp.o[0m
[4.522s] In file included from [01m[K/home/kaibuchisoma/robocon_ws/src/robocon2023_b_dash/src/Upper_Controller.hpp:8[m[K,
[4.522s]                  from [01m[K/home/kaibuchisoma/robocon_ws/src/robocon2023_b_dash/src/Upper_Controller.cpp:2[m[K:
[4.523s] [01m[K/home/kaibuchisoma/robocon_ws/src/robocon2023_b_dash/src/RoboconMsg/ABU2023_GenericOutput_Header.h:14:16:[m[K [01;35m[Kwarning: [m[KISO C++ prohibits anonymous structs [[01;35m[K]8;;https://gcc.gnu.org/onlinedocs/gcc/Warning-Options.html#index-Wpedantic-Wpedantic]8;;[m[K]
[4.523s]    14 |         struct [01;35m[K{[m[K
[4.523s]       |                [01;35m[K^[m[K
[4.700s] [01m[K/home/kaibuchisoma/robocon_ws/src/robocon2023_b_dash/src/Upper_Controller.cpp:[m[K In member function â€˜[01m[Kvoid Upper_Controller_Node::timer_callback()[m[Kâ€™:
[4.700s] [01m[K/home/kaibuchisoma/robocon_ws/src/robocon2023_b_dash/src/Upper_Controller.cpp:158:43:[m[K [01;35m[Kwarning: [m[Ksuggest parentheses around comparison in operand of â€˜[01m[K&[m[Kâ€™ [[01;35m[K]8;;https://gcc.gnu.org/onlinedocs/gcc/Warning-Options.html#index-Wparentheses-Wparentheses]8;;[m[K]
[4.700s]   158 |     if ((this->button_state >> 0) & [01;35m[K0b001 == 1[m[K) // left
[4.700s]       |                                     [01;35m[K~~~~~~^~~~[m[K
[4.700s] [01m[K/home/kaibuchisoma/robocon_ws/src/robocon2023_b_dash/src/Upper_Controller.cpp:164:49:[m[K [01;35m[Kwarning: [m[Ksuggest parentheses around comparison in operand of â€˜[01m[K&[m[Kâ€™ [[01;35m[K]8;;https://gcc.gnu.org/onlinedocs/gcc/Warning-Options.html#index-Wparentheses-Wparentheses]8;;[m[K]
[4.700s]   164 |     else if ((this->button_state >> 1) & [01;35m[K0b0001 == 1[m[K) // right
[4.700s]       |                                          [01;35m[K~~~~~~~^~~~[m[K
[4.701s] [01m[K/home/kaibuchisoma/robocon_ws/src/robocon2023_b_dash/src/Upper_Controller.cpp:169:49:[m[K [01;35m[Kwarning: [m[Ksuggest parentheses around comparison in operand of â€˜[01m[K&[m[Kâ€™ [[01;35m[K]8;;https://gcc.gnu.org/onlinedocs/gcc/Warning-Options.html#index-Wparentheses-Wparentheses]8;;[m[K]
[4.701s]   169 |     else if ((this->button_state >> 2) & [01;35m[K0b0001 == 1[m[K) // up
[4.701s]       |                                          [01;35m[K~~~~~~~^~~~[m[K
[4.701s] [01m[K/home/kaibuchisoma/robocon_ws/src/robocon2023_b_dash/src/Upper_Controller.cpp:174:49:[m[K [01;35m[Kwarning: [m[Ksuggest parentheses around comparison in operand of â€˜[01m[K&[m[Kâ€™ [[01;35m[K]8;;https://gcc.gnu.org/onlinedocs/gcc/Warning-Options.html#index-Wparentheses-Wparentheses]8;;[m[K]
[4.701s]   174 |     else if ((this->button_state >> 3) & [01;35m[K0b0001 == 1[m[K) // down
[4.701s]       |                                          [01;35m[K~~~~~~~^~~~[m[K
[15.792s] gmake[2]: *** ãƒ•ã‚¡ã‚¤ãƒ« 'CMakeFiles/Upper_Controller.dir/src/Upper_Controller.cpp.o'ã€€ã‚’å‰Šé™¤ã—ã¾ã™
[15.802s] gmake[2]: *** [CMakeFiles/Upper_Controller.dir/build.make:76: CMakeFiles/Upper_Controller.dir/src/Upper_Controller.cpp.o] å‰²ã‚Šè¾¼ã¿
[15.802s] gmake[1]: *** [CMakeFiles/Makefile2:261: CMakeFiles/Upper_Controller.dir/all] å‰²ã‚Šè¾¼ã¿
[15.803s] gmake: *** [Makefile:146: all] å‰²ã‚Šè¾¼ã¿
[15.814s] Invoked command in '/home/kaibuchisoma/robocon_ws/build/robocon2023_b_dash' returned '-2': CMAKE_PREFIX_PATH=${CMAKE_PREFIX_PATH}:/home/kaibuchisoma/robocon_ws/install/fruit_detection:/opt/ros/humble /usr/bin/cmake --build /home/kaibuchisoma/robocon_ws/build/robocon2023_b_dash -- -j12 -l12
