[0.629s] Invoking command in '/home/kaibuchisoma/robocon_ws/build/robocon2023_b_dash': CMAKE_PREFIX_PATH=${CMAKE_PREFIX_PATH}:/home/kaibuchisoma/robocon_ws/install/fruit_detection:/opt/ros/humble /usr/bin/cmake /home/kaibuchisoma/robocon_ws/src/robocon2023_b_dash -DCMAKE_INSTALL_PREFIX=/home/kaibuchisoma/robocon_ws/install/robocon2023_b_dash
[0.721s] -- The C compiler identification is GNU 11.4.0
[0.805s] -- The CXX compiler identification is GNU 11.4.0
[0.814s] -- Detecting C compiler ABI info
[0.905s] -- Detecting C compiler ABI info - done
[0.915s] -- Check for working C compiler: /usr/bin/cc - skipped
[0.915s] -- Detecting C compile features
[0.916s] -- Detecting C compile features - done
[0.919s] -- Detecting CXX compiler ABI info
[1.017s] -- Detecting CXX compiler ABI info - done
[1.026s] -- Check for working CXX compiler: /usr/bin/c++ - skipped
[1.026s] -- Detecting CXX compile features
[1.027s] -- Detecting CXX compile features - done
[1.036s] -- Found ament_cmake: 1.3.5 (/opt/ros/humble/share/ament_cmake/cmake)
[1.242s] -- Found Python3: /usr/bin/python3.10 (found version "3.10.12") found components: Interpreter 
[1.365s] -- Found rclcpp: 16.0.6 (/opt/ros/humble/share/rclcpp/cmake)
[1.420s] -- Found rosidl_generator_c: 3.1.5 (/opt/ros/humble/share/rosidl_generator_c/cmake)
[1.427s] -- Found rosidl_adapter: 3.1.5 (/opt/ros/humble/share/rosidl_adapter/cmake)
[1.437s] -- Found rosidl_generator_cpp: 3.1.5 (/opt/ros/humble/share/rosidl_generator_cpp/cmake)
[1.454s] -- Using all available rosidl_typesupport_c: rosidl_typesupport_fastrtps_c;rosidl_typesupport_introspection_c
[1.476s] -- Using all available rosidl_typesupport_cpp: rosidl_typesupport_fastrtps_cpp;rosidl_typesupport_introspection_cpp
[1.553s] -- Found rmw_implementation_cmake: 6.1.1 (/opt/ros/humble/share/rmw_implementation_cmake/cmake)
[1.557s] -- Found rmw_fastrtps_cpp: 6.2.4 (/opt/ros/humble/share/rmw_fastrtps_cpp/cmake)
[1.692s] -- Found OpenSSL: /usr/lib/x86_64-linux-gnu/libcrypto.so (found version "3.0.2")  
[1.726s] -- Found FastRTPS: /opt/ros/humble/include  
[1.784s] -- Using RMW implementation 'rmw_fastrtps_cpp' as default
[1.802s] -- Looking for pthread.h
[1.884s] -- Looking for pthread.h - found
[1.884s] -- Performing Test CMAKE_HAVE_LIBC_PTHREAD
[1.985s] -- Performing Test CMAKE_HAVE_LIBC_PTHREAD - Success
[1.986s] -- Found Threads: TRUE  
[2.220s] -- Found sensor_msgs: 4.2.3 (/opt/ros/humble/share/sensor_msgs/cmake)
[2.483s] -- Found ament_lint_auto: 0.12.8 (/opt/ros/humble/share/ament_lint_auto/cmake)
[2.605s] -- Added test 'copyright' to check source files copyright and LICENSE
[2.644s] -- Added test 'cppcheck' to perform static code analysis on C / C++ code
[2.644s] -- Configured cppcheck include dirs: 
[2.645s] -- Configured cppcheck exclude dirs and/or files: 
[2.673s] -- Added test 'cpplint' to check C / C++ code against the Google style
[2.674s] -- Configured cpplint exclude dirs and/or files: 
[2.678s] -- Added test 'flake8' to check Python code syntax and style conventions
[2.685s] -- Added test 'lint_cmake' to check CMake code style
[2.688s] -- Added test 'pep257' to check Python code against some of the docstring style conventions in PEP 257
[2.718s] -- Added test 'uncrustify' to check C / C++ code style
[2.719s] -- Configured uncrustify additional arguments: 
[2.723s] -- Added test 'xmllint' to check XML markup files
[2.725s] -- Configuring done
[2.823s] -- Generating done
[2.824s] -- Build files have been written to: /home/kaibuchisoma/robocon_ws/build/robocon2023_b_dash
[2.859s] Invoked command in '/home/kaibuchisoma/robocon_ws/build/robocon2023_b_dash' returned '0': CMAKE_PREFIX_PATH=${CMAKE_PREFIX_PATH}:/home/kaibuchisoma/robocon_ws/install/fruit_detection:/opt/ros/humble /usr/bin/cmake /home/kaibuchisoma/robocon_ws/src/robocon2023_b_dash -DCMAKE_INSTALL_PREFIX=/home/kaibuchisoma/robocon_ws/install/robocon2023_b_dash
[2.860s] Invoking command in '/home/kaibuchisoma/robocon_ws/build/robocon2023_b_dash': CMAKE_PREFIX_PATH=${CMAKE_PREFIX_PATH}:/home/kaibuchisoma/robocon_ws/install/fruit_detection:/opt/ros/humble /usr/bin/cmake --build /home/kaibuchisoma/robocon_ws/build/robocon2023_b_dash -- -j12 -l12
[2.927s] [35m[1mConsolidate compiler generated dependencies of target SerialKIMD[0m
[2.928s] [35m[1mConsolidate compiler generated dependencies of target Xmove_Controller[0m
[2.928s] [35m[1mConsolidate compiler generated dependencies of target DriveMotion[0m
[2.930s] [35m[1mConsolidate compiler generated dependencies of target Drive_Controller[0m
[2.934s] [35m[1mConsolidate compiler generated dependencies of target WallUpMotion[0m
[2.948s] [35m[1mConsolidate compiler generated dependencies of target Upper_Controller[0m
[2.953s] [35m[1mConsolidate compiler generated dependencies of target BeltLiner_Controller[0m
[2.956s] [35m[1mConsolidate compiler generated dependencies of target Crawl_Controller[0m
[2.962s] [35m[1mConsolidate compiler generated dependencies of target MotionMaster[0m
[2.963s] [35m[1mConsolidate compiler generated dependencies of target Solenoid_Controller[0m
[2.963s] [35m[1mConsolidate compiler generated dependencies of target KiwiMotion[0m
[2.963s] [35m[1mConsolidate compiler generated dependencies of target RopeMotion[0m
[2.991s] [  3%] [32mBuilding CXX object CMakeFiles/Xmove_Controller.dir/src/Xmove_Controller.cpp.o[0m
[3.001s] [ 10%] Built target DriveMotion
[3.001s] [ 17%] Built target Drive_Controller
[3.001s] [ 21%] [32mBuilding CXX object CMakeFiles/Upper_Controller.dir/src/Upper_Controller.cpp.o[0m
[3.031s] [ 28%] Built target WallUpMotion
[3.032s] [ 35%] Built target Crawl_Controller
[3.032s] [ 42%] Built target KiwiMotion
[3.032s] [ 50%] Built target RopeMotion
[3.032s] [ 57%] Built target BeltLiner_Controller
[3.032s] [ 64%] Built target Solenoid_Controller
[3.034s] [ 71%] Built target SerialKIMD
[3.037s] [ 78%] Built target MotionMaster
[3.039s] [35m[1mConsolidate compiler generated dependencies of target Transmitter920[0m
[3.046s] [35m[1mConsolidate compiler generated dependencies of target Receiver920[0m
[3.074s] [ 85%] Built target Transmitter920
[3.084s] [ 92%] Built target Receiver920
[5.189s] In file included from [01m[K/home/kaibuchisoma/robocon_ws/src/robocon2023_b_dash/src/Upper_Controller.hpp:7[m[K,
[5.189s]                  from [01m[K/home/kaibuchisoma/robocon_ws/src/robocon2023_b_dash/src/Upper_Controller.cpp:2[m[K:
[5.189s] [01m[K/home/kaibuchisoma/robocon_ws/src/robocon2023_b_dash/src/RoboconMsg/ABU2023_GenericOutput_Header.h:14:16:[m[K [01;35m[Kwarning: [m[KISO C++ prohibits anonymous structs [[01;35m[K]8;;https://gcc.gnu.org/onlinedocs/gcc/Warning-Options.html#index-Wpedantic-Wpedantic]8;;[m[K]
[5.190s]    14 |         struct [01;35m[K{[m[K
[5.190s]       |                [01;35m[K^[m[K
[5.208s] In file included from [01m[K/home/kaibuchisoma/robocon_ws/src/robocon2023_b_dash/src/Xmove_Controller.hpp:8[m[K,
[5.208s]                  from [01m[K/home/kaibuchisoma/robocon_ws/src/robocon2023_b_dash/src/Xmove_Controller.cpp:2[m[K:
[5.208s] [01m[K/home/kaibuchisoma/robocon_ws/src/robocon2023_b_dash/src/RoboconMsg/ABU2023_GenericOutput_Header.h:14:16:[m[K [01;35m[Kwarning: [m[KISO C++ prohibits anonymous structs [[01;35m[K]8;;https://gcc.gnu.org/onlinedocs/gcc/Warning-Options.html#index-Wpedantic-Wpedantic]8;;[m[K]
[5.208s]    14 |         struct [01;35m[K{[m[K
[5.208s]       |                [01;35m[K^[m[K
[5.242s] [01m[K/home/kaibuchisoma/robocon_ws/src/robocon2023_b_dash/src/Upper_Controller.cpp:70:76:[m[K [01;31m[Kerror: [m[K‚Äò[01m[KInt16MultiArray[m[K‚Äô in namespace ‚Äò[01m[Kstd_msgs::msg[m[K‚Äô does not name a type; did you mean ‚Äò[01m[KByteMultiArray[m[K‚Äô?
[5.242s]    70 | void Upper_Controller_Node::ImageRecognition_Callback(const std_msgs::msg::[01;31m[KInt16MultiArray[m[K::SharedPtr recognition_msg)
[5.242s]       |                                                                            [01;31m[K^~~~~~~~~~~~~~~[m[K
[5.242s]       |                                                                            [32m[KByteMultiArray[m[K
[5.242s] [01m[K/home/kaibuchisoma/robocon_ws/src/robocon2023_b_dash/src/Upper_Controller.cpp:70:103:[m[K [01;31m[Kerror: [m[Kexpected unqualified-id before ‚Äò[01m[Krecognition_msg[m[K‚Äô
[5.242s]    70 | void Upper_Controller_Node::ImageRecognition_Callback(const std_msgs::msg::Int16MultiArray::SharedPtr [01;31m[Krecognition_msg[m[K)
[5.242s]       |                                                                                                       [01;31m[K^~~~~~~~~~~~~~~[m[K
[5.242s] [01m[K/home/kaibuchisoma/robocon_ws/src/robocon2023_b_dash/src/Upper_Controller.cpp:70:102:[m[K [01;31m[Kerror: [m[Kexpected ‚Äò[01m[K)[m[K‚Äô before ‚Äò[01m[Krecognition_msg[m[K‚Äô
[5.242s]    70 | void Upper_Controller_Node::ImageRecognition_Callback[34m[K([m[Kconst std_msgs::msg::Int16MultiArray::SharedPtr[01;31m[K [m[K[32m[Krecognition_msg[m[K)
[5.242s]       |                                                      [34m[K~[m[K                                               [01;31m[K^[m[K[32m[K~~~~~~~~~~~~~~~[m[K
[5.242s]       |                                                                                                      [32m[K)[m[K
[5.243s] [01m[K/home/kaibuchisoma/robocon_ws/src/robocon2023_b_dash/src/Upper_Controller.cpp:70:103:[m[K [01;31m[Kerror: [m[Kexpected initializer before ‚Äò[01m[Krecognition_msg[m[K‚Äô
[5.243s]    70 | void Upper_Controller_Node::ImageRecognition_Callback(const std_msgs::msg::Int16MultiArray::SharedPtr [01;31m[Krecognition_msg[m[K)
[5.243s]       |                                                                                                       [01;31m[K^~~~~~~~~~~~~~~[m[K
[5.249s] [01m[K/home/kaibuchisoma/robocon_ws/src/robocon2023_b_dash/src/Upper_Controller.cpp:[m[K In member function ‚Äò[01m[Kvoid Upper_Controller_Node::timer_callback()[m[K‚Äô:
[5.249s] [01m[K/home/kaibuchisoma/robocon_ws/src/robocon2023_b_dash/src/Upper_Controller.cpp:113:5:[m[K [01;31m[Kerror: [m[K‚Äò[01m[Kend_elevating[m[K‚Äô was not declared in this scope
[5.249s]   113 |     [01;31m[Kend_elevating[m[K = clock();
[5.249s]       |     [01;31m[K^~~~~~~~~~~~~[m[K
[5.255s] [01m[K/home/kaibuchisoma/robocon_ws/src/robocon2023_b_dash/src/Upper_Controller.cpp:114:34:[m[K [01;31m[Kerror: [m[K‚Äò[01m[Kstart_elevating[m[K‚Äô was not declared in this scope
[5.255s]   114 |     if ((double)(end_elevating - [01;31m[Kstart_elevating[m[K) / CLOCKS_PER_SEC > 0.4){ // Êö¥Ëµ∞Èò≤Ê≠¢ Â§ß‰Ωì*10„Åó„ÅüÂÄ§
[5.255s]       |                                  [01;31m[K^~~~~~~~~~~~~~~[m[K
[5.296s] [01m[K/home/kaibuchisoma/robocon_ws/src/robocon2023_b_dash/src/Xmove_Controller.cpp:[m[K In member function ‚Äò[01m[Kvoid Xmove_Controller_Node::Joy_Callback(sensor_msgs::msg::Joy_<std::allocator<void> >::SharedPtr)[m[K‚Äô:
[5.296s] [01m[K/home/kaibuchisoma/robocon_ws/src/robocon2023_b_dash/src/Xmove_Controller.cpp:33:15:[m[K [01;31m[Kerror: [m[K‚Äò[01m[Kclass Xmove_Controller_Node[m[K‚Äô has no member named ‚Äò[01m[Kbutton_state[m[K‚Äô
[5.296s]    33 |         this->[01;31m[Kbutton_state[m[K |= 0b0001 << 5;
[5.296s]       |               [01;31m[K^~~~~~~~~~~~[m[K
[5.296s] [01m[K/home/kaibuchisoma/robocon_ws/src/robocon2023_b_dash/src/Xmove_Controller.cpp:35:15:[m[K [01;31m[Kerror: [m[K‚Äò[01m[Kclass Xmove_Controller_Node[m[K‚Äô has no member named ‚Äò[01m[Kbutton_state[m[K‚Äô
[5.296s]    35 |         this->[01;31m[Kbutton_state[m[K &= ~(0b0001 << 5);
[5.296s]       |               [01;31m[K^~~~~~~~~~~~[m[K
[5.297s] [01m[K/home/kaibuchisoma/robocon_ws/src/robocon2023_b_dash/src/Xmove_Controller.cpp:[m[K In member function ‚Äò[01m[Kvoid Xmove_Controller_Node::ImageRecognition_Callback(std_msgs::msg::Int16MultiArray_<std::allocator<void> >::SharedPtr)[m[K‚Äô:
[5.297s] [01m[K/home/kaibuchisoma/robocon_ws/src/robocon2023_b_dash/src/Xmove_Controller.cpp:45:15:[m[K [01;31m[Kerror: [m[K‚Äò[01m[Kclass Xmove_Controller_Node[m[K‚Äô has no member named ‚Äò[01m[Kbutton_state[m[K‚Äô
[5.297s]    45 |     if (this->[01;31m[Kbutton_state[m[K >> 5 != 1)
[5.297s]       |               [01;31m[K^~~~~~~~~~~~[m[K
[7.587s] gmake[2]: *** [CMakeFiles/Upper_Controller.dir/build.make:76: CMakeFiles/Upper_Controller.dir/src/Upper_Controller.cpp.o] „Ç®„É©„Éº 1
[7.587s] gmake[1]: *** [CMakeFiles/Makefile2:267: CMakeFiles/Upper_Controller.dir/all] „Ç®„É©„Éº 2
[7.588s] gmake[1]: *** Êú™ÂÆå‰∫Ü„ÅÆ„Ç∏„Éß„Éñ„ÇíÂæÖ„Å£„Å¶„ÅÑ„Åæ„Åô....
[8.342s] gmake[2]: *** [CMakeFiles/Xmove_Controller.dir/build.make:76: CMakeFiles/Xmove_Controller.dir/src/Xmove_Controller.cpp.o] „Ç®„É©„Éº 1
[8.342s] gmake[1]: *** [CMakeFiles/Makefile2:189: CMakeFiles/Xmove_Controller.dir/all] „Ç®„É©„Éº 2
[8.342s] gmake: *** [Makefile:146: all] „Ç®„É©„Éº 2
[8.346s] Invoked command in '/home/kaibuchisoma/robocon_ws/build/robocon2023_b_dash' returned '2': CMAKE_PREFIX_PATH=${CMAKE_PREFIX_PATH}:/home/kaibuchisoma/robocon_ws/install/fruit_detection:/opt/ros/humble /usr/bin/cmake --build /home/kaibuchisoma/robocon_ws/build/robocon2023_b_dash -- -j12 -l12
